
*** Running vivado
    with args -log fmchc_python1300c_v_osd_0_0.vds -m64 -product Vivado -mode batch -messageDb vivado.pb -notrace -source fmchc_python1300c_v_osd_0_0.tcl


****** Vivado v2016.4 (64-bit)
  **** SW Build 1756540 on Mon Jan 23 19:11:23 MST 2017
  **** IP Build 1755317 on Mon Jan 23 20:30:07 MST 2017
    ** Copyright 1986-2016 Xilinx, Inc. All Rights Reserved.

source fmchc_python1300c_v_osd_0_0.tcl -notrace
Starting RTL Elaboration : Time (s): cpu = 00:00:12 ; elapsed = 00:00:30 . Memory (MB): peak = 351.000 ; gain = 140.246
INFO: [Synth 8-638] synthesizing module 'fmchc_python1300c_v_osd_0_0' [c:/Avnet/hdl/Projects/fmchc_python1300c/PZ7030_FMC2/fmchc_python1300c.srcs/sources_1/bd/fmchc_python1300c/ip/fmchc_python1300c_v_osd_0_0/synth/fmchc_python1300c_v_osd_0_0.vhd:103]
INFO: [Synth 8-638] synthesizing module 'axi_lite_ipif' [c:/Avnet/hdl/Projects/fmchc_python1300c/PZ7030_FMC2/fmchc_python1300c.srcs/sources_1/bd/fmchc_python1300c/ipshared/0ba0/hdl/axi_lite_ipif_v3_0_vh_rfs.vhd:2948]
INFO: [Synth 8-638] synthesizing module 'slave_attachment' [c:/Avnet/hdl/Projects/fmchc_python1300c/PZ7030_FMC2/fmchc_python1300c.srcs/sources_1/bd/fmchc_python1300c/ipshared/0ba0/hdl/axi_lite_ipif_v3_0_vh_rfs.vhd:2341]
INFO: [Synth 8-638] synthesizing module 'address_decoder' [c:/Avnet/hdl/Projects/fmchc_python1300c/PZ7030_FMC2/fmchc_python1300c.srcs/sources_1/bd/fmchc_python1300c/ipshared/0ba0/hdl/axi_lite_ipif_v3_0_vh_rfs.vhd:1775]
INFO: [Synth 8-638] synthesizing module 'pselect_f' [c:/Avnet/hdl/Projects/fmchc_python1300c/PZ7030_FMC2/fmchc_python1300c.srcs/sources_1/bd/fmchc_python1300c/ipshared/0ba0/hdl/axi_lite_ipif_v3_0_vh_rfs.vhd:1534]
INFO: [Synth 8-256] done synthesizing module 'pselect_f' (1#1) [c:/Avnet/hdl/Projects/fmchc_python1300c/PZ7030_FMC2/fmchc_python1300c.srcs/sources_1/bd/fmchc_python1300c/ipshared/0ba0/hdl/axi_lite_ipif_v3_0_vh_rfs.vhd:1534]
INFO: [Synth 8-638] synthesizing module 'pselect_f__parameterized0' [c:/Avnet/hdl/Projects/fmchc_python1300c/PZ7030_FMC2/fmchc_python1300c.srcs/sources_1/bd/fmchc_python1300c/ipshared/0ba0/hdl/axi_lite_ipif_v3_0_vh_rfs.vhd:1534]
INFO: [Synth 8-256] done synthesizing module 'pselect_f__parameterized0' (1#1) [c:/Avnet/hdl/Projects/fmchc_python1300c/PZ7030_FMC2/fmchc_python1300c.srcs/sources_1/bd/fmchc_python1300c/ipshared/0ba0/hdl/axi_lite_ipif_v3_0_vh_rfs.vhd:1534]
INFO: [Synth 8-256] done synthesizing module 'address_decoder' (2#1) [c:/Avnet/hdl/Projects/fmchc_python1300c/PZ7030_FMC2/fmchc_python1300c.srcs/sources_1/bd/fmchc_python1300c/ipshared/0ba0/hdl/axi_lite_ipif_v3_0_vh_rfs.vhd:1775]
INFO: [Synth 8-256] done synthesizing module 'slave_attachment' (3#1) [c:/Avnet/hdl/Projects/fmchc_python1300c/PZ7030_FMC2/fmchc_python1300c.srcs/sources_1/bd/fmchc_python1300c/ipshared/0ba0/hdl/axi_lite_ipif_v3_0_vh_rfs.vhd:2341]
INFO: [Synth 8-256] done synthesizing module 'axi_lite_ipif' (4#1) [c:/Avnet/hdl/Projects/fmchc_python1300c/PZ7030_FMC2/fmchc_python1300c.srcs/sources_1/bd/fmchc_python1300c/ipshared/0ba0/hdl/axi_lite_ipif_v3_0_vh_rfs.vhd:2948]
INFO: [Synth 8-256] done synthesizing module 'fmchc_python1300c_v_osd_0_0' (22#1) [c:/Avnet/hdl/Projects/fmchc_python1300c/PZ7030_FMC2/fmchc_python1300c.srcs/sources_1/bd/fmchc_python1300c/ip/fmchc_python1300c_v_osd_0_0/synth/fmchc_python1300c_v_osd_0_0.vhd:103]
Finished RTL Elaboration : Time (s): cpu = 00:00:19 ; elapsed = 00:00:37 . Memory (MB): peak = 419.512 ; gain = 208.758
Finished RTL Optimization Phase 1 : Time (s): cpu = 00:00:19 ; elapsed = 00:00:37 . Memory (MB): peak = 419.512 ; gain = 208.758
INFO: [Device 21-403] Loading part xc7z030sbg485-1
Constraint Validation Runtime : Time (s): cpu = 00:00:01 ; elapsed = 00:00:00.958 . Memory (MB): peak = 753.688 ; gain = 1.055
Finished Constraint Validation : Time (s): cpu = 00:00:37 ; elapsed = 00:01:24 . Memory (MB): peak = 753.688 ; gain = 542.934
Finished Loading Part and Timing Information : Time (s): cpu = 00:00:37 ; elapsed = 00:01:24 . Memory (MB): peak = 753.688 ; gain = 542.934
Finished applying 'set_property' XDC Constraints : Time (s): cpu = 00:00:37 ; elapsed = 00:01:24 . Memory (MB): peak = 753.688 ; gain = 542.934
Finished RTL Optimization Phase 2 : Time (s): cpu = 00:00:40 ; elapsed = 00:01:27 . Memory (MB): peak = 753.688 ; gain = 542.934
Finished Cross Boundary and Area Optimization : Time (s): cpu = 00:00:52 ; elapsed = 00:01:40 . Memory (MB): peak = 753.688 ; gain = 542.934
Finished Applying XDC Timing Constraints : Time (s): cpu = 00:01:10 ; elapsed = 00:02:05 . Memory (MB): peak = 753.688 ; gain = 542.934
Finished Timing Optimization : Time (s): cpu = 00:01:11 ; elapsed = 00:02:06 . Memory (MB): peak = 755.996 ; gain = 545.242
Finished Technology Mapping : Time (s): cpu = 00:01:13 ; elapsed = 00:02:08 . Memory (MB): peak = 781.129 ; gain = 570.375
Finished IO Insertion : Time (s): cpu = 00:01:14 ; elapsed = 00:02:09 . Memory (MB): peak = 781.129 ; gain = 570.375
Finished Renaming Generated Instances : Time (s): cpu = 00:01:14 ; elapsed = 00:02:09 . Memory (MB): peak = 781.129 ; gain = 570.375
Finished Rebuilding User Hierarchy : Time (s): cpu = 00:01:14 ; elapsed = 00:02:10 . Memory (MB): peak = 781.129 ; gain = 570.375
Finished Renaming Generated Ports : Time (s): cpu = 00:01:15 ; elapsed = 00:02:10 . Memory (MB): peak = 781.129 ; gain = 570.375
Finished Handling Custom Attributes : Time (s): cpu = 00:01:15 ; elapsed = 00:02:10 . Memory (MB): peak = 781.129 ; gain = 570.375
Finished Renaming Generated Nets : Time (s): cpu = 00:01:15 ; elapsed = 00:02:10 . Memory (MB): peak = 781.129 ; gain = 570.375

Report Cell Usage: 
+------+--------+------+
|      |Cell    |Count |
+------+--------+------+
|1     |CARRY4  |    78|
|2     |DSP48E1 |     4|
|3     |LUT1    |   156|
|4     |LUT2    |   176|
|5     |LUT3    |   711|
|6     |LUT4    |   100|
|7     |LUT5    |   107|
|8     |LUT6    |   636|
|9     |MUXF7   |    69|
|10    |RAM32M  |     9|
|11    |SRL16E  |    18|
|12    |SRLC32E |     3|
|13    |FDRE    |  2743|
|14    |FDSE    |   125|
+------+--------+------+
Finished Writing Synthesis Report : Time (s): cpu = 00:01:15 ; elapsed = 00:02:10 . Memory (MB): peak = 781.129 ; gain = 570.375
get_clocks: Time (s): cpu = 00:00:03 ; elapsed = 00:00:20 . Memory (MB): peak = 1150.617 ; gain = 369.488
synth_design: Time (s): cpu = 00:01:15 ; elapsed = 00:02:15 . Memory (MB): peak = 1150.680 ; gain = 873.230
