
*** Running vivado
    with args -log fmchc_python1300c_xlconstant_0_0.vds -m64 -product Vivado -mode batch -messageDb vivado.pb -notrace -source fmchc_python1300c_xlconstant_0_0.tcl


****** Vivado v2016.4 (64-bit)
  **** SW Build 1756540 on Mon Jan 23 19:11:23 MST 2017
  **** IP Build 1755317 on Mon Jan 23 20:30:07 MST 2017
    ** Copyright 1986-2016 Xilinx, Inc. All Rights Reserved.

source fmchc_python1300c_xlconstant_0_0.tcl -notrace
Starting RTL Elaboration : Time (s): cpu = 00:00:12 ; elapsed = 00:00:14 . Memory (MB): peak = 350.219 ; gain = 139.586
INFO: [Synth 8-638] synthesizing module 'fmchc_python1300c_xlconstant_0_0' [c:/Avnet/hdl/Projects/fmchc_python1300c/PZ7030_FMC2/fmchc_python1300c.srcs/sources_1/bd/fmchc_python1300c/ip/fmchc_python1300c_xlconstant_0_0/sim/fmchc_python1300c_xlconstant_0_0.vhd:35]
INFO: [Synth 8-638] synthesizing module 'xlconstant' [c:/Avnet/hdl/Projects/fmchc_python1300c/PZ7030_FMC2/fmchc_python1300c.srcs/sources_1/bd/fmchc_python1300c/ipshared/e147/xlconstant.vhd:36]
INFO: [Synth 8-256] done synthesizing module 'xlconstant' (1#1) [c:/Avnet/hdl/Projects/fmchc_python1300c/PZ7030_FMC2/fmchc_python1300c.srcs/sources_1/bd/fmchc_python1300c/ipshared/e147/xlconstant.vhd:36]
INFO: [Synth 8-256] done synthesizing module 'fmchc_python1300c_xlconstant_0_0' (2#1) [c:/Avnet/hdl/Projects/fmchc_python1300c/PZ7030_FMC2/fmchc_python1300c.srcs/sources_1/bd/fmchc_python1300c/ip/fmchc_python1300c_xlconstant_0_0/sim/fmchc_python1300c_xlconstant_0_0.vhd:35]
Finished RTL Elaboration : Time (s): cpu = 00:00:13 ; elapsed = 00:00:16 . Memory (MB): peak = 388.156 ; gain = 177.523
Finished RTL Optimization Phase 1 : Time (s): cpu = 00:00:13 ; elapsed = 00:00:16 . Memory (MB): peak = 388.156 ; gain = 177.523
INFO: [Device 21-403] Loading part xc7z030sbg485-1
Constraint Validation Runtime : Time (s): cpu = 00:00:00 ; elapsed = 00:00:00.010 . Memory (MB): peak = 615.148 ; gain = 0.695
Finished Constraint Validation : Time (s): cpu = 00:00:24 ; elapsed = 00:00:29 . Memory (MB): peak = 615.148 ; gain = 404.516
Finished Loading Part and Timing Information : Time (s): cpu = 00:00:24 ; elapsed = 00:00:29 . Memory (MB): peak = 615.148 ; gain = 404.516
Finished applying 'set_property' XDC Constraints : Time (s): cpu = 00:00:24 ; elapsed = 00:00:29 . Memory (MB): peak = 615.148 ; gain = 404.516
Finished RTL Optimization Phase 2 : Time (s): cpu = 00:00:24 ; elapsed = 00:00:29 . Memory (MB): peak = 615.148 ; gain = 404.516
Finished Cross Boundary and Area Optimization : Time (s): cpu = 00:00:24 ; elapsed = 00:00:29 . Memory (MB): peak = 615.148 ; gain = 404.516
Finished Applying XDC Timing Constraints : Time (s): cpu = 00:00:37 ; elapsed = 00:00:42 . Memory (MB): peak = 652.426 ; gain = 441.793
Finished Timing Optimization : Time (s): cpu = 00:00:37 ; elapsed = 00:00:42 . Memory (MB): peak = 652.426 ; gain = 441.793
Finished Technology Mapping : Time (s): cpu = 00:00:37 ; elapsed = 00:00:42 . Memory (MB): peak = 663.121 ; gain = 452.488
Finished IO Insertion : Time (s): cpu = 00:00:37 ; elapsed = 00:00:43 . Memory (MB): peak = 663.121 ; gain = 452.488
Finished Renaming Generated Instances : Time (s): cpu = 00:00:37 ; elapsed = 00:00:43 . Memory (MB): peak = 663.121 ; gain = 452.488
Finished Rebuilding User Hierarchy : Time (s): cpu = 00:00:37 ; elapsed = 00:00:43 . Memory (MB): peak = 663.121 ; gain = 452.488
Finished Renaming Generated Ports : Time (s): cpu = 00:00:37 ; elapsed = 00:00:43 . Memory (MB): peak = 663.121 ; gain = 452.488
Finished Handling Custom Attributes : Time (s): cpu = 00:00:37 ; elapsed = 00:00:43 . Memory (MB): peak = 663.121 ; gain = 452.488
Finished Renaming Generated Nets : Time (s): cpu = 00:00:37 ; elapsed = 00:00:43 . Memory (MB): peak = 663.121 ; gain = 452.488

Report Cell Usage: 
+-+-----+------+
| |Cell |Count |
+-+-----+------+
+-+-----+------+
Finished Writing Synthesis Report : Time (s): cpu = 00:00:37 ; elapsed = 00:00:43 . Memory (MB): peak = 663.121 ; gain = 452.488
synth_design: Time (s): cpu = 00:00:32 ; elapsed = 00:00:35 . Memory (MB): peak = 688.004 ; gain = 417.230
