
*** Running vivado
    with args -log fmchc_python1300c_v_cfa_0_0.vds -m64 -product Vivado -mode batch -messageDb vivado.pb -notrace -source fmchc_python1300c_v_cfa_0_0.tcl


****** Vivado v2016.4 (64-bit)
  **** SW Build 1756540 on Mon Jan 23 19:11:23 MST 2017
  **** IP Build 1755317 on Mon Jan 23 20:30:07 MST 2017
    ** Copyright 1986-2016 Xilinx, Inc. All Rights Reserved.

ERROR: [Common 17-354] Could not open 'C' for writing.
ERROR: [Common 17-356] Failed to install all user apps.
source fmchc_python1300c_v_cfa_0_0.tcl -notrace
Starting RTL Elaboration : Time (s): cpu = 00:00:13 ; elapsed = 00:00:32 . Memory (MB): peak = 353.477 ; gain = 142.906
INFO: [Synth 8-638] synthesizing module 'fmchc_python1300c_v_cfa_0_0' [c:/Avnet/hdl/Projects/fmchc_python1300c/PZ7030_FMC2/fmchc_python1300c.srcs/sources_1/bd/fmchc_python1300c/ip/fmchc_python1300c_v_cfa_0_0/synth/fmchc_python1300c_v_cfa_0_0.vhd:98]
INFO: [Synth 8-638] synthesizing module 'axi_lite_ipif' [c:/Avnet/hdl/Projects/fmchc_python1300c/PZ7030_FMC2/fmchc_python1300c.srcs/sources_1/bd/fmchc_python1300c/ipshared/0ba0/hdl/axi_lite_ipif_v3_0_vh_rfs.vhd:2948]
INFO: [Synth 8-638] synthesizing module 'slave_attachment' [c:/Avnet/hdl/Projects/fmchc_python1300c/PZ7030_FMC2/fmchc_python1300c.srcs/sources_1/bd/fmchc_python1300c/ipshared/0ba0/hdl/axi_lite_ipif_v3_0_vh_rfs.vhd:2341]
INFO: [Synth 8-638] synthesizing module 'address_decoder' [c:/Avnet/hdl/Projects/fmchc_python1300c/PZ7030_FMC2/fmchc_python1300c.srcs/sources_1/bd/fmchc_python1300c/ipshared/0ba0/hdl/axi_lite_ipif_v3_0_vh_rfs.vhd:1775]
INFO: [Synth 8-638] synthesizing module 'pselect_f' [c:/Avnet/hdl/Projects/fmchc_python1300c/PZ7030_FMC2/fmchc_python1300c.srcs/sources_1/bd/fmchc_python1300c/ipshared/0ba0/hdl/axi_lite_ipif_v3_0_vh_rfs.vhd:1534]
INFO: [Synth 8-256] done synthesizing module 'pselect_f' (1#1) [c:/Avnet/hdl/Projects/fmchc_python1300c/PZ7030_FMC2/fmchc_python1300c.srcs/sources_1/bd/fmchc_python1300c/ipshared/0ba0/hdl/axi_lite_ipif_v3_0_vh_rfs.vhd:1534]
INFO: [Synth 8-638] synthesizing module 'pselect_f__parameterized0' [c:/Avnet/hdl/Projects/fmchc_python1300c/PZ7030_FMC2/fmchc_python1300c.srcs/sources_1/bd/fmchc_python1300c/ipshared/0ba0/hdl/axi_lite_ipif_v3_0_vh_rfs.vhd:1534]
INFO: [Synth 8-256] done synthesizing module 'pselect_f__parameterized0' (1#1) [c:/Avnet/hdl/Projects/fmchc_python1300c/PZ7030_FMC2/fmchc_python1300c.srcs/sources_1/bd/fmchc_python1300c/ipshared/0ba0/hdl/axi_lite_ipif_v3_0_vh_rfs.vhd:1534]
INFO: [Synth 8-256] done synthesizing module 'address_decoder' (2#1) [c:/Avnet/hdl/Projects/fmchc_python1300c/PZ7030_FMC2/fmchc_python1300c.srcs/sources_1/bd/fmchc_python1300c/ipshared/0ba0/hdl/axi_lite_ipif_v3_0_vh_rfs.vhd:1775]
INFO: [Synth 8-256] done synthesizing module 'slave_attachment' (3#1) [c:/Avnet/hdl/Projects/fmchc_python1300c/PZ7030_FMC2/fmchc_python1300c.srcs/sources_1/bd/fmchc_python1300c/ipshared/0ba0/hdl/axi_lite_ipif_v3_0_vh_rfs.vhd:2341]
INFO: [Synth 8-256] done synthesizing module 'axi_lite_ipif' (4#1) [c:/Avnet/hdl/Projects/fmchc_python1300c/PZ7030_FMC2/fmchc_python1300c.srcs/sources_1/bd/fmchc_python1300c/ipshared/0ba0/hdl/axi_lite_ipif_v3_0_vh_rfs.vhd:2948]
INFO: [Synth 8-256] done synthesizing module 'fmchc_python1300c_v_cfa_0_0' (37#1) [c:/Avnet/hdl/Projects/fmchc_python1300c/PZ7030_FMC2/fmchc_python1300c.srcs/sources_1/bd/fmchc_python1300c/ip/fmchc_python1300c_v_cfa_0_0/synth/fmchc_python1300c_v_cfa_0_0.vhd:98]
Finished RTL Elaboration : Time (s): cpu = 00:00:20 ; elapsed = 00:00:40 . Memory (MB): peak = 439.301 ; gain = 228.730
Finished RTL Optimization Phase 1 : Time (s): cpu = 00:00:21 ; elapsed = 00:00:41 . Memory (MB): peak = 439.301 ; gain = 228.730
INFO: [Device 21-403] Loading part xc7z030sbg485-1
Constraint Validation Runtime : Time (s): cpu = 00:00:01 ; elapsed = 00:00:01 . Memory (MB): peak = 778.699 ; gain = 0.000
Finished Constraint Validation : Time (s): cpu = 00:00:40 ; elapsed = 00:01:25 . Memory (MB): peak = 778.699 ; gain = 568.129
Finished Loading Part and Timing Information : Time (s): cpu = 00:00:40 ; elapsed = 00:01:25 . Memory (MB): peak = 778.699 ; gain = 568.129
Finished applying 'set_property' XDC Constraints : Time (s): cpu = 00:00:40 ; elapsed = 00:01:25 . Memory (MB): peak = 778.699 ; gain = 568.129
Finished RTL Optimization Phase 2 : Time (s): cpu = 00:00:46 ; elapsed = 00:01:32 . Memory (MB): peak = 778.699 ; gain = 568.129
Finished Cross Boundary and Area Optimization : Time (s): cpu = 00:01:05 ; elapsed = 00:01:53 . Memory (MB): peak = 778.699 ; gain = 568.129
Finished Applying XDC Timing Constraints : Time (s): cpu = 00:01:21 ; elapsed = 00:02:12 . Memory (MB): peak = 789.555 ; gain = 578.984
Finished Timing Optimization : Time (s): cpu = 00:01:24 ; elapsed = 00:02:15 . Memory (MB): peak = 812.137 ; gain = 601.566
Finished Technology Mapping : Time (s): cpu = 00:01:30 ; elapsed = 00:02:22 . Memory (MB): peak = 849.629 ; gain = 639.059
Finished IO Insertion : Time (s): cpu = 00:01:31 ; elapsed = 00:02:23 . Memory (MB): peak = 849.629 ; gain = 639.059
Finished Renaming Generated Instances : Time (s): cpu = 00:01:31 ; elapsed = 00:02:23 . Memory (MB): peak = 849.629 ; gain = 639.059
Finished Rebuilding User Hierarchy : Time (s): cpu = 00:01:32 ; elapsed = 00:02:24 . Memory (MB): peak = 849.629 ; gain = 639.059
Finished Renaming Generated Ports : Time (s): cpu = 00:01:32 ; elapsed = 00:02:24 . Memory (MB): peak = 849.629 ; gain = 639.059
Finished Handling Custom Attributes : Time (s): cpu = 00:01:33 ; elapsed = 00:02:24 . Memory (MB): peak = 849.629 ; gain = 639.059
Finished Renaming Generated Nets : Time (s): cpu = 00:01:33 ; elapsed = 00:02:24 . Memory (MB): peak = 849.629 ; gain = 639.059

Report Cell Usage: 
+------+-----------+------+
|      |Cell       |Count |
+------+-----------+------+
|1     |CARRY4     |   459|
|2     |DSP48E1    |     5|
|3     |DSP48E1_1  |     3|
|4     |LUT1       |   321|
|5     |LUT2       |  1061|
|6     |LUT3       |   431|
|7     |LUT4       |   573|
|8     |LUT5       |   357|
|9     |LUT6       |   646|
|10    |MUXF7      |    16|
|11    |RAM32M     |     7|
|12    |RAM64X1S   |     1|
|13    |RAMB18E1   |     2|
|14    |RAMB18E1_1 |     2|
|15    |RAMB36E1   |     4|
|16    |RAMB36E1_1 |     1|
|17    |SRL16E     |   346|
|18    |SRLC32E    |    60|
|19    |XORCY      |     1|
|20    |FDRE       |  4563|
|21    |FDSE       |    40|
+------+-----------+------+
Finished Writing Synthesis Report : Time (s): cpu = 00:01:33 ; elapsed = 00:02:24 . Memory (MB): peak = 849.629 ; gain = 639.059
synth_design: Time (s): cpu = 00:01:34 ; elapsed = 00:02:14 . Memory (MB): peak = 1220.598 ; gain = 945.230
