
*** Running vivado
    with args -log fmchc_python1300c_xlconstant_1_0.vds -m64 -product Vivado -mode batch -messageDb vivado.pb -notrace -source fmchc_python1300c_xlconstant_1_0.tcl


****** Vivado v2016.4 (64-bit)
  **** SW Build 1756540 on Mon Jan 23 19:11:23 MST 2017
  **** IP Build 1755317 on Mon Jan 23 20:30:07 MST 2017
    ** Copyright 1986-2016 Xilinx, Inc. All Rights Reserved.

source fmchc_python1300c_xlconstant_1_0.tcl -notrace
Starting RTL Elaboration : Time (s): cpu = 00:00:12 ; elapsed = 00:00:15 . Memory (MB): peak = 348.953 ; gain = 138.313
INFO: [Synth 8-638] synthesizing module 'fmchc_python1300c_xlconstant_1_0' [c:/Avnet/hdl/Projects/fmchc_python1300c/PZ7030_FMC2/fmchc_python1300c.srcs/sources_1/bd/fmchc_python1300c/ip/fmchc_python1300c_xlconstant_1_0/sim/fmchc_python1300c_xlconstant_1_0.vhd:35]
INFO: [Synth 8-638] synthesizing module 'xlconstant' [c:/Avnet/hdl/Projects/fmchc_python1300c/PZ7030_FMC2/fmchc_python1300c.srcs/sources_1/bd/fmchc_python1300c/ipshared/e147/xlconstant.vhd:36]
INFO: [Synth 8-256] done synthesizing module 'xlconstant' (1#1) [c:/Avnet/hdl/Projects/fmchc_python1300c/PZ7030_FMC2/fmchc_python1300c.srcs/sources_1/bd/fmchc_python1300c/ipshared/e147/xlconstant.vhd:36]
INFO: [Synth 8-256] done synthesizing module 'fmchc_python1300c_xlconstant_1_0' (2#1) [c:/Avnet/hdl/Projects/fmchc_python1300c/PZ7030_FMC2/fmchc_python1300c.srcs/sources_1/bd/fmchc_python1300c/ip/fmchc_python1300c_xlconstant_1_0/sim/fmchc_python1300c_xlconstant_1_0.vhd:35]
Finished RTL Elaboration : Time (s): cpu = 00:00:13 ; elapsed = 00:00:16 . Memory (MB): peak = 387.141 ; gain = 176.500
Finished RTL Optimization Phase 1 : Time (s): cpu = 00:00:13 ; elapsed = 00:00:17 . Memory (MB): peak = 387.141 ; gain = 176.500
INFO: [Device 21-403] Loading part xc7z030sbg485-1
Constraint Validation Runtime : Time (s): cpu = 00:00:00 ; elapsed = 00:00:00.374 . Memory (MB): peak = 613.820 ; gain = 0.000
Finished Constraint Validation : Time (s): cpu = 00:00:27 ; elapsed = 00:00:34 . Memory (MB): peak = 613.820 ; gain = 403.180
Finished Loading Part and Timing Information : Time (s): cpu = 00:00:27 ; elapsed = 00:00:34 . Memory (MB): peak = 613.820 ; gain = 403.180
Finished applying 'set_property' XDC Constraints : Time (s): cpu = 00:00:27 ; elapsed = 00:00:34 . Memory (MB): peak = 613.820 ; gain = 403.180
Finished RTL Optimization Phase 2 : Time (s): cpu = 00:00:27 ; elapsed = 00:00:34 . Memory (MB): peak = 613.820 ; gain = 403.180
Finished Cross Boundary and Area Optimization : Time (s): cpu = 00:00:28 ; elapsed = 00:00:35 . Memory (MB): peak = 613.820 ; gain = 403.180
Finished Applying XDC Timing Constraints : Time (s): cpu = 00:00:44 ; elapsed = 00:00:51 . Memory (MB): peak = 651.762 ; gain = 441.121
Finished Timing Optimization : Time (s): cpu = 00:00:44 ; elapsed = 00:00:51 . Memory (MB): peak = 651.762 ; gain = 441.121
Finished Technology Mapping : Time (s): cpu = 00:00:44 ; elapsed = 00:00:52 . Memory (MB): peak = 661.445 ; gain = 450.805
Finished IO Insertion : Time (s): cpu = 00:00:44 ; elapsed = 00:00:52 . Memory (MB): peak = 661.445 ; gain = 450.805
Finished Renaming Generated Instances : Time (s): cpu = 00:00:44 ; elapsed = 00:00:52 . Memory (MB): peak = 661.445 ; gain = 450.805
Finished Rebuilding User Hierarchy : Time (s): cpu = 00:00:44 ; elapsed = 00:00:52 . Memory (MB): peak = 661.445 ; gain = 450.805
Finished Renaming Generated Ports : Time (s): cpu = 00:00:44 ; elapsed = 00:00:52 . Memory (MB): peak = 661.445 ; gain = 450.805
Finished Handling Custom Attributes : Time (s): cpu = 00:00:44 ; elapsed = 00:00:52 . Memory (MB): peak = 661.445 ; gain = 450.805
Finished Renaming Generated Nets : Time (s): cpu = 00:00:44 ; elapsed = 00:00:52 . Memory (MB): peak = 661.445 ; gain = 450.805

Report Cell Usage: 
+-+-----+------+
| |Cell |Count |
+-+-----+------+
+-+-----+------+
Finished Writing Synthesis Report : Time (s): cpu = 00:00:44 ; elapsed = 00:00:52 . Memory (MB): peak = 661.445 ; gain = 450.805
synth_design: Time (s): cpu = 00:00:39 ; elapsed = 00:00:45 . Memory (MB): peak = 686.383 ; gain = 416.883
