
*** Running vivado
    with args -log fmchc_python1300c_v_tc_0_0.vds -m64 -product Vivado -mode batch -messageDb vivado.pb -notrace -source fmchc_python1300c_v_tc_0_0.tcl


****** Vivado v2016.4 (64-bit)
  **** SW Build 1756540 on Mon Jan 23 19:11:23 MST 2017
  **** IP Build 1755317 on Mon Jan 23 20:30:07 MST 2017
    ** Copyright 1986-2016 Xilinx, Inc. All Rights Reserved.

ERROR: [Common 17-354] Could not open 'C' for writing.
ERROR: [Common 17-356] Failed to install all user apps.
source fmchc_python1300c_v_tc_0_0.tcl -notrace
Starting RTL Elaboration : Time (s): cpu = 00:00:12 ; elapsed = 00:00:27 . Memory (MB): peak = 349.293 ; gain = 138.586
INFO: [Synth 8-638] synthesizing module 'fmchc_python1300c_v_tc_0_0' [c:/Avnet/hdl/Projects/fmchc_python1300c/PZ7030_FMC2/fmchc_python1300c.srcs/sources_1/bd/fmchc_python1300c/ip/fmchc_python1300c_v_tc_0_0/synth/fmchc_python1300c_v_tc_0_0.vhd:74]
INFO: [Synth 8-256] done synthesizing module 'fmchc_python1300c_v_tc_0_0' (5#1) [c:/Avnet/hdl/Projects/fmchc_python1300c/PZ7030_FMC2/fmchc_python1300c.srcs/sources_1/bd/fmchc_python1300c/ip/fmchc_python1300c_v_tc_0_0/synth/fmchc_python1300c_v_tc_0_0.vhd:74]
Finished RTL Elaboration : Time (s): cpu = 00:00:15 ; elapsed = 00:00:32 . Memory (MB): peak = 389.879 ; gain = 179.172
Finished RTL Optimization Phase 1 : Time (s): cpu = 00:00:15 ; elapsed = 00:00:32 . Memory (MB): peak = 389.879 ; gain = 179.172
INFO: [Device 21-403] Loading part xc7z030sbg485-1
Constraint Validation Runtime : Time (s): cpu = 00:00:00 ; elapsed = 00:00:00.268 . Memory (MB): peak = 727.125 ; gain = 0.000
Finished Constraint Validation : Time (s): cpu = 00:00:30 ; elapsed = 00:01:24 . Memory (MB): peak = 727.125 ; gain = 516.418
Finished Loading Part and Timing Information : Time (s): cpu = 00:00:30 ; elapsed = 00:01:24 . Memory (MB): peak = 727.125 ; gain = 516.418
Finished applying 'set_property' XDC Constraints : Time (s): cpu = 00:00:30 ; elapsed = 00:01:24 . Memory (MB): peak = 727.125 ; gain = 516.418
Finished RTL Optimization Phase 2 : Time (s): cpu = 00:00:31 ; elapsed = 00:01:25 . Memory (MB): peak = 727.125 ; gain = 516.418
Finished Cross Boundary and Area Optimization : Time (s): cpu = 00:00:33 ; elapsed = 00:01:27 . Memory (MB): peak = 727.125 ; gain = 516.418
Finished Applying XDC Timing Constraints : Time (s): cpu = 00:00:49 ; elapsed = 00:01:44 . Memory (MB): peak = 727.125 ; gain = 516.418
Finished Timing Optimization : Time (s): cpu = 00:00:49 ; elapsed = 00:01:46 . Memory (MB): peak = 727.125 ; gain = 516.418
Finished Technology Mapping : Time (s): cpu = 00:00:49 ; elapsed = 00:01:47 . Memory (MB): peak = 727.125 ; gain = 516.418
Finished IO Insertion : Time (s): cpu = 00:00:50 ; elapsed = 00:01:47 . Memory (MB): peak = 727.125 ; gain = 516.418
Finished Renaming Generated Instances : Time (s): cpu = 00:00:50 ; elapsed = 00:01:47 . Memory (MB): peak = 727.125 ; gain = 516.418
Finished Rebuilding User Hierarchy : Time (s): cpu = 00:00:50 ; elapsed = 00:01:48 . Memory (MB): peak = 727.125 ; gain = 516.418
Finished Renaming Generated Ports : Time (s): cpu = 00:00:50 ; elapsed = 00:01:48 . Memory (MB): peak = 727.125 ; gain = 516.418
Finished Handling Custom Attributes : Time (s): cpu = 00:00:50 ; elapsed = 00:01:48 . Memory (MB): peak = 727.125 ; gain = 516.418
Finished Renaming Generated Nets : Time (s): cpu = 00:00:50 ; elapsed = 00:01:48 . Memory (MB): peak = 727.125 ; gain = 516.418

Report Cell Usage: 
+------+-------+------+
|      |Cell   |Count |
+------+-------+------+
|1     |CARRY4 |    31|
|2     |LUT1   |    72|
|3     |LUT2   |    12|
|4     |LUT3   |    13|
|5     |LUT4   |     3|
|6     |LUT5   |     2|
|7     |LUT6   |    67|
|8     |SRL16E |     2|
|9     |FDRE   |   197|
|10    |FDSE   |    15|
+------+-------+------+
Finished Writing Synthesis Report : Time (s): cpu = 00:00:50 ; elapsed = 00:01:49 . Memory (MB): peak = 727.125 ; gain = 516.418
synth_design: Time (s): cpu = 00:00:45 ; elapsed = 00:01:55 . Memory (MB): peak = 727.125 ; gain = 457.359
write_checkpoint: Time (s): cpu = 00:00:00 ; elapsed = 00:00:06 . Memory (MB): peak = 727.125 ; gain = 0.000
