Copyright 1986-2016 Xilinx, Inc. All Rights Reserved.
------------------------------------------------------------------------------------
| Tool Version : Vivado v.2016.4 (win64) Build 1756540 Mon Jan 23 19:11:23 MST 2017
| Date         : Fri Jan 26 15:38:07 2018
| Host         : ESIT044 running 64-bit Service Pack 1  (build 7601)
| Command      : report_drc -file fmchc_python1300c_wrapper_drc_opted.rpt
| Design       : fmchc_python1300c_wrapper
| Device       : xc7z030sbg485-1
| Speed File   : -1
| Design State : Synthesized
------------------------------------------------------------------------------------

Report DRC

Table of Contents
-----------------
1. REPORT SUMMARY
2. REPORT DETAILS

1. REPORT SUMMARY
-----------------
            Netlist: netlist
          Floorplan: design_1
      Design limits: <entire design considered>
           Ruledeck: default
             Max violations: <unlimited>
             Violations found: 50
+-----------+----------+----------------------------+------------+
| Rule      | Severity | Description                | Violations |
+-----------+----------+----------------------------+------------+
| CHECK-3   | Warning  | Report rule limit reached  | 2          |
| DPIP-1    | Warning  | Input pipelining           | 5          |
| DPOP-1    | Warning  | PREG Output pipelining     | 1          |
| DPOP-2    | Warning  | MREG Output pipelining     | 2          |
| REQP-1839 | Warning  | RAMB36 async control check | 20         |
| REQP-1840 | Warning  | RAMB18 async control check | 20         |
+-----------+----------+----------------------------+------------+

2. REPORT DETAILS
-----------------
CHECK-3#1 Warning
Report rule limit reached  
REQP-1839 rule limit reached: 20 violations have been found.
Related violations: <none>

CHECK-3#2 Warning
Report rule limit reached  
REQP-1840 rule limit reached: 20 violations have been found.
Related violations: <none>

DPIP-1#1 Warning
Input pipelining  
DSP fmchc_python1300c_i/v_cfa_0/U0/obsibbid2thd5yqnjed/obsiedkmeoira/obsfkqch2medpyefapra0sjqbuee/obsadbcp3k/obsfitqfisj5qiorhdba0agqqt4egrqrh4kqch2medp0k/obsagaajm/obsngaal2rcbc input fmchc_python1300c_i/v_cfa_0/U0/obsibbid2thd5yqnjed/obsiedkmeoira/obsfkqch2medpyefapra0sjqbuee/obsadbcp3k/obsfitqfisj5qiorhdba0agqqt4egrqrh4kqch2medp0k/obsagaajm/obsngaal2rcbc/C[47:0] is not pipelined. Pipelining DSP48 input will improve performance.
Related violations: <none>

DPIP-1#2 Warning
Input pipelining  
DSP fmchc_python1300c_i/v_cfa_0/U0/obsibbid2thd5yqnjed/obsiedkmeoira/obsfkqch2medpyefapra0sjqbuee/obsadbcp3k/obsfitqfisj5qiorhdba0agqqt4egrqrh4kqch2medp0k/obsfgaajn/obsngaal2rcbc input fmchc_python1300c_i/v_cfa_0/U0/obsibbid2thd5yqnjed/obsiedkmeoira/obsfkqch2medpyefapra0sjqbuee/obsadbcp3k/obsfitqfisj5qiorhdba0agqqt4egrqrh4kqch2medp0k/obsfgaajn/obsngaal2rcbc/C[47:0] is not pipelined. Pipelining DSP48 input will improve performance.
Related violations: <none>

DPIP-1#3 Warning
Input pipelining  
DSP fmchc_python1300c_i/v_cfa_0/U0/obsibbid2thd5yqnjed/obsiedkmeoira/obsfkqch2medpyefapra0sjqbuee/obsadbcp3k/obsfitqfisj5qiorhdba0agqqt4egrqrh4kqch2medp0k/obsngaajo/obsngaal2rcbc input fmchc_python1300c_i/v_cfa_0/U0/obsibbid2thd5yqnjed/obsiedkmeoira/obsfkqch2medpyefapra0sjqbuee/obsadbcp3k/obsfitqfisj5qiorhdba0agqqt4egrqrh4kqch2medp0k/obsngaajo/obsngaal2rcbc/C[47:0] is not pipelined. Pipelining DSP48 input will improve performance.
Related violations: <none>

DPIP-1#4 Warning
Input pipelining  
DSP fmchc_python1300c_i/v_rgb2ycrcb_0/U0/rgb2ycrcb_top_inst/intcore/mult_aRG/reg/needs_delay.shift_register_reg[2] input fmchc_python1300c_i/v_rgb2ycrcb_0/U0/rgb2ycrcb_top_inst/intcore/mult_aRG/reg/needs_delay.shift_register_reg[2]/B[17:0] is not pipelined. Pipelining DSP48 input will improve performance.
Related violations: <none>

DPIP-1#5 Warning
Input pipelining  
DSP fmchc_python1300c_i/v_rgb2ycrcb_0/U0/rgb2ycrcb_top_inst/intcore/v4_mac1.mult_aCr/mac_reg input fmchc_python1300c_i/v_rgb2ycrcb_0/U0/rgb2ycrcb_top_inst/intcore/v4_mac1.mult_aCr/mac_reg/C[47:0] is not pipelined. Pipelining DSP48 input will improve performance.
Related violations: <none>

DPOP-1#1 Warning
PREG Output pipelining  
DSP fmchc_python1300c_i/square_check_0/U0/grp_dataflow_parent_loop_1_fu_145/dataflow_in_loop_Loo_1_U0/Loop_Block_Cols_proc_U0/mul_reg_811_reg output fmchc_python1300c_i/square_check_0/U0/grp_dataflow_parent_loop_1_fu_145/dataflow_in_loop_Loo_1_U0/Loop_Block_Cols_proc_U0/mul_reg_811_reg/P[47:0] is not pipelined (PREG=0). Pipelining the DSP48 output will improve performance and often saves power so it is suggested whenever possible to fully pipeline this function.  If this DSP48 function was inferred, it is suggested to describe an additional register stage after this function.  If the DSP48 was instantiated in the design, it is suggested to set the PREG attribute to 1.
Related violations: <none>

DPOP-2#1 Warning
MREG Output pipelining  
DSP fmchc_python1300c_i/square_check_0/U0/grp_dataflow_parent_loop_1_fu_145/dataflow_in_loop_Loo_1_U0/memcpy_rgb1_buff_rgb_U0/sum_i_i_reg_213_reg multiplier stage fmchc_python1300c_i/square_check_0/U0/grp_dataflow_parent_loop_1_fu_145/dataflow_in_loop_Loo_1_U0/memcpy_rgb1_buff_rgb_U0/sum_i_i_reg_213_reg/P[47:0] is not pipelined (MREG=0). Pipelining the multiplier function will improve performance and will save significant power so it is suggested whenever possible to fully pipeline this function.  If this multiplier was inferred, it is suggested to describe an additional register stage after this function.  If there is no registered adder/accumulator following the multiply function, two pipeline stages are suggested to allow both the MREG and PREG registers to be used.  If the DSP48 was instantiated in the design, it is suggested to set both the MREG and PREG attributes to 1 when performing multiply functions.
Related violations: <none>

DPOP-2#2 Warning
MREG Output pipelining  
DSP fmchc_python1300c_i/square_check_0/U0/grp_dataflow_parent_loop_1_fu_145/dataflow_in_loop_Loo_1_U0/memcpy_rgb2_buff_rgb_U0/sum_i_i_reg_189_reg multiplier stage fmchc_python1300c_i/square_check_0/U0/grp_dataflow_parent_loop_1_fu_145/dataflow_in_loop_Loo_1_U0/memcpy_rgb2_buff_rgb_U0/sum_i_i_reg_189_reg/P[47:0] is not pipelined (MREG=0). Pipelining the multiplier function will improve performance and will save significant power so it is suggested whenever possible to fully pipeline this function.  If this multiplier was inferred, it is suggested to describe an additional register stage after this function.  If there is no registered adder/accumulator following the multiply function, two pipeline stages are suggested to allow both the MREG and PREG registers to be used.  If the DSP48 was instantiated in the design, it is suggested to set both the MREG and PREG attributes to 1 when performing multiply functions.
Related violations: <none>

REQP-1839#1 Warning
RAMB36 async control check  
The RAMB36E1 fmchc_python1300c_i/axi_vdma_0/U0/I_PRMRY_DATAMOVER/GEN_MM2S_FULL.I_MM2S_FULL_WRAPPER/GEN_INCLUDE_MM2S_SF.I_RD_SF/I_DATA_FIFO/BLK_MEM.I_SYNC_FIFOGEN_FIFO/FAMILY_SUPPORTED.I_SYNC_FIFO_BRAM/inst_fifo_gen/gconvfifo.rf/grf.rf/gntv_or_sync_fifo.mem/gbm.gbmg.gbmgb.ngecc.bmg/inst_blk_mem_gen/gnbram.gnativebmg.native_blk_mem_gen/valid.cstr/ramloop[0].ram.r/prim_noinit.ram/DEVICE_7SERIES.NO_BMM_INFO.SDP.SIMPLE_PRIM36.ram has an input control pin fmchc_python1300c_i/axi_vdma_0/U0/I_PRMRY_DATAMOVER/GEN_MM2S_FULL.I_MM2S_FULL_WRAPPER/GEN_INCLUDE_MM2S_SF.I_RD_SF/I_DATA_FIFO/BLK_MEM.I_SYNC_FIFOGEN_FIFO/FAMILY_SUPPORTED.I_SYNC_FIFO_BRAM/inst_fifo_gen/gconvfifo.rf/grf.rf/gntv_or_sync_fifo.mem/gbm.gbmg.gbmgb.ngecc.bmg/inst_blk_mem_gen/gnbram.gnativebmg.native_blk_mem_gen/valid.cstr/ramloop[0].ram.r/prim_noinit.ram/DEVICE_7SERIES.NO_BMM_INFO.SDP.SIMPLE_PRIM36.ram/ENBWREN (net: fmchc_python1300c_i/axi_vdma_0/U0/I_PRMRY_DATAMOVER/GEN_MM2S_FULL.I_MM2S_FULL_WRAPPER/GEN_INCLUDE_MM2S_SF.I_RD_SF/I_DATA_FIFO/BLK_MEM.I_SYNC_FIFOGEN_FIFO/FAMILY_SUPPORTED.I_SYNC_FIFO_BRAM/inst_fifo_gen/gconvfifo.rf/grf.rf/gntv_or_sync_fifo.mem/gbm.gbmg.gbmgb.ngecc.bmg/inst_blk_mem_gen/gnbram.gnativebmg.native_blk_mem_gen/valid.cstr/ramloop[0].ram.r/prim_noinit.ram/sig_cmd_stat_rst_user_reg_n_cdc_from_reg__0) which is driven by a register (fmchc_python1300c_i/axi_vdma_0/U0/GEN_SPRT_FOR_MM2S.MM2S_LINEBUFFER_I/GEN_LINEBUF_NO_SOF.GEN_LINEBUFFER.GEN_ASYNC_FIFO.LB_BUILT_IN.I_LINEBUFFER_FIFO/fg_builtin_fifo_inst/inst_fifo_gen/gconvfifo.rf/gbi.bi/g7ser_birst.rstbt/rsync.ric.rd_rst_reg_reg) that has an active asychronous set or reset. This may cause corruption of the memory contents and/or read values when the set/reset is asserted and is not analyzed by the default static timing analysis. It is suggested to eliminate the use of a set/reset to registers driving this RAMB pin or else use a synchronous reset in which the assertion of the reset is timed by default.
Related violations: <none>

REQP-1839#2 Warning
RAMB36 async control check  
The RAMB36E1 fmchc_python1300c_i/axi_vdma_0/U0/I_PRMRY_DATAMOVER/GEN_MM2S_FULL.I_MM2S_FULL_WRAPPER/GEN_INCLUDE_MM2S_SF.I_RD_SF/I_DATA_FIFO/BLK_MEM.I_SYNC_FIFOGEN_FIFO/FAMILY_SUPPORTED.I_SYNC_FIFO_BRAM/inst_fifo_gen/gconvfifo.rf/grf.rf/gntv_or_sync_fifo.mem/gbm.gbmg.gbmgb.ngecc.bmg/inst_blk_mem_gen/gnbram.gnativebmg.native_blk_mem_gen/valid.cstr/ramloop[1].ram.r/prim_noinit.ram/DEVICE_7SERIES.NO_BMM_INFO.SDP.SIMPLE_PRIM36.ram has an input control pin fmchc_python1300c_i/axi_vdma_0/U0/I_PRMRY_DATAMOVER/GEN_MM2S_FULL.I_MM2S_FULL_WRAPPER/GEN_INCLUDE_MM2S_SF.I_RD_SF/I_DATA_FIFO/BLK_MEM.I_SYNC_FIFOGEN_FIFO/FAMILY_SUPPORTED.I_SYNC_FIFO_BRAM/inst_fifo_gen/gconvfifo.rf/grf.rf/gntv_or_sync_fifo.mem/gbm.gbmg.gbmgb.ngecc.bmg/inst_blk_mem_gen/gnbram.gnativebmg.native_blk_mem_gen/valid.cstr/ramloop[1].ram.r/prim_noinit.ram/DEVICE_7SERIES.NO_BMM_INFO.SDP.SIMPLE_PRIM36.ram/ENBWREN (net: fmchc_python1300c_i/axi_vdma_0/U0/I_PRMRY_DATAMOVER/GEN_MM2S_FULL.I_MM2S_FULL_WRAPPER/GEN_INCLUDE_MM2S_SF.I_RD_SF/I_DATA_FIFO/BLK_MEM.I_SYNC_FIFOGEN_FIFO/FAMILY_SUPPORTED.I_SYNC_FIFO_BRAM/inst_fifo_gen/gconvfifo.rf/grf.rf/gntv_or_sync_fifo.mem/gbm.gbmg.gbmgb.ngecc.bmg/inst_blk_mem_gen/gnbram.gnativebmg.native_blk_mem_gen/valid.cstr/ramloop[1].ram.r/prim_noinit.ram/sig_cmd_stat_rst_user_reg_n_cdc_from_reg__0) which is driven by a register (fmchc_python1300c_i/axi_vdma_0/U0/GEN_SPRT_FOR_MM2S.MM2S_LINEBUFFER_I/GEN_LINEBUF_NO_SOF.GEN_LINEBUFFER.GEN_ASYNC_FIFO.LB_BUILT_IN.I_LINEBUFFER_FIFO/fg_builtin_fifo_inst/inst_fifo_gen/gconvfifo.rf/gbi.bi/g7ser_birst.rstbt/rsync.ric.rd_rst_reg_reg) that has an active asychronous set or reset. This may cause corruption of the memory contents and/or read values when the set/reset is asserted and is not analyzed by the default static timing analysis. It is suggested to eliminate the use of a set/reset to registers driving this RAMB pin or else use a synchronous reset in which the assertion of the reset is timed by default.
Related violations: <none>

REQP-1839#3 Warning
RAMB36 async control check  
The RAMB36E1 fmchc_python1300c_i/axi_vdma_0/U0/I_PRMRY_DATAMOVER/GEN_MM2S_FULL.I_MM2S_FULL_WRAPPER/GEN_INCLUDE_MM2S_SF.I_RD_SF/I_DATA_FIFO/BLK_MEM.I_SYNC_FIFOGEN_FIFO/FAMILY_SUPPORTED.I_SYNC_FIFO_BRAM/inst_fifo_gen/gconvfifo.rf/grf.rf/gntv_or_sync_fifo.mem/gbm.gbmg.gbmgb.ngecc.bmg/inst_blk_mem_gen/gnbram.gnativebmg.native_blk_mem_gen/valid.cstr/ramloop[2].ram.r/prim_noinit.ram/DEVICE_7SERIES.NO_BMM_INFO.SDP.SIMPLE_PRIM36.ram has an input control pin fmchc_python1300c_i/axi_vdma_0/U0/I_PRMRY_DATAMOVER/GEN_MM2S_FULL.I_MM2S_FULL_WRAPPER/GEN_INCLUDE_MM2S_SF.I_RD_SF/I_DATA_FIFO/BLK_MEM.I_SYNC_FIFOGEN_FIFO/FAMILY_SUPPORTED.I_SYNC_FIFO_BRAM/inst_fifo_gen/gconvfifo.rf/grf.rf/gntv_or_sync_fifo.mem/gbm.gbmg.gbmgb.ngecc.bmg/inst_blk_mem_gen/gnbram.gnativebmg.native_blk_mem_gen/valid.cstr/ramloop[2].ram.r/prim_noinit.ram/DEVICE_7SERIES.NO_BMM_INFO.SDP.SIMPLE_PRIM36.ram/ENBWREN (net: fmchc_python1300c_i/axi_vdma_0/U0/I_PRMRY_DATAMOVER/GEN_MM2S_FULL.I_MM2S_FULL_WRAPPER/GEN_INCLUDE_MM2S_SF.I_RD_SF/I_DATA_FIFO/BLK_MEM.I_SYNC_FIFOGEN_FIFO/FAMILY_SUPPORTED.I_SYNC_FIFO_BRAM/inst_fifo_gen/gconvfifo.rf/grf.rf/gntv_or_sync_fifo.mem/gbm.gbmg.gbmgb.ngecc.bmg/inst_blk_mem_gen/gnbram.gnativebmg.native_blk_mem_gen/valid.cstr/ramloop[2].ram.r/prim_noinit.ram/sig_cmd_stat_rst_user_reg_n_cdc_from_reg__0) which is driven by a register (fmchc_python1300c_i/axi_vdma_0/U0/GEN_SPRT_FOR_MM2S.MM2S_LINEBUFFER_I/GEN_LINEBUF_NO_SOF.GEN_LINEBUFFER.GEN_ASYNC_FIFO.LB_BUILT_IN.I_LINEBUFFER_FIFO/fg_builtin_fifo_inst/inst_fifo_gen/gconvfifo.rf/gbi.bi/g7ser_birst.rstbt/rsync.ric.rd_rst_reg_reg) that has an active asychronous set or reset. This may cause corruption of the memory contents and/or read values when the set/reset is asserted and is not analyzed by the default static timing analysis. It is suggested to eliminate the use of a set/reset to registers driving this RAMB pin or else use a synchronous reset in which the assertion of the reset is timed by default.
Related violations: <none>

REQP-1839#4 Warning
RAMB36 async control check  
The RAMB36E1 fmchc_python1300c_i/axi_vdma_0/U0/I_PRMRY_DATAMOVER/GEN_MM2S_FULL.I_MM2S_FULL_WRAPPER/GEN_INCLUDE_MM2S_SF.I_RD_SF/I_DATA_FIFO/BLK_MEM.I_SYNC_FIFOGEN_FIFO/FAMILY_SUPPORTED.I_SYNC_FIFO_BRAM/inst_fifo_gen/gconvfifo.rf/grf.rf/gntv_or_sync_fifo.mem/gbm.gbmg.gbmgb.ngecc.bmg/inst_blk_mem_gen/gnbram.gnativebmg.native_blk_mem_gen/valid.cstr/ramloop[3].ram.r/prim_noinit.ram/DEVICE_7SERIES.NO_BMM_INFO.SDP.SIMPLE_PRIM36.ram has an input control pin fmchc_python1300c_i/axi_vdma_0/U0/I_PRMRY_DATAMOVER/GEN_MM2S_FULL.I_MM2S_FULL_WRAPPER/GEN_INCLUDE_MM2S_SF.I_RD_SF/I_DATA_FIFO/BLK_MEM.I_SYNC_FIFOGEN_FIFO/FAMILY_SUPPORTED.I_SYNC_FIFO_BRAM/inst_fifo_gen/gconvfifo.rf/grf.rf/gntv_or_sync_fifo.mem/gbm.gbmg.gbmgb.ngecc.bmg/inst_blk_mem_gen/gnbram.gnativebmg.native_blk_mem_gen/valid.cstr/ramloop[3].ram.r/prim_noinit.ram/DEVICE_7SERIES.NO_BMM_INFO.SDP.SIMPLE_PRIM36.ram/ENBWREN (net: fmchc_python1300c_i/axi_vdma_0/U0/I_PRMRY_DATAMOVER/GEN_MM2S_FULL.I_MM2S_FULL_WRAPPER/GEN_INCLUDE_MM2S_SF.I_RD_SF/I_DATA_FIFO/BLK_MEM.I_SYNC_FIFOGEN_FIFO/FAMILY_SUPPORTED.I_SYNC_FIFO_BRAM/inst_fifo_gen/gconvfifo.rf/grf.rf/gntv_or_sync_fifo.mem/gbm.gbmg.gbmgb.ngecc.bmg/inst_blk_mem_gen/gnbram.gnativebmg.native_blk_mem_gen/valid.cstr/ramloop[3].ram.r/prim_noinit.ram/sig_cmd_stat_rst_user_reg_n_cdc_from_reg__0) which is driven by a register (fmchc_python1300c_i/axi_vdma_0/U0/GEN_SPRT_FOR_MM2S.MM2S_LINEBUFFER_I/GEN_LINEBUF_NO_SOF.GEN_LINEBUFFER.GEN_ASYNC_FIFO.LB_BUILT_IN.I_LINEBUFFER_FIFO/fg_builtin_fifo_inst/inst_fifo_gen/gconvfifo.rf/gbi.bi/g7ser_birst.rstbt/rsync.ric.rd_rst_reg_reg) that has an active asychronous set or reset. This may cause corruption of the memory contents and/or read values when the set/reset is asserted and is not analyzed by the default static timing analysis. It is suggested to eliminate the use of a set/reset to registers driving this RAMB pin or else use a synchronous reset in which the assertion of the reset is timed by default.
Related violations: <none>

REQP-1839#5 Warning
RAMB36 async control check  
The RAMB36E1 fmchc_python1300c_i/axi_vdma_1/U0/I_PRMRY_DATAMOVER/GEN_MM2S_FULL.I_MM2S_FULL_WRAPPER/GEN_INCLUDE_MM2S_SF.I_RD_SF/I_DATA_FIFO/BLK_MEM.I_SYNC_FIFOGEN_FIFO/FAMILY_SUPPORTED.I_SYNC_FIFO_BRAM/inst_fifo_gen/gconvfifo.rf/grf.rf/gntv_or_sync_fifo.mem/gbm.gbmg.gbmgb.ngecc.bmg/inst_blk_mem_gen/gnbram.gnativebmg.native_blk_mem_gen/valid.cstr/ramloop[0].ram.r/prim_noinit.ram/DEVICE_7SERIES.NO_BMM_INFO.SDP.SIMPLE_PRIM36.ram has an input control pin fmchc_python1300c_i/axi_vdma_1/U0/I_PRMRY_DATAMOVER/GEN_MM2S_FULL.I_MM2S_FULL_WRAPPER/GEN_INCLUDE_MM2S_SF.I_RD_SF/I_DATA_FIFO/BLK_MEM.I_SYNC_FIFOGEN_FIFO/FAMILY_SUPPORTED.I_SYNC_FIFO_BRAM/inst_fifo_gen/gconvfifo.rf/grf.rf/gntv_or_sync_fifo.mem/gbm.gbmg.gbmgb.ngecc.bmg/inst_blk_mem_gen/gnbram.gnativebmg.native_blk_mem_gen/valid.cstr/ramloop[0].ram.r/prim_noinit.ram/DEVICE_7SERIES.NO_BMM_INFO.SDP.SIMPLE_PRIM36.ram/ENBWREN (net: fmchc_python1300c_i/axi_vdma_1/U0/I_PRMRY_DATAMOVER/GEN_MM2S_FULL.I_MM2S_FULL_WRAPPER/GEN_INCLUDE_MM2S_SF.I_RD_SF/I_DATA_FIFO/BLK_MEM.I_SYNC_FIFOGEN_FIFO/FAMILY_SUPPORTED.I_SYNC_FIFO_BRAM/inst_fifo_gen/gconvfifo.rf/grf.rf/gntv_or_sync_fifo.mem/gbm.gbmg.gbmgb.ngecc.bmg/inst_blk_mem_gen/gnbram.gnativebmg.native_blk_mem_gen/valid.cstr/ramloop[0].ram.r/prim_noinit.ram/sig_cmd_stat_rst_user_reg_n_cdc_from_reg__0) which is driven by a register (fmchc_python1300c_i/axi_vdma_1/U0/GEN_SPRT_FOR_MM2S.MM2S_LINEBUFFER_I/GEN_LINEBUF_NO_SOF.GEN_LINEBUFFER.GEN_ASYNC_FIFO.LB_BUILT_IN.I_LINEBUFFER_FIFO/fg_builtin_fifo_inst/inst_fifo_gen/gconvfifo.rf/gbi.bi/g7ser_birst.rstbt/rsync.ric.rd_rst_reg_reg) that has an active asychronous set or reset. This may cause corruption of the memory contents and/or read values when the set/reset is asserted and is not analyzed by the default static timing analysis. It is suggested to eliminate the use of a set/reset to registers driving this RAMB pin or else use a synchronous reset in which the assertion of the reset is timed by default.
Related violations: <none>

REQP-1839#6 Warning
RAMB36 async control check  
The RAMB36E1 fmchc_python1300c_i/axi_vdma_1/U0/I_PRMRY_DATAMOVER/GEN_MM2S_FULL.I_MM2S_FULL_WRAPPER/GEN_INCLUDE_MM2S_SF.I_RD_SF/I_DATA_FIFO/BLK_MEM.I_SYNC_FIFOGEN_FIFO/FAMILY_SUPPORTED.I_SYNC_FIFO_BRAM/inst_fifo_gen/gconvfifo.rf/grf.rf/gntv_or_sync_fifo.mem/gbm.gbmg.gbmgb.ngecc.bmg/inst_blk_mem_gen/gnbram.gnativebmg.native_blk_mem_gen/valid.cstr/ramloop[1].ram.r/prim_noinit.ram/DEVICE_7SERIES.NO_BMM_INFO.SDP.SIMPLE_PRIM36.ram has an input control pin fmchc_python1300c_i/axi_vdma_1/U0/I_PRMRY_DATAMOVER/GEN_MM2S_FULL.I_MM2S_FULL_WRAPPER/GEN_INCLUDE_MM2S_SF.I_RD_SF/I_DATA_FIFO/BLK_MEM.I_SYNC_FIFOGEN_FIFO/FAMILY_SUPPORTED.I_SYNC_FIFO_BRAM/inst_fifo_gen/gconvfifo.rf/grf.rf/gntv_or_sync_fifo.mem/gbm.gbmg.gbmgb.ngecc.bmg/inst_blk_mem_gen/gnbram.gnativebmg.native_blk_mem_gen/valid.cstr/ramloop[1].ram.r/prim_noinit.ram/DEVICE_7SERIES.NO_BMM_INFO.SDP.SIMPLE_PRIM36.ram/ENBWREN (net: fmchc_python1300c_i/axi_vdma_1/U0/I_PRMRY_DATAMOVER/GEN_MM2S_FULL.I_MM2S_FULL_WRAPPER/GEN_INCLUDE_MM2S_SF.I_RD_SF/I_DATA_FIFO/BLK_MEM.I_SYNC_FIFOGEN_FIFO/FAMILY_SUPPORTED.I_SYNC_FIFO_BRAM/inst_fifo_gen/gconvfifo.rf/grf.rf/gntv_or_sync_fifo.mem/gbm.gbmg.gbmgb.ngecc.bmg/inst_blk_mem_gen/gnbram.gnativebmg.native_blk_mem_gen/valid.cstr/ramloop[1].ram.r/prim_noinit.ram/sig_cmd_stat_rst_user_reg_n_cdc_from_reg__0) which is driven by a register (fmchc_python1300c_i/axi_vdma_1/U0/GEN_SPRT_FOR_MM2S.MM2S_LINEBUFFER_I/GEN_LINEBUF_NO_SOF.GEN_LINEBUFFER.GEN_ASYNC_FIFO.LB_BUILT_IN.I_LINEBUFFER_FIFO/fg_builtin_fifo_inst/inst_fifo_gen/gconvfifo.rf/gbi.bi/g7ser_birst.rstbt/rsync.ric.rd_rst_reg_reg) that has an active asychronous set or reset. This may cause corruption of the memory contents and/or read values when the set/reset is asserted and is not analyzed by the default static timing analysis. It is suggested to eliminate the use of a set/reset to registers driving this RAMB pin or else use a synchronous reset in which the assertion of the reset is timed by default.
Related violations: <none>

REQP-1839#7 Warning
RAMB36 async control check  
The RAMB36E1 fmchc_python1300c_i/axi_vdma_1/U0/I_PRMRY_DATAMOVER/GEN_MM2S_FULL.I_MM2S_FULL_WRAPPER/GEN_INCLUDE_MM2S_SF.I_RD_SF/I_DATA_FIFO/BLK_MEM.I_SYNC_FIFOGEN_FIFO/FAMILY_SUPPORTED.I_SYNC_FIFO_BRAM/inst_fifo_gen/gconvfifo.rf/grf.rf/gntv_or_sync_fifo.mem/gbm.gbmg.gbmgb.ngecc.bmg/inst_blk_mem_gen/gnbram.gnativebmg.native_blk_mem_gen/valid.cstr/ramloop[2].ram.r/prim_noinit.ram/DEVICE_7SERIES.NO_BMM_INFO.SDP.SIMPLE_PRIM36.ram has an input control pin fmchc_python1300c_i/axi_vdma_1/U0/I_PRMRY_DATAMOVER/GEN_MM2S_FULL.I_MM2S_FULL_WRAPPER/GEN_INCLUDE_MM2S_SF.I_RD_SF/I_DATA_FIFO/BLK_MEM.I_SYNC_FIFOGEN_FIFO/FAMILY_SUPPORTED.I_SYNC_FIFO_BRAM/inst_fifo_gen/gconvfifo.rf/grf.rf/gntv_or_sync_fifo.mem/gbm.gbmg.gbmgb.ngecc.bmg/inst_blk_mem_gen/gnbram.gnativebmg.native_blk_mem_gen/valid.cstr/ramloop[2].ram.r/prim_noinit.ram/DEVICE_7SERIES.NO_BMM_INFO.SDP.SIMPLE_PRIM36.ram/ENBWREN (net: fmchc_python1300c_i/axi_vdma_1/U0/I_PRMRY_DATAMOVER/GEN_MM2S_FULL.I_MM2S_FULL_WRAPPER/GEN_INCLUDE_MM2S_SF.I_RD_SF/I_DATA_FIFO/BLK_MEM.I_SYNC_FIFOGEN_FIFO/FAMILY_SUPPORTED.I_SYNC_FIFO_BRAM/inst_fifo_gen/gconvfifo.rf/grf.rf/gntv_or_sync_fifo.mem/gbm.gbmg.gbmgb.ngecc.bmg/inst_blk_mem_gen/gnbram.gnativebmg.native_blk_mem_gen/valid.cstr/ramloop[2].ram.r/prim_noinit.ram/sig_cmd_stat_rst_user_reg_n_cdc_from_reg__0) which is driven by a register (fmchc_python1300c_i/axi_vdma_1/U0/GEN_SPRT_FOR_MM2S.MM2S_LINEBUFFER_I/GEN_LINEBUF_NO_SOF.GEN_LINEBUFFER.GEN_ASYNC_FIFO.LB_BUILT_IN.I_LINEBUFFER_FIFO/fg_builtin_fifo_inst/inst_fifo_gen/gconvfifo.rf/gbi.bi/g7ser_birst.rstbt/rsync.ric.rd_rst_reg_reg) that has an active asychronous set or reset. This may cause corruption of the memory contents and/or read values when the set/reset is asserted and is not analyzed by the default static timing analysis. It is suggested to eliminate the use of a set/reset to registers driving this RAMB pin or else use a synchronous reset in which the assertion of the reset is timed by default.
Related violations: <none>

REQP-1839#8 Warning
RAMB36 async control check  
The RAMB36E1 fmchc_python1300c_i/axi_vdma_1/U0/I_PRMRY_DATAMOVER/GEN_MM2S_FULL.I_MM2S_FULL_WRAPPER/GEN_INCLUDE_MM2S_SF.I_RD_SF/I_DATA_FIFO/BLK_MEM.I_SYNC_FIFOGEN_FIFO/FAMILY_SUPPORTED.I_SYNC_FIFO_BRAM/inst_fifo_gen/gconvfifo.rf/grf.rf/gntv_or_sync_fifo.mem/gbm.gbmg.gbmgb.ngecc.bmg/inst_blk_mem_gen/gnbram.gnativebmg.native_blk_mem_gen/valid.cstr/ramloop[3].ram.r/prim_noinit.ram/DEVICE_7SERIES.NO_BMM_INFO.SDP.SIMPLE_PRIM36.ram has an input control pin fmchc_python1300c_i/axi_vdma_1/U0/I_PRMRY_DATAMOVER/GEN_MM2S_FULL.I_MM2S_FULL_WRAPPER/GEN_INCLUDE_MM2S_SF.I_RD_SF/I_DATA_FIFO/BLK_MEM.I_SYNC_FIFOGEN_FIFO/FAMILY_SUPPORTED.I_SYNC_FIFO_BRAM/inst_fifo_gen/gconvfifo.rf/grf.rf/gntv_or_sync_fifo.mem/gbm.gbmg.gbmgb.ngecc.bmg/inst_blk_mem_gen/gnbram.gnativebmg.native_blk_mem_gen/valid.cstr/ramloop[3].ram.r/prim_noinit.ram/DEVICE_7SERIES.NO_BMM_INFO.SDP.SIMPLE_PRIM36.ram/ENBWREN (net: fmchc_python1300c_i/axi_vdma_1/U0/I_PRMRY_DATAMOVER/GEN_MM2S_FULL.I_MM2S_FULL_WRAPPER/GEN_INCLUDE_MM2S_SF.I_RD_SF/I_DATA_FIFO/BLK_MEM.I_SYNC_FIFOGEN_FIFO/FAMILY_SUPPORTED.I_SYNC_FIFO_BRAM/inst_fifo_gen/gconvfifo.rf/grf.rf/gntv_or_sync_fifo.mem/gbm.gbmg.gbmgb.ngecc.bmg/inst_blk_mem_gen/gnbram.gnativebmg.native_blk_mem_gen/valid.cstr/ramloop[3].ram.r/prim_noinit.ram/sig_cmd_stat_rst_user_reg_n_cdc_from_reg__0) which is driven by a register (fmchc_python1300c_i/axi_vdma_1/U0/GEN_SPRT_FOR_MM2S.MM2S_LINEBUFFER_I/GEN_LINEBUF_NO_SOF.GEN_LINEBUFFER.GEN_ASYNC_FIFO.LB_BUILT_IN.I_LINEBUFFER_FIFO/fg_builtin_fifo_inst/inst_fifo_gen/gconvfifo.rf/gbi.bi/g7ser_birst.rstbt/rsync.ric.rd_rst_reg_reg) that has an active asychronous set or reset. This may cause corruption of the memory contents and/or read values when the set/reset is asserted and is not analyzed by the default static timing analysis. It is suggested to eliminate the use of a set/reset to registers driving this RAMB pin or else use a synchronous reset in which the assertion of the reset is timed by default.
Related violations: <none>

REQP-1839#9 Warning
RAMB36 async control check  
The RAMB36E1 fmchc_python1300c_i/onsemi_python_cam_0/U0/onsemi_vita_cam_v3_1_S00_AXI_inst/onsemi_vita_cam_core_inst/DEMUX_GEN.demux_fifo_l/afifo_64i_16o_l/xpm_fifo_base_inst/gen_sdpram.xpm_memory_base_inst/gen_wr_a.gen_word_wide.mem_reg_1 has an input control pin fmchc_python1300c_i/onsemi_python_cam_0/U0/onsemi_vita_cam_v3_1_S00_AXI_inst/onsemi_vita_cam_core_inst/DEMUX_GEN.demux_fifo_l/afifo_64i_16o_l/xpm_fifo_base_inst/gen_sdpram.xpm_memory_base_inst/gen_wr_a.gen_word_wide.mem_reg_1/ENARDEN (net: fmchc_python1300c_i/onsemi_python_cam_0/U0/onsemi_vita_cam_v3_1_S00_AXI_inst/onsemi_vita_cam_core_inst/DEMUX_GEN.demux_fifo_l/afifo_64i_16o_l/xpm_fifo_base_inst/gen_sdpram.xpm_memory_base_inst/ena) which is driven by a register (fmchc_python1300c_i/onsemi_python_cam_0/U0/onsemi_vita_cam_v3_1_S00_AXI_inst/onsemi_vita_cam_core_inst/vita_remapper/VIDEO_SYNC_OUT_reg[0]) that has an active asychronous set or reset. This may cause corruption of the memory contents and/or read values when the set/reset is asserted and is not analyzed by the default static timing analysis. It is suggested to eliminate the use of a set/reset to registers driving this RAMB pin or else use a synchronous reset in which the assertion of the reset is timed by default.
Related violations: <none>

REQP-1839#10 Warning
RAMB36 async control check  
The RAMB36E1 fmchc_python1300c_i/onsemi_python_cam_0/U0/onsemi_vita_cam_v3_1_S00_AXI_inst/onsemi_vita_cam_core_inst/DEMUX_GEN.demux_fifo_l/afifo_64i_16o_l/xpm_fifo_base_inst/gen_sdpram.xpm_memory_base_inst/gen_wr_a.gen_word_wide.mem_reg_1 has an input control pin fmchc_python1300c_i/onsemi_python_cam_0/U0/onsemi_vita_cam_v3_1_S00_AXI_inst/onsemi_vita_cam_core_inst/DEMUX_GEN.demux_fifo_l/afifo_64i_16o_l/xpm_fifo_base_inst/gen_sdpram.xpm_memory_base_inst/gen_wr_a.gen_word_wide.mem_reg_1/ENBWREN (net: fmchc_python1300c_i/onsemi_python_cam_0/U0/onsemi_vita_cam_v3_1_S00_AXI_inst/onsemi_vita_cam_core_inst/DEMUX_GEN.demux_fifo_l/afifo_64i_16o_l/xpm_fifo_base_inst/gen_sdpram.xpm_memory_base_inst/enb) which is driven by a register (fmchc_python1300c_i/onsemi_python_cam_0/U0/onsemi_vita_cam_v3_1_S00_AXI_inst/onsemi_vita_cam_core_inst/syncgen_l/De_s_reg) that has an active asychronous set or reset. This may cause corruption of the memory contents and/or read values when the set/reset is asserted and is not analyzed by the default static timing analysis. It is suggested to eliminate the use of a set/reset to registers driving this RAMB pin or else use a synchronous reset in which the assertion of the reset is timed by default.
Related violations: <none>

REQP-1839#11 Warning
RAMB36 async control check  
The RAMB36E1 fmchc_python1300c_i/onsemi_python_cam_0/U0/onsemi_vita_cam_v3_1_S00_AXI_inst/onsemi_vita_cam_core_inst/DEMUX_GEN.demux_fifo_l/afifo_64i_16o_l/xpm_fifo_base_inst/gen_sdpram.xpm_memory_base_inst/gen_wr_a.gen_word_wide.mem_reg_1 has an input control pin fmchc_python1300c_i/onsemi_python_cam_0/U0/onsemi_vita_cam_v3_1_S00_AXI_inst/onsemi_vita_cam_core_inst/DEMUX_GEN.demux_fifo_l/afifo_64i_16o_l/xpm_fifo_base_inst/gen_sdpram.xpm_memory_base_inst/gen_wr_a.gen_word_wide.mem_reg_1/WEA[0] (net: fmchc_python1300c_i/onsemi_python_cam_0/U0/onsemi_vita_cam_v3_1_S00_AXI_inst/onsemi_vita_cam_core_inst/DEMUX_GEN.demux_fifo_l/afifo_64i_16o_l/xpm_fifo_base_inst/gen_sdpram.xpm_memory_base_inst/wea[0]) which is driven by a register (fmchc_python1300c_i/onsemi_python_cam_0/U0/onsemi_vita_cam_v3_1_S00_AXI_inst/onsemi_vita_cam_core_inst/vita_remapper/VIDEO_SYNC_OUT_reg[0]) that has an active asychronous set or reset. This may cause corruption of the memory contents and/or read values when the set/reset is asserted and is not analyzed by the default static timing analysis. It is suggested to eliminate the use of a set/reset to registers driving this RAMB pin or else use a synchronous reset in which the assertion of the reset is timed by default.
Related violations: <none>

REQP-1839#12 Warning
RAMB36 async control check  
The RAMB36E1 fmchc_python1300c_i/onsemi_python_cam_0/U0/onsemi_vita_cam_v3_1_S00_AXI_inst/onsemi_vita_cam_core_inst/DEMUX_GEN.demux_fifo_l/afifo_64i_16o_l/xpm_fifo_base_inst/gen_sdpram.xpm_memory_base_inst/gen_wr_a.gen_word_wide.mem_reg_2 has an input control pin fmchc_python1300c_i/onsemi_python_cam_0/U0/onsemi_vita_cam_v3_1_S00_AXI_inst/onsemi_vita_cam_core_inst/DEMUX_GEN.demux_fifo_l/afifo_64i_16o_l/xpm_fifo_base_inst/gen_sdpram.xpm_memory_base_inst/gen_wr_a.gen_word_wide.mem_reg_2/ENARDEN (net: fmchc_python1300c_i/onsemi_python_cam_0/U0/onsemi_vita_cam_v3_1_S00_AXI_inst/onsemi_vita_cam_core_inst/DEMUX_GEN.demux_fifo_l/afifo_64i_16o_l/xpm_fifo_base_inst/gen_sdpram.xpm_memory_base_inst/ena) which is driven by a register (fmchc_python1300c_i/onsemi_python_cam_0/U0/onsemi_vita_cam_v3_1_S00_AXI_inst/onsemi_vita_cam_core_inst/vita_remapper/VIDEO_SYNC_OUT_reg[0]) that has an active asychronous set or reset. This may cause corruption of the memory contents and/or read values when the set/reset is asserted and is not analyzed by the default static timing analysis. It is suggested to eliminate the use of a set/reset to registers driving this RAMB pin or else use a synchronous reset in which the assertion of the reset is timed by default.
Related violations: <none>

REQP-1839#13 Warning
RAMB36 async control check  
The RAMB36E1 fmchc_python1300c_i/onsemi_python_cam_0/U0/onsemi_vita_cam_v3_1_S00_AXI_inst/onsemi_vita_cam_core_inst/DEMUX_GEN.demux_fifo_l/afifo_64i_16o_l/xpm_fifo_base_inst/gen_sdpram.xpm_memory_base_inst/gen_wr_a.gen_word_wide.mem_reg_2 has an input control pin fmchc_python1300c_i/onsemi_python_cam_0/U0/onsemi_vita_cam_v3_1_S00_AXI_inst/onsemi_vita_cam_core_inst/DEMUX_GEN.demux_fifo_l/afifo_64i_16o_l/xpm_fifo_base_inst/gen_sdpram.xpm_memory_base_inst/gen_wr_a.gen_word_wide.mem_reg_2/ENBWREN (net: fmchc_python1300c_i/onsemi_python_cam_0/U0/onsemi_vita_cam_v3_1_S00_AXI_inst/onsemi_vita_cam_core_inst/DEMUX_GEN.demux_fifo_l/afifo_64i_16o_l/xpm_fifo_base_inst/gen_sdpram.xpm_memory_base_inst/enb) which is driven by a register (fmchc_python1300c_i/onsemi_python_cam_0/U0/onsemi_vita_cam_v3_1_S00_AXI_inst/onsemi_vita_cam_core_inst/syncgen_l/De_s_reg) that has an active asychronous set or reset. This may cause corruption of the memory contents and/or read values when the set/reset is asserted and is not analyzed by the default static timing analysis. It is suggested to eliminate the use of a set/reset to registers driving this RAMB pin or else use a synchronous reset in which the assertion of the reset is timed by default.
Related violations: <none>

REQP-1839#14 Warning
RAMB36 async control check  
The RAMB36E1 fmchc_python1300c_i/onsemi_python_cam_0/U0/onsemi_vita_cam_v3_1_S00_AXI_inst/onsemi_vita_cam_core_inst/DEMUX_GEN.demux_fifo_l/afifo_64i_16o_l/xpm_fifo_base_inst/gen_sdpram.xpm_memory_base_inst/gen_wr_a.gen_word_wide.mem_reg_2 has an input control pin fmchc_python1300c_i/onsemi_python_cam_0/U0/onsemi_vita_cam_v3_1_S00_AXI_inst/onsemi_vita_cam_core_inst/DEMUX_GEN.demux_fifo_l/afifo_64i_16o_l/xpm_fifo_base_inst/gen_sdpram.xpm_memory_base_inst/gen_wr_a.gen_word_wide.mem_reg_2/WEA[0] (net: fmchc_python1300c_i/onsemi_python_cam_0/U0/onsemi_vita_cam_v3_1_S00_AXI_inst/onsemi_vita_cam_core_inst/DEMUX_GEN.demux_fifo_l/afifo_64i_16o_l/xpm_fifo_base_inst/gen_sdpram.xpm_memory_base_inst/wea[0]) which is driven by a register (fmchc_python1300c_i/onsemi_python_cam_0/U0/onsemi_vita_cam_v3_1_S00_AXI_inst/onsemi_vita_cam_core_inst/vita_remapper/VIDEO_SYNC_OUT_reg[0]) that has an active asychronous set or reset. This may cause corruption of the memory contents and/or read values when the set/reset is asserted and is not analyzed by the default static timing analysis. It is suggested to eliminate the use of a set/reset to registers driving this RAMB pin or else use a synchronous reset in which the assertion of the reset is timed by default.
Related violations: <none>

REQP-1839#15 Warning
RAMB36 async control check  
The RAMB36E1 fmchc_python1300c_i/onsemi_python_cam_0/U0/onsemi_vita_cam_v3_1_S00_AXI_inst/onsemi_vita_cam_core_inst/DEMUX_GEN.demux_fifo_l/afifo_64i_16o_l/xpm_fifo_base_inst/gen_sdpram.xpm_memory_base_inst/gen_wr_a.gen_word_wide.mem_reg_3 has an input control pin fmchc_python1300c_i/onsemi_python_cam_0/U0/onsemi_vita_cam_v3_1_S00_AXI_inst/onsemi_vita_cam_core_inst/DEMUX_GEN.demux_fifo_l/afifo_64i_16o_l/xpm_fifo_base_inst/gen_sdpram.xpm_memory_base_inst/gen_wr_a.gen_word_wide.mem_reg_3/ENARDEN (net: fmchc_python1300c_i/onsemi_python_cam_0/U0/onsemi_vita_cam_v3_1_S00_AXI_inst/onsemi_vita_cam_core_inst/DEMUX_GEN.demux_fifo_l/afifo_64i_16o_l/xpm_fifo_base_inst/gen_sdpram.xpm_memory_base_inst/ena) which is driven by a register (fmchc_python1300c_i/onsemi_python_cam_0/U0/onsemi_vita_cam_v3_1_S00_AXI_inst/onsemi_vita_cam_core_inst/vita_remapper/VIDEO_SYNC_OUT_reg[0]) that has an active asychronous set or reset. This may cause corruption of the memory contents and/or read values when the set/reset is asserted and is not analyzed by the default static timing analysis. It is suggested to eliminate the use of a set/reset to registers driving this RAMB pin or else use a synchronous reset in which the assertion of the reset is timed by default.
Related violations: <none>

REQP-1839#16 Warning
RAMB36 async control check  
The RAMB36E1 fmchc_python1300c_i/onsemi_python_cam_0/U0/onsemi_vita_cam_v3_1_S00_AXI_inst/onsemi_vita_cam_core_inst/DEMUX_GEN.demux_fifo_l/afifo_64i_16o_l/xpm_fifo_base_inst/gen_sdpram.xpm_memory_base_inst/gen_wr_a.gen_word_wide.mem_reg_3 has an input control pin fmchc_python1300c_i/onsemi_python_cam_0/U0/onsemi_vita_cam_v3_1_S00_AXI_inst/onsemi_vita_cam_core_inst/DEMUX_GEN.demux_fifo_l/afifo_64i_16o_l/xpm_fifo_base_inst/gen_sdpram.xpm_memory_base_inst/gen_wr_a.gen_word_wide.mem_reg_3/ENBWREN (net: fmchc_python1300c_i/onsemi_python_cam_0/U0/onsemi_vita_cam_v3_1_S00_AXI_inst/onsemi_vita_cam_core_inst/DEMUX_GEN.demux_fifo_l/afifo_64i_16o_l/xpm_fifo_base_inst/gen_sdpram.xpm_memory_base_inst/enb) which is driven by a register (fmchc_python1300c_i/onsemi_python_cam_0/U0/onsemi_vita_cam_v3_1_S00_AXI_inst/onsemi_vita_cam_core_inst/syncgen_l/De_s_reg) that has an active asychronous set or reset. This may cause corruption of the memory contents and/or read values when the set/reset is asserted and is not analyzed by the default static timing analysis. It is suggested to eliminate the use of a set/reset to registers driving this RAMB pin or else use a synchronous reset in which the assertion of the reset is timed by default.
Related violations: <none>

REQP-1839#17 Warning
RAMB36 async control check  
The RAMB36E1 fmchc_python1300c_i/onsemi_python_cam_0/U0/onsemi_vita_cam_v3_1_S00_AXI_inst/onsemi_vita_cam_core_inst/DEMUX_GEN.demux_fifo_l/afifo_64i_16o_l/xpm_fifo_base_inst/gen_sdpram.xpm_memory_base_inst/gen_wr_a.gen_word_wide.mem_reg_3 has an input control pin fmchc_python1300c_i/onsemi_python_cam_0/U0/onsemi_vita_cam_v3_1_S00_AXI_inst/onsemi_vita_cam_core_inst/DEMUX_GEN.demux_fifo_l/afifo_64i_16o_l/xpm_fifo_base_inst/gen_sdpram.xpm_memory_base_inst/gen_wr_a.gen_word_wide.mem_reg_3/WEA[0] (net: fmchc_python1300c_i/onsemi_python_cam_0/U0/onsemi_vita_cam_v3_1_S00_AXI_inst/onsemi_vita_cam_core_inst/DEMUX_GEN.demux_fifo_l/afifo_64i_16o_l/xpm_fifo_base_inst/gen_sdpram.xpm_memory_base_inst/wea[0]) which is driven by a register (fmchc_python1300c_i/onsemi_python_cam_0/U0/onsemi_vita_cam_v3_1_S00_AXI_inst/onsemi_vita_cam_core_inst/vita_remapper/VIDEO_SYNC_OUT_reg[0]) that has an active asychronous set or reset. This may cause corruption of the memory contents and/or read values when the set/reset is asserted and is not analyzed by the default static timing analysis. It is suggested to eliminate the use of a set/reset to registers driving this RAMB pin or else use a synchronous reset in which the assertion of the reset is timed by default.
Related violations: <none>

REQP-1839#18 Warning
RAMB36 async control check  
The RAMB36E1 fmchc_python1300c_i/onsemi_python_cam_0/U0/onsemi_vita_cam_v3_1_S00_AXI_inst/onsemi_vita_cam_core_inst/DEMUX_GEN.demux_fifo_l/afifo_64i_16o_l/xpm_fifo_base_inst/gen_sdpram.xpm_memory_base_inst/gen_wr_a.gen_word_wide.mem_reg_4 has an input control pin fmchc_python1300c_i/onsemi_python_cam_0/U0/onsemi_vita_cam_v3_1_S00_AXI_inst/onsemi_vita_cam_core_inst/DEMUX_GEN.demux_fifo_l/afifo_64i_16o_l/xpm_fifo_base_inst/gen_sdpram.xpm_memory_base_inst/gen_wr_a.gen_word_wide.mem_reg_4/ENARDEN (net: fmchc_python1300c_i/onsemi_python_cam_0/U0/onsemi_vita_cam_v3_1_S00_AXI_inst/onsemi_vita_cam_core_inst/DEMUX_GEN.demux_fifo_l/afifo_64i_16o_l/xpm_fifo_base_inst/gen_sdpram.xpm_memory_base_inst/ena) which is driven by a register (fmchc_python1300c_i/onsemi_python_cam_0/U0/onsemi_vita_cam_v3_1_S00_AXI_inst/onsemi_vita_cam_core_inst/vita_remapper/VIDEO_SYNC_OUT_reg[0]) that has an active asychronous set or reset. This may cause corruption of the memory contents and/or read values when the set/reset is asserted and is not analyzed by the default static timing analysis. It is suggested to eliminate the use of a set/reset to registers driving this RAMB pin or else use a synchronous reset in which the assertion of the reset is timed by default.
Related violations: <none>

REQP-1839#19 Warning
RAMB36 async control check  
The RAMB36E1 fmchc_python1300c_i/onsemi_python_cam_0/U0/onsemi_vita_cam_v3_1_S00_AXI_inst/onsemi_vita_cam_core_inst/DEMUX_GEN.demux_fifo_l/afifo_64i_16o_l/xpm_fifo_base_inst/gen_sdpram.xpm_memory_base_inst/gen_wr_a.gen_word_wide.mem_reg_4 has an input control pin fmchc_python1300c_i/onsemi_python_cam_0/U0/onsemi_vita_cam_v3_1_S00_AXI_inst/onsemi_vita_cam_core_inst/DEMUX_GEN.demux_fifo_l/afifo_64i_16o_l/xpm_fifo_base_inst/gen_sdpram.xpm_memory_base_inst/gen_wr_a.gen_word_wide.mem_reg_4/ENBWREN (net: fmchc_python1300c_i/onsemi_python_cam_0/U0/onsemi_vita_cam_v3_1_S00_AXI_inst/onsemi_vita_cam_core_inst/DEMUX_GEN.demux_fifo_l/afifo_64i_16o_l/xpm_fifo_base_inst/gen_sdpram.xpm_memory_base_inst/enb) which is driven by a register (fmchc_python1300c_i/onsemi_python_cam_0/U0/onsemi_vita_cam_v3_1_S00_AXI_inst/onsemi_vita_cam_core_inst/syncgen_l/De_s_reg) that has an active asychronous set or reset. This may cause corruption of the memory contents and/or read values when the set/reset is asserted and is not analyzed by the default static timing analysis. It is suggested to eliminate the use of a set/reset to registers driving this RAMB pin or else use a synchronous reset in which the assertion of the reset is timed by default.
Related violations: <none>

REQP-1839#20 Warning
RAMB36 async control check  
The RAMB36E1 fmchc_python1300c_i/onsemi_python_cam_0/U0/onsemi_vita_cam_v3_1_S00_AXI_inst/onsemi_vita_cam_core_inst/DEMUX_GEN.demux_fifo_l/afifo_64i_16o_l/xpm_fifo_base_inst/gen_sdpram.xpm_memory_base_inst/gen_wr_a.gen_word_wide.mem_reg_4 has an input control pin fmchc_python1300c_i/onsemi_python_cam_0/U0/onsemi_vita_cam_v3_1_S00_AXI_inst/onsemi_vita_cam_core_inst/DEMUX_GEN.demux_fifo_l/afifo_64i_16o_l/xpm_fifo_base_inst/gen_sdpram.xpm_memory_base_inst/gen_wr_a.gen_word_wide.mem_reg_4/WEA[0] (net: fmchc_python1300c_i/onsemi_python_cam_0/U0/onsemi_vita_cam_v3_1_S00_AXI_inst/onsemi_vita_cam_core_inst/DEMUX_GEN.demux_fifo_l/afifo_64i_16o_l/xpm_fifo_base_inst/gen_sdpram.xpm_memory_base_inst/wea[0]) which is driven by a register (fmchc_python1300c_i/onsemi_python_cam_0/U0/onsemi_vita_cam_v3_1_S00_AXI_inst/onsemi_vita_cam_core_inst/vita_remapper/VIDEO_SYNC_OUT_reg[0]) that has an active asychronous set or reset. This may cause corruption of the memory contents and/or read values when the set/reset is asserted and is not analyzed by the default static timing analysis. It is suggested to eliminate the use of a set/reset to registers driving this RAMB pin or else use a synchronous reset in which the assertion of the reset is timed by default.
Related violations: <none>

REQP-1840#1 Warning
RAMB18 async control check  
The RAMB18E1 fmchc_python1300c_i/square_check_0/U0/square_check_AXI_Lite_RGB_1_N_m_axi_U/bus_write/buff_wdata/mem_reg has an input control pin fmchc_python1300c_i/square_check_0/U0/square_check_AXI_Lite_RGB_1_N_m_axi_U/bus_write/buff_wdata/mem_reg/ADDRARDADDR[11] (net: fmchc_python1300c_i/square_check_0/U0/square_check_AXI_Lite_RGB_1_N_m_axi_U/bus_write/buff_wdata/mem_reg_i_2_n_2) which is driven by a register (fmchc_python1300c_i/axi_interconnect_1/m00_couplers/auto_pc/inst/gen_axi4_axi3.axi3_conv_inst/USE_READ.USE_SPLIT_R.read_addr_inst/USE_R_CHANNEL.cmd_queue/inst/fifo_gen_inst/inst_fifo_gen/gconvfifo.rf/grf.rf/gntv_or_sync_fifo.gl0.rd/gr1.gr1_int.rfwft/empty_fwft_i_reg) that has an active asychronous set or reset. This may cause corruption of the memory contents and/or read values when the set/reset is asserted and is not analyzed by the default static timing analysis. It is suggested to eliminate the use of a set/reset to registers driving this RAMB pin or else use a synchronous reset in which the assertion of the reset is timed by default.
Related violations: <none>

REQP-1840#2 Warning
RAMB18 async control check  
The RAMB18E1 fmchc_python1300c_i/square_check_0/U0/square_check_AXI_Lite_RGB_1_N_m_axi_U/bus_write/buff_wdata/mem_reg has an input control pin fmchc_python1300c_i/square_check_0/U0/square_check_AXI_Lite_RGB_1_N_m_axi_U/bus_write/buff_wdata/mem_reg/ADDRARDADDR[11] (net: fmchc_python1300c_i/square_check_0/U0/square_check_AXI_Lite_RGB_1_N_m_axi_U/bus_write/buff_wdata/mem_reg_i_2_n_2) which is driven by a register (fmchc_python1300c_i/axi_interconnect_1/m00_couplers/auto_pc/inst/gen_axi4_axi3.axi3_conv_inst/USE_READ.USE_SPLIT_R.read_addr_inst/USE_R_CHANNEL.cmd_queue/inst/fifo_gen_inst/inst_fifo_gen/gconvfifo.rf/grf.rf/gntv_or_sync_fifo.gl0.wr/gwss.wsts/ram_full_i_reg) that has an active asychronous set or reset. This may cause corruption of the memory contents and/or read values when the set/reset is asserted and is not analyzed by the default static timing analysis. It is suggested to eliminate the use of a set/reset to registers driving this RAMB pin or else use a synchronous reset in which the assertion of the reset is timed by default.
Related violations: <none>

REQP-1840#3 Warning
RAMB18 async control check  
The RAMB18E1 fmchc_python1300c_i/square_check_0/U0/square_check_AXI_Lite_RGB_1_N_m_axi_U/bus_write/buff_wdata/mem_reg has an input control pin fmchc_python1300c_i/square_check_0/U0/square_check_AXI_Lite_RGB_1_N_m_axi_U/bus_write/buff_wdata/mem_reg/ADDRARDADDR[11] (net: fmchc_python1300c_i/square_check_0/U0/square_check_AXI_Lite_RGB_1_N_m_axi_U/bus_write/buff_wdata/mem_reg_i_2_n_2) which is driven by a register (fmchc_python1300c_i/axi_interconnect_1/m00_couplers/auto_pc/inst/gen_axi4_axi3.axi3_conv_inst/USE_WRITE.write_addr_inst/USE_BURSTS.cmd_queue/inst/fifo_gen_inst/inst_fifo_gen/gconvfifo.rf/grf.rf/gntv_or_sync_fifo.gl0.rd/gr1.gr1_int.rfwft/empty_fwft_i_reg) that has an active asychronous set or reset. This may cause corruption of the memory contents and/or read values when the set/reset is asserted and is not analyzed by the default static timing analysis. It is suggested to eliminate the use of a set/reset to registers driving this RAMB pin or else use a synchronous reset in which the assertion of the reset is timed by default.
Related violations: <none>

REQP-1840#4 Warning
RAMB18 async control check  
The RAMB18E1 fmchc_python1300c_i/square_check_0/U0/square_check_AXI_Lite_RGB_1_N_m_axi_U/bus_write/buff_wdata/mem_reg has an input control pin fmchc_python1300c_i/square_check_0/U0/square_check_AXI_Lite_RGB_1_N_m_axi_U/bus_write/buff_wdata/mem_reg/ADDRARDADDR[11] (net: fmchc_python1300c_i/square_check_0/U0/square_check_AXI_Lite_RGB_1_N_m_axi_U/bus_write/buff_wdata/mem_reg_i_2_n_2) which is driven by a register (fmchc_python1300c_i/axi_interconnect_1/m00_couplers/auto_pc/inst/gen_axi4_axi3.axi3_conv_inst/USE_WRITE.write_addr_inst/USE_BURSTS.cmd_queue/inst/fifo_gen_inst/inst_fifo_gen/gconvfifo.rf/grf.rf/gntv_or_sync_fifo.gl0.wr/gwss.wsts/ram_full_i_reg) that has an active asychronous set or reset. This may cause corruption of the memory contents and/or read values when the set/reset is asserted and is not analyzed by the default static timing analysis. It is suggested to eliminate the use of a set/reset to registers driving this RAMB pin or else use a synchronous reset in which the assertion of the reset is timed by default.
Related violations: <none>

REQP-1840#5 Warning
RAMB18 async control check  
The RAMB18E1 fmchc_python1300c_i/square_check_0/U0/square_check_AXI_Lite_RGB_1_N_m_axi_U/bus_write/buff_wdata/mem_reg has an input control pin fmchc_python1300c_i/square_check_0/U0/square_check_AXI_Lite_RGB_1_N_m_axi_U/bus_write/buff_wdata/mem_reg/ADDRARDADDR[11] (net: fmchc_python1300c_i/square_check_0/U0/square_check_AXI_Lite_RGB_1_N_m_axi_U/bus_write/buff_wdata/mem_reg_i_2_n_2) which is driven by a register (fmchc_python1300c_i/axi_interconnect_1/m00_couplers/auto_pc/inst/gen_axi4_axi3.axi3_conv_inst/USE_WRITE.write_addr_inst/USE_B_CHANNEL.cmd_b_queue/inst/fifo_gen_inst/inst_fifo_gen/gconvfifo.rf/grf.rf/gntv_or_sync_fifo.gl0.wr/gwss.wsts/ram_full_i_reg) that has an active asychronous set or reset. This may cause corruption of the memory contents and/or read values when the set/reset is asserted and is not analyzed by the default static timing analysis. It is suggested to eliminate the use of a set/reset to registers driving this RAMB pin or else use a synchronous reset in which the assertion of the reset is timed by default.
Related violations: <none>

REQP-1840#6 Warning
RAMB18 async control check  
The RAMB18E1 fmchc_python1300c_i/square_check_0/U0/square_check_AXI_Lite_RGB_1_N_m_axi_U/bus_write/buff_wdata/mem_reg has an input control pin fmchc_python1300c_i/square_check_0/U0/square_check_AXI_Lite_RGB_1_N_m_axi_U/bus_write/buff_wdata/mem_reg/ADDRARDADDR[11] (net: fmchc_python1300c_i/square_check_0/U0/square_check_AXI_Lite_RGB_1_N_m_axi_U/bus_write/buff_wdata/mem_reg_i_2_n_2) which is driven by a register (fmchc_python1300c_i/axi_mem_intercon/m00_couplers/auto_pc/inst/gen_axi4_axi3.axi3_conv_inst/USE_READ.USE_SPLIT_R.read_addr_inst/USE_R_CHANNEL.cmd_queue/inst/fifo_gen_inst/inst_fifo_gen/gconvfifo.rf/grf.rf/gntv_or_sync_fifo.gl0.rd/gr1.gr1_int.rfwft/empty_fwft_i_reg) that has an active asychronous set or reset. This may cause corruption of the memory contents and/or read values when the set/reset is asserted and is not analyzed by the default static timing analysis. It is suggested to eliminate the use of a set/reset to registers driving this RAMB pin or else use a synchronous reset in which the assertion of the reset is timed by default.
Related violations: <none>

REQP-1840#7 Warning
RAMB18 async control check  
The RAMB18E1 fmchc_python1300c_i/square_check_0/U0/square_check_AXI_Lite_RGB_1_N_m_axi_U/bus_write/buff_wdata/mem_reg has an input control pin fmchc_python1300c_i/square_check_0/U0/square_check_AXI_Lite_RGB_1_N_m_axi_U/bus_write/buff_wdata/mem_reg/ADDRARDADDR[11] (net: fmchc_python1300c_i/square_check_0/U0/square_check_AXI_Lite_RGB_1_N_m_axi_U/bus_write/buff_wdata/mem_reg_i_2_n_2) which is driven by a register (fmchc_python1300c_i/axi_mem_intercon/m00_couplers/auto_pc/inst/gen_axi4_axi3.axi3_conv_inst/USE_READ.USE_SPLIT_R.read_addr_inst/USE_R_CHANNEL.cmd_queue/inst/fifo_gen_inst/inst_fifo_gen/gconvfifo.rf/grf.rf/gntv_or_sync_fifo.gl0.wr/gwss.wsts/ram_full_i_reg) that has an active asychronous set or reset. This may cause corruption of the memory contents and/or read values when the set/reset is asserted and is not analyzed by the default static timing analysis. It is suggested to eliminate the use of a set/reset to registers driving this RAMB pin or else use a synchronous reset in which the assertion of the reset is timed by default.
Related violations: <none>

REQP-1840#8 Warning
RAMB18 async control check  
The RAMB18E1 fmchc_python1300c_i/square_check_0/U0/square_check_AXI_Lite_RGB_1_N_m_axi_U/bus_write/buff_wdata/mem_reg has an input control pin fmchc_python1300c_i/square_check_0/U0/square_check_AXI_Lite_RGB_1_N_m_axi_U/bus_write/buff_wdata/mem_reg/ADDRARDADDR[11] (net: fmchc_python1300c_i/square_check_0/U0/square_check_AXI_Lite_RGB_1_N_m_axi_U/bus_write/buff_wdata/mem_reg_i_2_n_2) which is driven by a register (fmchc_python1300c_i/axi_mem_intercon/m00_couplers/auto_pc/inst/gen_axi4_axi3.axi3_conv_inst/USE_WRITE.write_addr_inst/USE_BURSTS.cmd_queue/inst/fifo_gen_inst/inst_fifo_gen/gconvfifo.rf/grf.rf/gntv_or_sync_fifo.gl0.rd/gr1.gr1_int.rfwft/empty_fwft_i_reg) that has an active asychronous set or reset. This may cause corruption of the memory contents and/or read values when the set/reset is asserted and is not analyzed by the default static timing analysis. It is suggested to eliminate the use of a set/reset to registers driving this RAMB pin or else use a synchronous reset in which the assertion of the reset is timed by default.
Related violations: <none>

REQP-1840#9 Warning
RAMB18 async control check  
The RAMB18E1 fmchc_python1300c_i/square_check_0/U0/square_check_AXI_Lite_RGB_1_N_m_axi_U/bus_write/buff_wdata/mem_reg has an input control pin fmchc_python1300c_i/square_check_0/U0/square_check_AXI_Lite_RGB_1_N_m_axi_U/bus_write/buff_wdata/mem_reg/ADDRARDADDR[11] (net: fmchc_python1300c_i/square_check_0/U0/square_check_AXI_Lite_RGB_1_N_m_axi_U/bus_write/buff_wdata/mem_reg_i_2_n_2) which is driven by a register (fmchc_python1300c_i/axi_mem_intercon/m00_couplers/auto_pc/inst/gen_axi4_axi3.axi3_conv_inst/USE_WRITE.write_addr_inst/USE_BURSTS.cmd_queue/inst/fifo_gen_inst/inst_fifo_gen/gconvfifo.rf/grf.rf/gntv_or_sync_fifo.gl0.wr/gwss.wsts/ram_full_i_reg) that has an active asychronous set or reset. This may cause corruption of the memory contents and/or read values when the set/reset is asserted and is not analyzed by the default static timing analysis. It is suggested to eliminate the use of a set/reset to registers driving this RAMB pin or else use a synchronous reset in which the assertion of the reset is timed by default.
Related violations: <none>

REQP-1840#10 Warning
RAMB18 async control check  
The RAMB18E1 fmchc_python1300c_i/square_check_0/U0/square_check_AXI_Lite_RGB_1_N_m_axi_U/bus_write/buff_wdata/mem_reg has an input control pin fmchc_python1300c_i/square_check_0/U0/square_check_AXI_Lite_RGB_1_N_m_axi_U/bus_write/buff_wdata/mem_reg/ADDRARDADDR[11] (net: fmchc_python1300c_i/square_check_0/U0/square_check_AXI_Lite_RGB_1_N_m_axi_U/bus_write/buff_wdata/mem_reg_i_2_n_2) which is driven by a register (fmchc_python1300c_i/axi_mem_intercon/m00_couplers/auto_pc/inst/gen_axi4_axi3.axi3_conv_inst/USE_WRITE.write_addr_inst/USE_B_CHANNEL.cmd_b_queue/inst/fifo_gen_inst/inst_fifo_gen/gconvfifo.rf/grf.rf/gntv_or_sync_fifo.gl0.wr/gwss.wsts/ram_full_i_reg) that has an active asychronous set or reset. This may cause corruption of the memory contents and/or read values when the set/reset is asserted and is not analyzed by the default static timing analysis. It is suggested to eliminate the use of a set/reset to registers driving this RAMB pin or else use a synchronous reset in which the assertion of the reset is timed by default.
Related violations: <none>

REQP-1840#11 Warning
RAMB18 async control check  
The RAMB18E1 fmchc_python1300c_i/square_check_0/U0/square_check_AXI_Lite_RGB_1_N_m_axi_U/bus_write/buff_wdata/mem_reg has an input control pin fmchc_python1300c_i/square_check_0/U0/square_check_AXI_Lite_RGB_1_N_m_axi_U/bus_write/buff_wdata/mem_reg/ADDRARDADDR[12] (net: fmchc_python1300c_i/square_check_0/U0/square_check_AXI_Lite_RGB_1_N_m_axi_U/bus_write/buff_wdata/mem_reg_i_1_n_2) which is driven by a register (fmchc_python1300c_i/axi_interconnect_1/m00_couplers/auto_pc/inst/gen_axi4_axi3.axi3_conv_inst/USE_READ.USE_SPLIT_R.read_addr_inst/USE_R_CHANNEL.cmd_queue/inst/fifo_gen_inst/inst_fifo_gen/gconvfifo.rf/grf.rf/gntv_or_sync_fifo.gl0.rd/gr1.gr1_int.rfwft/empty_fwft_i_reg) that has an active asychronous set or reset. This may cause corruption of the memory contents and/or read values when the set/reset is asserted and is not analyzed by the default static timing analysis. It is suggested to eliminate the use of a set/reset to registers driving this RAMB pin or else use a synchronous reset in which the assertion of the reset is timed by default.
Related violations: <none>

REQP-1840#12 Warning
RAMB18 async control check  
The RAMB18E1 fmchc_python1300c_i/square_check_0/U0/square_check_AXI_Lite_RGB_1_N_m_axi_U/bus_write/buff_wdata/mem_reg has an input control pin fmchc_python1300c_i/square_check_0/U0/square_check_AXI_Lite_RGB_1_N_m_axi_U/bus_write/buff_wdata/mem_reg/ADDRARDADDR[12] (net: fmchc_python1300c_i/square_check_0/U0/square_check_AXI_Lite_RGB_1_N_m_axi_U/bus_write/buff_wdata/mem_reg_i_1_n_2) which is driven by a register (fmchc_python1300c_i/axi_interconnect_1/m00_couplers/auto_pc/inst/gen_axi4_axi3.axi3_conv_inst/USE_READ.USE_SPLIT_R.read_addr_inst/USE_R_CHANNEL.cmd_queue/inst/fifo_gen_inst/inst_fifo_gen/gconvfifo.rf/grf.rf/gntv_or_sync_fifo.gl0.wr/gwss.wsts/ram_full_i_reg) that has an active asychronous set or reset. This may cause corruption of the memory contents and/or read values when the set/reset is asserted and is not analyzed by the default static timing analysis. It is suggested to eliminate the use of a set/reset to registers driving this RAMB pin or else use a synchronous reset in which the assertion of the reset is timed by default.
Related violations: <none>

REQP-1840#13 Warning
RAMB18 async control check  
The RAMB18E1 fmchc_python1300c_i/square_check_0/U0/square_check_AXI_Lite_RGB_1_N_m_axi_U/bus_write/buff_wdata/mem_reg has an input control pin fmchc_python1300c_i/square_check_0/U0/square_check_AXI_Lite_RGB_1_N_m_axi_U/bus_write/buff_wdata/mem_reg/ADDRARDADDR[12] (net: fmchc_python1300c_i/square_check_0/U0/square_check_AXI_Lite_RGB_1_N_m_axi_U/bus_write/buff_wdata/mem_reg_i_1_n_2) which is driven by a register (fmchc_python1300c_i/axi_interconnect_1/m00_couplers/auto_pc/inst/gen_axi4_axi3.axi3_conv_inst/USE_WRITE.write_addr_inst/USE_BURSTS.cmd_queue/inst/fifo_gen_inst/inst_fifo_gen/gconvfifo.rf/grf.rf/gntv_or_sync_fifo.gl0.rd/gr1.gr1_int.rfwft/empty_fwft_i_reg) that has an active asychronous set or reset. This may cause corruption of the memory contents and/or read values when the set/reset is asserted and is not analyzed by the default static timing analysis. It is suggested to eliminate the use of a set/reset to registers driving this RAMB pin or else use a synchronous reset in which the assertion of the reset is timed by default.
Related violations: <none>

REQP-1840#14 Warning
RAMB18 async control check  
The RAMB18E1 fmchc_python1300c_i/square_check_0/U0/square_check_AXI_Lite_RGB_1_N_m_axi_U/bus_write/buff_wdata/mem_reg has an input control pin fmchc_python1300c_i/square_check_0/U0/square_check_AXI_Lite_RGB_1_N_m_axi_U/bus_write/buff_wdata/mem_reg/ADDRARDADDR[12] (net: fmchc_python1300c_i/square_check_0/U0/square_check_AXI_Lite_RGB_1_N_m_axi_U/bus_write/buff_wdata/mem_reg_i_1_n_2) which is driven by a register (fmchc_python1300c_i/axi_interconnect_1/m00_couplers/auto_pc/inst/gen_axi4_axi3.axi3_conv_inst/USE_WRITE.write_addr_inst/USE_BURSTS.cmd_queue/inst/fifo_gen_inst/inst_fifo_gen/gconvfifo.rf/grf.rf/gntv_or_sync_fifo.gl0.wr/gwss.wsts/ram_full_i_reg) that has an active asychronous set or reset. This may cause corruption of the memory contents and/or read values when the set/reset is asserted and is not analyzed by the default static timing analysis. It is suggested to eliminate the use of a set/reset to registers driving this RAMB pin or else use a synchronous reset in which the assertion of the reset is timed by default.
Related violations: <none>

REQP-1840#15 Warning
RAMB18 async control check  
The RAMB18E1 fmchc_python1300c_i/square_check_0/U0/square_check_AXI_Lite_RGB_1_N_m_axi_U/bus_write/buff_wdata/mem_reg has an input control pin fmchc_python1300c_i/square_check_0/U0/square_check_AXI_Lite_RGB_1_N_m_axi_U/bus_write/buff_wdata/mem_reg/ADDRARDADDR[12] (net: fmchc_python1300c_i/square_check_0/U0/square_check_AXI_Lite_RGB_1_N_m_axi_U/bus_write/buff_wdata/mem_reg_i_1_n_2) which is driven by a register (fmchc_python1300c_i/axi_interconnect_1/m00_couplers/auto_pc/inst/gen_axi4_axi3.axi3_conv_inst/USE_WRITE.write_addr_inst/USE_B_CHANNEL.cmd_b_queue/inst/fifo_gen_inst/inst_fifo_gen/gconvfifo.rf/grf.rf/gntv_or_sync_fifo.gl0.wr/gwss.wsts/ram_full_i_reg) that has an active asychronous set or reset. This may cause corruption of the memory contents and/or read values when the set/reset is asserted and is not analyzed by the default static timing analysis. It is suggested to eliminate the use of a set/reset to registers driving this RAMB pin or else use a synchronous reset in which the assertion of the reset is timed by default.
Related violations: <none>

REQP-1840#16 Warning
RAMB18 async control check  
The RAMB18E1 fmchc_python1300c_i/square_check_0/U0/square_check_AXI_Lite_RGB_1_N_m_axi_U/bus_write/buff_wdata/mem_reg has an input control pin fmchc_python1300c_i/square_check_0/U0/square_check_AXI_Lite_RGB_1_N_m_axi_U/bus_write/buff_wdata/mem_reg/ADDRARDADDR[12] (net: fmchc_python1300c_i/square_check_0/U0/square_check_AXI_Lite_RGB_1_N_m_axi_U/bus_write/buff_wdata/mem_reg_i_1_n_2) which is driven by a register (fmchc_python1300c_i/axi_mem_intercon/m00_couplers/auto_pc/inst/gen_axi4_axi3.axi3_conv_inst/USE_READ.USE_SPLIT_R.read_addr_inst/USE_R_CHANNEL.cmd_queue/inst/fifo_gen_inst/inst_fifo_gen/gconvfifo.rf/grf.rf/gntv_or_sync_fifo.gl0.rd/gr1.gr1_int.rfwft/empty_fwft_i_reg) that has an active asychronous set or reset. This may cause corruption of the memory contents and/or read values when the set/reset is asserted and is not analyzed by the default static timing analysis. It is suggested to eliminate the use of a set/reset to registers driving this RAMB pin or else use a synchronous reset in which the assertion of the reset is timed by default.
Related violations: <none>

REQP-1840#17 Warning
RAMB18 async control check  
The RAMB18E1 fmchc_python1300c_i/square_check_0/U0/square_check_AXI_Lite_RGB_1_N_m_axi_U/bus_write/buff_wdata/mem_reg has an input control pin fmchc_python1300c_i/square_check_0/U0/square_check_AXI_Lite_RGB_1_N_m_axi_U/bus_write/buff_wdata/mem_reg/ADDRARDADDR[12] (net: fmchc_python1300c_i/square_check_0/U0/square_check_AXI_Lite_RGB_1_N_m_axi_U/bus_write/buff_wdata/mem_reg_i_1_n_2) which is driven by a register (fmchc_python1300c_i/axi_mem_intercon/m00_couplers/auto_pc/inst/gen_axi4_axi3.axi3_conv_inst/USE_READ.USE_SPLIT_R.read_addr_inst/USE_R_CHANNEL.cmd_queue/inst/fifo_gen_inst/inst_fifo_gen/gconvfifo.rf/grf.rf/gntv_or_sync_fifo.gl0.wr/gwss.wsts/ram_full_i_reg) that has an active asychronous set or reset. This may cause corruption of the memory contents and/or read values when the set/reset is asserted and is not analyzed by the default static timing analysis. It is suggested to eliminate the use of a set/reset to registers driving this RAMB pin or else use a synchronous reset in which the assertion of the reset is timed by default.
Related violations: <none>

REQP-1840#18 Warning
RAMB18 async control check  
The RAMB18E1 fmchc_python1300c_i/square_check_0/U0/square_check_AXI_Lite_RGB_1_N_m_axi_U/bus_write/buff_wdata/mem_reg has an input control pin fmchc_python1300c_i/square_check_0/U0/square_check_AXI_Lite_RGB_1_N_m_axi_U/bus_write/buff_wdata/mem_reg/ADDRARDADDR[12] (net: fmchc_python1300c_i/square_check_0/U0/square_check_AXI_Lite_RGB_1_N_m_axi_U/bus_write/buff_wdata/mem_reg_i_1_n_2) which is driven by a register (fmchc_python1300c_i/axi_mem_intercon/m00_couplers/auto_pc/inst/gen_axi4_axi3.axi3_conv_inst/USE_WRITE.write_addr_inst/USE_BURSTS.cmd_queue/inst/fifo_gen_inst/inst_fifo_gen/gconvfifo.rf/grf.rf/gntv_or_sync_fifo.gl0.rd/gr1.gr1_int.rfwft/empty_fwft_i_reg) that has an active asychronous set or reset. This may cause corruption of the memory contents and/or read values when the set/reset is asserted and is not analyzed by the default static timing analysis. It is suggested to eliminate the use of a set/reset to registers driving this RAMB pin or else use a synchronous reset in which the assertion of the reset is timed by default.
Related violations: <none>

REQP-1840#19 Warning
RAMB18 async control check  
The RAMB18E1 fmchc_python1300c_i/square_check_0/U0/square_check_AXI_Lite_RGB_1_N_m_axi_U/bus_write/buff_wdata/mem_reg has an input control pin fmchc_python1300c_i/square_check_0/U0/square_check_AXI_Lite_RGB_1_N_m_axi_U/bus_write/buff_wdata/mem_reg/ADDRARDADDR[12] (net: fmchc_python1300c_i/square_check_0/U0/square_check_AXI_Lite_RGB_1_N_m_axi_U/bus_write/buff_wdata/mem_reg_i_1_n_2) which is driven by a register (fmchc_python1300c_i/axi_mem_intercon/m00_couplers/auto_pc/inst/gen_axi4_axi3.axi3_conv_inst/USE_WRITE.write_addr_inst/USE_BURSTS.cmd_queue/inst/fifo_gen_inst/inst_fifo_gen/gconvfifo.rf/grf.rf/gntv_or_sync_fifo.gl0.wr/gwss.wsts/ram_full_i_reg) that has an active asychronous set or reset. This may cause corruption of the memory contents and/or read values when the set/reset is asserted and is not analyzed by the default static timing analysis. It is suggested to eliminate the use of a set/reset to registers driving this RAMB pin or else use a synchronous reset in which the assertion of the reset is timed by default.
Related violations: <none>

REQP-1840#20 Warning
RAMB18 async control check  
The RAMB18E1 fmchc_python1300c_i/square_check_0/U0/square_check_AXI_Lite_RGB_1_N_m_axi_U/bus_write/buff_wdata/mem_reg has an input control pin fmchc_python1300c_i/square_check_0/U0/square_check_AXI_Lite_RGB_1_N_m_axi_U/bus_write/buff_wdata/mem_reg/ADDRARDADDR[12] (net: fmchc_python1300c_i/square_check_0/U0/square_check_AXI_Lite_RGB_1_N_m_axi_U/bus_write/buff_wdata/mem_reg_i_1_n_2) which is driven by a register (fmchc_python1300c_i/axi_mem_intercon/m00_couplers/auto_pc/inst/gen_axi4_axi3.axi3_conv_inst/USE_WRITE.write_addr_inst/USE_B_CHANNEL.cmd_b_queue/inst/fifo_gen_inst/inst_fifo_gen/gconvfifo.rf/grf.rf/gntv_or_sync_fifo.gl0.wr/gwss.wsts/ram_full_i_reg) that has an active asychronous set or reset. This may cause corruption of the memory contents and/or read values when the set/reset is asserted and is not analyzed by the default static timing analysis. It is suggested to eliminate the use of a set/reset to registers driving this RAMB pin or else use a synchronous reset in which the assertion of the reset is timed by default.
Related violations: <none>


