
*** Running vivado
    with args -log fmchc_python1300c_xbar_1.vds -m64 -product Vivado -mode batch -messageDb vivado.pb -notrace -source fmchc_python1300c_xbar_1.tcl


****** Vivado v2016.4 (64-bit)
  **** SW Build 1756540 on Mon Jan 23 19:11:23 MST 2017
  **** IP Build 1755317 on Mon Jan 23 20:30:07 MST 2017
    ** Copyright 1986-2016 Xilinx, Inc. All Rights Reserved.

ERROR: [Common 17-354] Could not open 'C' for writing.
ERROR: [Common 17-356] Failed to install all user apps.
ERROR: [Common 17-354] Could not open 'C' for writing.
source fmchc_python1300c_xbar_1.tcl -notrace
create_project: Time (s): cpu = 00:00:01 ; elapsed = 00:00:07 . Memory (MB): peak = 244.742 ; gain = 33.727
Starting RTL Elaboration : Time (s): cpu = 00:00:16 ; elapsed = 00:01:01 . Memory (MB): peak = 365.504 ; gain = 154.488
INFO: [Synth 8-638] synthesizing module 'fmchc_python1300c_xbar_1' [c:/Avnet/hdl/Projects/fmchc_python1300c/PZ7030_FMC2/fmchc_python1300c.srcs/sources_1/bd/fmchc_python1300c/ip/fmchc_python1300c_xbar_1/synth/fmchc_python1300c_xbar_1.v:59]
INFO: [Synth 8-638] synthesizing module 'axi_crossbar_v2_1_12_axi_crossbar' [c:/Avnet/hdl/Projects/fmchc_python1300c/PZ7030_FMC2/fmchc_python1300c.srcs/sources_1/bd/fmchc_python1300c/ipshared/896d/hdl/axi_crossbar_v2_1_vl_rfs.v:4882]
INFO: [Synth 8-638] synthesizing module 'axi_crossbar_v2_1_12_crossbar_sasd' [c:/Avnet/hdl/Projects/fmchc_python1300c/PZ7030_FMC2/fmchc_python1300c.srcs/sources_1/bd/fmchc_python1300c/ipshared/896d/hdl/axi_crossbar_v2_1_vl_rfs.v:1240]
INFO: [Synth 8-638] synthesizing module 'axi_crossbar_v2_1_12_addr_decoder' [c:/Avnet/hdl/Projects/fmchc_python1300c/PZ7030_FMC2/fmchc_python1300c.srcs/sources_1/bd/fmchc_python1300c/ipshared/896d/hdl/axi_crossbar_v2_1_vl_rfs.v:794]
INFO: [Synth 8-638] synthesizing module 'generic_baseblocks_v2_1_0_comparator_static' [c:/Avnet/hdl/Projects/fmchc_python1300c/PZ7030_FMC2/fmchc_python1300c.srcs/sources_1/bd/fmchc_python1300c/ipshared/7ee0/hdl/generic_baseblocks_v2_1_vl_rfs.v:2133]
INFO: [Synth 8-638] synthesizing module 'generic_baseblocks_v2_1_0_carry_and' [c:/Avnet/hdl/Projects/fmchc_python1300c/PZ7030_FMC2/fmchc_python1300c.srcs/sources_1/bd/fmchc_python1300c/ipshared/7ee0/hdl/generic_baseblocks_v2_1_vl_rfs.v:62]
INFO: [Synth 8-256] done synthesizing module 'generic_baseblocks_v2_1_0_carry_and' (1#1) [c:/Avnet/hdl/Projects/fmchc_python1300c/PZ7030_FMC2/fmchc_python1300c.srcs/sources_1/bd/fmchc_python1300c/ipshared/7ee0/hdl/generic_baseblocks_v2_1_vl_rfs.v:62]
INFO: [Synth 8-256] done synthesizing module 'generic_baseblocks_v2_1_0_comparator_static' (2#1) [c:/Avnet/hdl/Projects/fmchc_python1300c/PZ7030_FMC2/fmchc_python1300c.srcs/sources_1/bd/fmchc_python1300c/ipshared/7ee0/hdl/generic_baseblocks_v2_1_vl_rfs.v:2133]
INFO: [Synth 8-638] synthesizing module 'generic_baseblocks_v2_1_0_comparator_static__parameterized0' [c:/Avnet/hdl/Projects/fmchc_python1300c/PZ7030_FMC2/fmchc_python1300c.srcs/sources_1/bd/fmchc_python1300c/ipshared/7ee0/hdl/generic_baseblocks_v2_1_vl_rfs.v:2133]
INFO: [Synth 8-256] done synthesizing module 'generic_baseblocks_v2_1_0_comparator_static__parameterized0' (2#1) [c:/Avnet/hdl/Projects/fmchc_python1300c/PZ7030_FMC2/fmchc_python1300c.srcs/sources_1/bd/fmchc_python1300c/ipshared/7ee0/hdl/generic_baseblocks_v2_1_vl_rfs.v:2133]
INFO: [Synth 8-638] synthesizing module 'generic_baseblocks_v2_1_0_comparator_static__parameterized1' [c:/Avnet/hdl/Projects/fmchc_python1300c/PZ7030_FMC2/fmchc_python1300c.srcs/sources_1/bd/fmchc_python1300c/ipshared/7ee0/hdl/generic_baseblocks_v2_1_vl_rfs.v:2133]
INFO: [Synth 8-256] done synthesizing module 'generic_baseblocks_v2_1_0_comparator_static__parameterized1' (2#1) [c:/Avnet/hdl/Projects/fmchc_python1300c/PZ7030_FMC2/fmchc_python1300c.srcs/sources_1/bd/fmchc_python1300c/ipshared/7ee0/hdl/generic_baseblocks_v2_1_vl_rfs.v:2133]
INFO: [Synth 8-638] synthesizing module 'generic_baseblocks_v2_1_0_comparator_static__parameterized2' [c:/Avnet/hdl/Projects/fmchc_python1300c/PZ7030_FMC2/fmchc_python1300c.srcs/sources_1/bd/fmchc_python1300c/ipshared/7ee0/hdl/generic_baseblocks_v2_1_vl_rfs.v:2133]
INFO: [Synth 8-256] done synthesizing module 'generic_baseblocks_v2_1_0_comparator_static__parameterized2' (2#1) [c:/Avnet/hdl/Projects/fmchc_python1300c/PZ7030_FMC2/fmchc_python1300c.srcs/sources_1/bd/fmchc_python1300c/ipshared/7ee0/hdl/generic_baseblocks_v2_1_vl_rfs.v:2133]
INFO: [Synth 8-638] synthesizing module 'generic_baseblocks_v2_1_0_comparator_static__parameterized3' [c:/Avnet/hdl/Projects/fmchc_python1300c/PZ7030_FMC2/fmchc_python1300c.srcs/sources_1/bd/fmchc_python1300c/ipshared/7ee0/hdl/generic_baseblocks_v2_1_vl_rfs.v:2133]
INFO: [Synth 8-256] done synthesizing module 'generic_baseblocks_v2_1_0_comparator_static__parameterized3' (2#1) [c:/Avnet/hdl/Projects/fmchc_python1300c/PZ7030_FMC2/fmchc_python1300c.srcs/sources_1/bd/fmchc_python1300c/ipshared/7ee0/hdl/generic_baseblocks_v2_1_vl_rfs.v:2133]
INFO: [Synth 8-638] synthesizing module 'generic_baseblocks_v2_1_0_comparator_static__parameterized4' [c:/Avnet/hdl/Projects/fmchc_python1300c/PZ7030_FMC2/fmchc_python1300c.srcs/sources_1/bd/fmchc_python1300c/ipshared/7ee0/hdl/generic_baseblocks_v2_1_vl_rfs.v:2133]
INFO: [Synth 8-256] done synthesizing module 'generic_baseblocks_v2_1_0_comparator_static__parameterized4' (2#1) [c:/Avnet/hdl/Projects/fmchc_python1300c/PZ7030_FMC2/fmchc_python1300c.srcs/sources_1/bd/fmchc_python1300c/ipshared/7ee0/hdl/generic_baseblocks_v2_1_vl_rfs.v:2133]
INFO: [Synth 8-638] synthesizing module 'generic_baseblocks_v2_1_0_comparator_static__parameterized5' [c:/Avnet/hdl/Projects/fmchc_python1300c/PZ7030_FMC2/fmchc_python1300c.srcs/sources_1/bd/fmchc_python1300c/ipshared/7ee0/hdl/generic_baseblocks_v2_1_vl_rfs.v:2133]
INFO: [Synth 8-256] done synthesizing module 'generic_baseblocks_v2_1_0_comparator_static__parameterized5' (2#1) [c:/Avnet/hdl/Projects/fmchc_python1300c/PZ7030_FMC2/fmchc_python1300c.srcs/sources_1/bd/fmchc_python1300c/ipshared/7ee0/hdl/generic_baseblocks_v2_1_vl_rfs.v:2133]
INFO: [Synth 8-256] done synthesizing module 'axi_crossbar_v2_1_12_addr_decoder' (3#1) [c:/Avnet/hdl/Projects/fmchc_python1300c/PZ7030_FMC2/fmchc_python1300c.srcs/sources_1/bd/fmchc_python1300c/ipshared/896d/hdl/axi_crossbar_v2_1_vl_rfs.v:794]
INFO: [Synth 8-638] synthesizing module 'axi_crossbar_v2_1_12_decerr_slave' [c:/Avnet/hdl/Projects/fmchc_python1300c/PZ7030_FMC2/fmchc_python1300c.srcs/sources_1/bd/fmchc_python1300c/ipshared/896d/hdl/axi_crossbar_v2_1_vl_rfs.v:3500]
INFO: [Synth 8-256] done synthesizing module 'axi_crossbar_v2_1_12_decerr_slave' (4#1) [c:/Avnet/hdl/Projects/fmchc_python1300c/PZ7030_FMC2/fmchc_python1300c.srcs/sources_1/bd/fmchc_python1300c/ipshared/896d/hdl/axi_crossbar_v2_1_vl_rfs.v:3500]
INFO: [Synth 8-638] synthesizing module 'axi_crossbar_v2_1_12_addr_arbiter_sasd' [c:/Avnet/hdl/Projects/fmchc_python1300c/PZ7030_FMC2/fmchc_python1300c.srcs/sources_1/bd/fmchc_python1300c/ipshared/896d/hdl/axi_crossbar_v2_1_vl_rfs.v:65]
INFO: [Synth 8-256] done synthesizing module 'axi_crossbar_v2_1_12_addr_arbiter_sasd' (5#1) [c:/Avnet/hdl/Projects/fmchc_python1300c/PZ7030_FMC2/fmchc_python1300c.srcs/sources_1/bd/fmchc_python1300c/ipshared/896d/hdl/axi_crossbar_v2_1_vl_rfs.v:65]
INFO: [Synth 8-638] synthesizing module 'axi_crossbar_v2_1_12_splitter' [c:/Avnet/hdl/Projects/fmchc_python1300c/PZ7030_FMC2/fmchc_python1300c.srcs/sources_1/bd/fmchc_python1300c/ipshared/896d/hdl/axi_crossbar_v2_1_vl_rfs.v:4459]
INFO: [Synth 8-256] done synthesizing module 'axi_crossbar_v2_1_12_splitter' (6#1) [c:/Avnet/hdl/Projects/fmchc_python1300c/PZ7030_FMC2/fmchc_python1300c.srcs/sources_1/bd/fmchc_python1300c/ipshared/896d/hdl/axi_crossbar_v2_1_vl_rfs.v:4459]
INFO: [Synth 8-638] synthesizing module 'axi_crossbar_v2_1_12_splitter__parameterized0' [c:/Avnet/hdl/Projects/fmchc_python1300c/PZ7030_FMC2/fmchc_python1300c.srcs/sources_1/bd/fmchc_python1300c/ipshared/896d/hdl/axi_crossbar_v2_1_vl_rfs.v:4459]
INFO: [Synth 8-256] done synthesizing module 'axi_crossbar_v2_1_12_splitter__parameterized0' (6#1) [c:/Avnet/hdl/Projects/fmchc_python1300c/PZ7030_FMC2/fmchc_python1300c.srcs/sources_1/bd/fmchc_python1300c/ipshared/896d/hdl/axi_crossbar_v2_1_vl_rfs.v:4459]
INFO: [Synth 8-638] synthesizing module 'generic_baseblocks_v2_1_0_mux_enc' [c:/Avnet/hdl/Projects/fmchc_python1300c/PZ7030_FMC2/fmchc_python1300c.srcs/sources_1/bd/fmchc_python1300c/ipshared/7ee0/hdl/generic_baseblocks_v2_1_vl_rfs.v:2452]
INFO: [Synth 8-256] done synthesizing module 'generic_baseblocks_v2_1_0_mux_enc' (7#1) [c:/Avnet/hdl/Projects/fmchc_python1300c/PZ7030_FMC2/fmchc_python1300c.srcs/sources_1/bd/fmchc_python1300c/ipshared/7ee0/hdl/generic_baseblocks_v2_1_vl_rfs.v:2452]
INFO: [Synth 8-638] synthesizing module 'generic_baseblocks_v2_1_0_mux_enc__parameterized0' [c:/Avnet/hdl/Projects/fmchc_python1300c/PZ7030_FMC2/fmchc_python1300c.srcs/sources_1/bd/fmchc_python1300c/ipshared/7ee0/hdl/generic_baseblocks_v2_1_vl_rfs.v:2452]
INFO: [Synth 8-256] done synthesizing module 'generic_baseblocks_v2_1_0_mux_enc__parameterized0' (7#1) [c:/Avnet/hdl/Projects/fmchc_python1300c/PZ7030_FMC2/fmchc_python1300c.srcs/sources_1/bd/fmchc_python1300c/ipshared/7ee0/hdl/generic_baseblocks_v2_1_vl_rfs.v:2452]
INFO: [Synth 8-638] synthesizing module 'generic_baseblocks_v2_1_0_mux_enc__parameterized1' [c:/Avnet/hdl/Projects/fmchc_python1300c/PZ7030_FMC2/fmchc_python1300c.srcs/sources_1/bd/fmchc_python1300c/ipshared/7ee0/hdl/generic_baseblocks_v2_1_vl_rfs.v:2452]
INFO: [Synth 8-256] done synthesizing module 'generic_baseblocks_v2_1_0_mux_enc__parameterized1' (7#1) [c:/Avnet/hdl/Projects/fmchc_python1300c/PZ7030_FMC2/fmchc_python1300c.srcs/sources_1/bd/fmchc_python1300c/ipshared/7ee0/hdl/generic_baseblocks_v2_1_vl_rfs.v:2452]
INFO: [Synth 8-638] synthesizing module 'generic_baseblocks_v2_1_0_mux_enc__parameterized2' [c:/Avnet/hdl/Projects/fmchc_python1300c/PZ7030_FMC2/fmchc_python1300c.srcs/sources_1/bd/fmchc_python1300c/ipshared/7ee0/hdl/generic_baseblocks_v2_1_vl_rfs.v:2452]
INFO: [Synth 8-256] done synthesizing module 'generic_baseblocks_v2_1_0_mux_enc__parameterized2' (7#1) [c:/Avnet/hdl/Projects/fmchc_python1300c/PZ7030_FMC2/fmchc_python1300c.srcs/sources_1/bd/fmchc_python1300c/ipshared/7ee0/hdl/generic_baseblocks_v2_1_vl_rfs.v:2452]
INFO: [Synth 8-638] synthesizing module 'axi_register_slice_v2_1_11_axic_register_slice' [c:/Avnet/hdl/Projects/fmchc_python1300c/PZ7030_FMC2/fmchc_python1300c.srcs/sources_1/bd/fmchc_python1300c/ipshared/0b6b/hdl/axi_register_slice_v2_1_vl_rfs.v:85]
INFO: [Synth 8-256] done synthesizing module 'axi_register_slice_v2_1_11_axic_register_slice' (8#1) [c:/Avnet/hdl/Projects/fmchc_python1300c/PZ7030_FMC2/fmchc_python1300c.srcs/sources_1/bd/fmchc_python1300c/ipshared/0b6b/hdl/axi_register_slice_v2_1_vl_rfs.v:85]
INFO: [Synth 8-638] synthesizing module 'generic_baseblocks_v2_1_0_mux_enc__parameterized3' [c:/Avnet/hdl/Projects/fmchc_python1300c/PZ7030_FMC2/fmchc_python1300c.srcs/sources_1/bd/fmchc_python1300c/ipshared/7ee0/hdl/generic_baseblocks_v2_1_vl_rfs.v:2452]
INFO: [Synth 8-256] done synthesizing module 'generic_baseblocks_v2_1_0_mux_enc__parameterized3' (8#1) [c:/Avnet/hdl/Projects/fmchc_python1300c/PZ7030_FMC2/fmchc_python1300c.srcs/sources_1/bd/fmchc_python1300c/ipshared/7ee0/hdl/generic_baseblocks_v2_1_vl_rfs.v:2452]
INFO: [Synth 8-256] done synthesizing module 'axi_crossbar_v2_1_12_crossbar_sasd' (9#1) [c:/Avnet/hdl/Projects/fmchc_python1300c/PZ7030_FMC2/fmchc_python1300c.srcs/sources_1/bd/fmchc_python1300c/ipshared/896d/hdl/axi_crossbar_v2_1_vl_rfs.v:1240]
INFO: [Synth 8-256] done synthesizing module 'axi_crossbar_v2_1_12_axi_crossbar' (10#1) [c:/Avnet/hdl/Projects/fmchc_python1300c/PZ7030_FMC2/fmchc_python1300c.srcs/sources_1/bd/fmchc_python1300c/ipshared/896d/hdl/axi_crossbar_v2_1_vl_rfs.v:4882]
INFO: [Synth 8-256] done synthesizing module 'fmchc_python1300c_xbar_1' (11#1) [c:/Avnet/hdl/Projects/fmchc_python1300c/PZ7030_FMC2/fmchc_python1300c.srcs/sources_1/bd/fmchc_python1300c/ip/fmchc_python1300c_xbar_1/synth/fmchc_python1300c_xbar_1.v:59]
Finished RTL Elaboration : Time (s): cpu = 00:00:23 ; elapsed = 00:01:08 . Memory (MB): peak = 481.828 ; gain = 270.813
Finished RTL Optimization Phase 1 : Time (s): cpu = 00:00:23 ; elapsed = 00:01:08 . Memory (MB): peak = 481.828 ; gain = 270.813
INFO: [Device 21-403] Loading part xc7z030sbg485-1
Constraint Validation Runtime : Time (s): cpu = 00:00:00 ; elapsed = 00:00:00.103 . Memory (MB): peak = 741.273 ; gain = 0.000
Finished Constraint Validation : Time (s): cpu = 00:00:38 ; elapsed = 00:01:27 . Memory (MB): peak = 741.273 ; gain = 530.258
Finished Loading Part and Timing Information : Time (s): cpu = 00:00:38 ; elapsed = 00:01:27 . Memory (MB): peak = 741.273 ; gain = 530.258
Finished applying 'set_property' XDC Constraints : Time (s): cpu = 00:00:38 ; elapsed = 00:01:27 . Memory (MB): peak = 741.273 ; gain = 530.258
Finished RTL Optimization Phase 2 : Time (s): cpu = 00:00:39 ; elapsed = 00:01:28 . Memory (MB): peak = 741.273 ; gain = 530.258
Finished Cross Boundary and Area Optimization : Time (s): cpu = 00:00:41 ; elapsed = 00:01:31 . Memory (MB): peak = 741.273 ; gain = 530.258
Finished Applying XDC Timing Constraints : Time (s): cpu = 00:00:57 ; elapsed = 00:01:47 . Memory (MB): peak = 741.273 ; gain = 530.258
Finished Timing Optimization : Time (s): cpu = 00:00:59 ; elapsed = 00:01:48 . Memory (MB): peak = 741.273 ; gain = 530.258
Finished Technology Mapping : Time (s): cpu = 00:00:59 ; elapsed = 00:01:48 . Memory (MB): peak = 741.273 ; gain = 530.258
Finished IO Insertion : Time (s): cpu = 00:01:00 ; elapsed = 00:01:49 . Memory (MB): peak = 741.273 ; gain = 530.258
Finished Renaming Generated Instances : Time (s): cpu = 00:01:00 ; elapsed = 00:01:49 . Memory (MB): peak = 741.273 ; gain = 530.258
Finished Rebuilding User Hierarchy : Time (s): cpu = 00:01:00 ; elapsed = 00:01:49 . Memory (MB): peak = 741.273 ; gain = 530.258
Finished Renaming Generated Ports : Time (s): cpu = 00:01:00 ; elapsed = 00:01:49 . Memory (MB): peak = 741.273 ; gain = 530.258
Finished Handling Custom Attributes : Time (s): cpu = 00:01:00 ; elapsed = 00:01:49 . Memory (MB): peak = 741.273 ; gain = 530.258
Finished Renaming Generated Nets : Time (s): cpu = 00:01:00 ; elapsed = 00:01:49 . Memory (MB): peak = 741.273 ; gain = 530.258

Report Cell Usage: 
+------+------+------+
|      |Cell  |Count |
+------+------+------+
|1     |LUT1  |     2|
|2     |LUT2  |    19|
|3     |LUT3  |    43|
|4     |LUT4  |    56|
|5     |LUT5  |    72|
|6     |LUT6  |   104|
|7     |MUXF7 |     5|
|8     |FDRE  |   136|
+------+------+------+
Finished Writing Synthesis Report : Time (s): cpu = 00:01:00 ; elapsed = 00:01:49 . Memory (MB): peak = 741.273 ; gain = 530.258
synth_design: Time (s): cpu = 00:00:55 ; elapsed = 00:01:02 . Memory (MB): peak = 741.273 ; gain = 462.285
