Copyright 1986-2016 Xilinx, Inc. All Rights Reserved.
-------------------------------------------------------------------------------------------------------------------------------------------------------------------------
| Tool Version : Vivado v.2016.4 (win64) Build 1756540 Mon Jan 23 19:11:23 MST 2017
| Date         : Fri Jan 26 15:32:56 2018
| Host         : ESIT044 running 64-bit Service Pack 1  (build 7601)
| Command      : report_utilization -file fmchc_python1300c_onsemi_python_cam_0_0_utilization_synth.rpt -pb fmchc_python1300c_onsemi_python_cam_0_0_utilization_synth.pb
| Design       : fmchc_python1300c_onsemi_python_cam_0_0
| Device       : 7z030sbg485-1
| Design State : Synthesized
-------------------------------------------------------------------------------------------------------------------------------------------------------------------------

Utilization Design Information

Table of Contents
-----------------
1. Slice Logic
1.1 Summary of Registers by Type
2. Memory
3. DSP
4. IO and GT Specific
5. Clocking
6. Specific Feature
7. Primitives
8. Black Boxes
9. Instantiated Netlists

1. Slice Logic
--------------

+----------------------------+------+-------+-----------+-------+
|          Site Type         | Used | Fixed | Available | Util% |
+----------------------------+------+-------+-----------+-------+
| Slice LUTs*                | 3498 |     0 |     78600 |  4.45 |
|   LUT as Logic             | 3452 |     0 |     78600 |  4.39 |
|   LUT as Memory            |   46 |     0 |     26600 |  0.17 |
|     LUT as Distributed RAM |    2 |     0 |           |       |
|     LUT as Shift Register  |   44 |     0 |           |       |
| Slice Registers            | 3949 |     0 |    157200 |  2.51 |
|   Register as Flip Flop    | 3949 |     0 |    157200 |  2.51 |
|   Register as Latch        |    0 |     0 |    157200 |  0.00 |
| F7 Muxes                   |  137 |     0 |     39300 |  0.35 |
| F8 Muxes                   |   10 |     0 |     19650 |  0.05 |
+----------------------------+------+-------+-----------+-------+
* Warning! The Final LUT count, after physical optimizations and full implementation, is typically lower. Run opt_design after synthesis, if not already completed, for a more realistic count.


1.1 Summary of Registers by Type
--------------------------------

+-------+--------------+-------------+--------------+
| Total | Clock Enable | Synchronous | Asynchronous |
+-------+--------------+-------------+--------------+
| 0     |            _ |           - |            - |
| 0     |            _ |           - |          Set |
| 0     |            _ |           - |        Reset |
| 0     |            _ |         Set |            - |
| 0     |            _ |       Reset |            - |
| 0     |          Yes |           - |            - |
| 444   |          Yes |           - |          Set |
| 1165  |          Yes |           - |        Reset |
| 22    |          Yes |         Set |            - |
| 2318  |          Yes |       Reset |            - |
+-------+--------------+-------------+--------------+


2. Memory
---------

+-------------------+------+-------+-----------+-------+
|     Site Type     | Used | Fixed | Available | Util% |
+-------------------+------+-------+-----------+-------+
| Block RAM Tile    | 10.5 |     0 |       265 |  3.96 |
|   RAMB36/FIFO*    |    8 |     0 |       265 |  3.02 |
|     RAMB36E1 only |    8 |       |           |       |
|   RAMB18          |    5 |     0 |       530 |  0.94 |
|     FIFO18E1 only |    5 |       |           |       |
+-------------------+------+-------+-----------+-------+
* Note: Each Block RAM Tile only has one FIFO logic available and therefore can accommodate only one FIFO36E1 or one FIFO18E1. However, if a FIFO18E1 occupies a Block RAM Tile, that tile can still accommodate a RAMB18E1


3. DSP
------

+-----------+------+-------+-----------+-------+
| Site Type | Used | Fixed | Available | Util% |
+-----------+------+-------+-----------+-------+
| DSPs      |    0 |     0 |       400 |  0.00 |
+-----------+------+-------+-----------+-------+


4. IO and GT Specific
---------------------

+-----------------------------+------+-------+-----------+-------+
|          Site Type          | Used | Fixed | Available | Util% |
+-----------------------------+------+-------+-----------+-------+
| Bonded IOB                  |   17 |     0 |       150 | 11.33 |
| Bonded IPADs                |    0 |     0 |        14 |  0.00 |
| Bonded OPADs                |    0 |     0 |         8 |  0.00 |
| Bonded IOPADs               |    0 |     0 |       130 |  0.00 |
| PHY_CONTROL                 |    0 |     0 |         5 |  0.00 |
| PHASER_REF                  |    0 |     0 |         5 |  0.00 |
| OUT_FIFO                    |    0 |     0 |        20 |  0.00 |
| IN_FIFO                     |    0 |     0 |        20 |  0.00 |
| IDELAYCTRL                  |    1 |     0 |         5 | 20.00 |
| IBUFDS                      |    6 |     0 |       144 |  4.17 |
| GTXE2_COMMON                |    0 |     0 |         1 |  0.00 |
| GTXE2_CHANNEL               |    0 |     0 |         4 |  0.00 |
| PHASER_OUT/PHASER_OUT_PHY   |    0 |     0 |        20 |  0.00 |
| PHASER_IN/PHASER_IN_PHY     |    0 |     0 |        20 |  0.00 |
| IDELAYE2/IDELAYE2_FINEDELAY |    5 |     0 |       250 |  2.00 |
|   IDELAYE2 only             |    5 |     0 |           |       |
| ODELAYE2/ODELAYE2_FINEDELAY |    0 |     0 |       150 |  0.00 |
| IBUFDS_GTE2                 |    0 |     0 |         2 |  0.00 |
| ILOGIC                      |   10 |     0 |       150 |  6.67 |
|   ISERDES                   |   10 |       |           |       |
| OLOGIC                      |    2 |     0 |       150 |  1.33 |
|   ODDR                      |    2 |       |           |       |
+-----------------------------+------+-------+-----------+-------+


5. Clocking
-----------

+--------------+------+-------+-----------+-------+
|   Site Type  | Used | Fixed | Available | Util% |
+--------------+------+-------+-----------+-------+
| BUFGCTRL     |    1 |     0 |        32 |  3.13 |
| BUFIO        |    1 |     0 |        20 |  5.00 |
|   BUFIO only |    1 |     0 |           |       |
| MMCME2_ADV   |    0 |     0 |         5 |  0.00 |
| PLLE2_ADV    |    0 |     0 |         5 |  0.00 |
| BUFMRCE      |    0 |     0 |        10 |  0.00 |
| BUFHCE       |    0 |     0 |        96 |  0.00 |
| BUFR         |    2 |     0 |        20 | 10.00 |
+--------------+------+-------+-----------+-------+


6. Specific Feature
-------------------

+-------------+------+-------+-----------+-------+
|  Site Type  | Used | Fixed | Available | Util% |
+-------------+------+-------+-----------+-------+
| BSCANE2     |    0 |     0 |         4 |  0.00 |
| CAPTUREE2   |    0 |     0 |         1 |  0.00 |
| DNA_PORT    |    0 |     0 |         1 |  0.00 |
| EFUSE_USR   |    0 |     0 |         1 |  0.00 |
| FRAME_ECCE2 |    0 |     0 |         1 |  0.00 |
| ICAPE2      |    0 |     0 |         2 |  0.00 |
| PCIE_2_1    |    0 |     0 |         1 |  0.00 |
| STARTUPE2   |    0 |     0 |         1 |  0.00 |
| XADC        |    0 |     0 |         1 |  0.00 |
+-------------+------+-------+-----------+-------+


7. Primitives
-------------

+------------+------+---------------------+
|  Ref Name  | Used | Functional Category |
+------------+------+---------------------+
| FDRE       | 2318 |        Flop & Latch |
| LUT6       | 1334 |                 LUT |
| FDCE       | 1165 |        Flop & Latch |
| LUT2       |  666 |                 LUT |
| LUT1       |  608 |                 LUT |
| LUT4       |  512 |                 LUT |
| LUT5       |  499 |                 LUT |
| FDPE       |  444 |        Flop & Latch |
| LUT3       |  404 |                 LUT |
| CARRY4     |  318 |          CarryLogic |
| MUXF7      |  137 |               MuxFx |
| SRL16E     |   44 |  Distributed Memory |
| FDSE       |   22 |        Flop & Latch |
| MUXF8      |   10 |               MuxFx |
| ISERDESE2  |   10 |                  IO |
| RAMB36E1   |    8 |        Block Memory |
| IBUFDS     |    6 |                  IO |
| OBUFT      |    5 |                  IO |
| IDELAYE2   |    5 |                  IO |
| FIFO18E1   |    5 |        Block Memory |
| RAMD32     |    2 |  Distributed Memory |
| ODDR       |    2 |                  IO |
| BUFR       |    2 |               Clock |
| IDELAYCTRL |    1 |                  IO |
| BUFIO      |    1 |               Clock |
| BUFGCTRL   |    1 |               Clock |
+------------+------+---------------------+


8. Black Boxes
--------------

+----------+------+
| Ref Name | Used |
+----------+------+


9. Instantiated Netlists
------------------------

+----------+------+
| Ref Name | Used |
+----------+------+


