
*** Running vivado
    with args -log fmchc_python1300c_rst_processing_system7_0_76M_0.vds -m64 -product Vivado -mode batch -messageDb vivado.pb -notrace -source fmchc_python1300c_rst_processing_system7_0_76M_0.tcl


****** Vivado v2016.4 (64-bit)
  **** SW Build 1756540 on Mon Jan 23 19:11:23 MST 2017
  **** IP Build 1755317 on Mon Jan 23 20:30:07 MST 2017
    ** Copyright 1986-2016 Xilinx, Inc. All Rights Reserved.

source fmchc_python1300c_rst_processing_system7_0_76M_0.tcl -notrace
Starting RTL Elaboration : Time (s): cpu = 00:00:12 ; elapsed = 00:00:37 . Memory (MB): peak = 350.301 ; gain = 139.098
INFO: [Synth 8-638] synthesizing module 'fmchc_python1300c_rst_processing_system7_0_76M_0' [c:/Avnet/hdl/Projects/fmchc_python1300c/PZ7030_FMC2/fmchc_python1300c.srcs/sources_1/bd/fmchc_python1300c/ip/fmchc_python1300c_rst_processing_system7_0_76M_0/synth/fmchc_python1300c_rst_processing_system7_0_76M_0.vhd:71]
INFO: [Synth 8-638] synthesizing module 'proc_sys_reset' [c:/Avnet/hdl/Projects/fmchc_python1300c/PZ7030_FMC2/fmchc_python1300c.srcs/sources_1/bd/fmchc_python1300c/ipshared/04b4/hdl/proc_sys_reset_v5_0_vh_rfs.vhd:1323]
INFO: [Synth 8-638] synthesizing module 'lpf' [c:/Avnet/hdl/Projects/fmchc_python1300c/PZ7030_FMC2/fmchc_python1300c.srcs/sources_1/bd/fmchc_python1300c/ipshared/04b4/hdl/proc_sys_reset_v5_0_vh_rfs.vhd:816]
INFO: [Synth 8-638] synthesizing module 'SRL16' [C:/Xilinx/Vivado/2016.4/scripts/rt/data/unisim_comp.v:43312]
INFO: [Synth 8-256] done synthesizing module 'SRL16' (1#1) [C:/Xilinx/Vivado/2016.4/scripts/rt/data/unisim_comp.v:43312]
INFO: [Synth 8-638] synthesizing module 'cdc_sync' [c:/Avnet/hdl/Projects/fmchc_python1300c/PZ7030_FMC2/fmchc_python1300c.srcs/sources_1/bd/fmchc_python1300c/ipshared/52cb/hdl/lib_cdc_v1_0_rfs.vhd:106]
INFO: [Synth 8-256] done synthesizing module 'cdc_sync' (2#1) [c:/Avnet/hdl/Projects/fmchc_python1300c/PZ7030_FMC2/fmchc_python1300c.srcs/sources_1/bd/fmchc_python1300c/ipshared/52cb/hdl/lib_cdc_v1_0_rfs.vhd:106]
INFO: [Synth 8-256] done synthesizing module 'lpf' (3#1) [c:/Avnet/hdl/Projects/fmchc_python1300c/PZ7030_FMC2/fmchc_python1300c.srcs/sources_1/bd/fmchc_python1300c/ipshared/04b4/hdl/proc_sys_reset_v5_0_vh_rfs.vhd:816]
INFO: [Synth 8-638] synthesizing module 'sequence_psr' [c:/Avnet/hdl/Projects/fmchc_python1300c/PZ7030_FMC2/fmchc_python1300c.srcs/sources_1/bd/fmchc_python1300c/ipshared/04b4/hdl/proc_sys_reset_v5_0_vh_rfs.vhd:301]
INFO: [Synth 8-638] synthesizing module 'upcnt_n' [c:/Avnet/hdl/Projects/fmchc_python1300c/PZ7030_FMC2/fmchc_python1300c.srcs/sources_1/bd/fmchc_python1300c/ipshared/04b4/hdl/proc_sys_reset_v5_0_vh_rfs.vhd:125]
INFO: [Synth 8-256] done synthesizing module 'upcnt_n' (4#1) [c:/Avnet/hdl/Projects/fmchc_python1300c/PZ7030_FMC2/fmchc_python1300c.srcs/sources_1/bd/fmchc_python1300c/ipshared/04b4/hdl/proc_sys_reset_v5_0_vh_rfs.vhd:125]
INFO: [Synth 8-256] done synthesizing module 'sequence_psr' (5#1) [c:/Avnet/hdl/Projects/fmchc_python1300c/PZ7030_FMC2/fmchc_python1300c.srcs/sources_1/bd/fmchc_python1300c/ipshared/04b4/hdl/proc_sys_reset_v5_0_vh_rfs.vhd:301]
INFO: [Synth 8-256] done synthesizing module 'proc_sys_reset' (6#1) [c:/Avnet/hdl/Projects/fmchc_python1300c/PZ7030_FMC2/fmchc_python1300c.srcs/sources_1/bd/fmchc_python1300c/ipshared/04b4/hdl/proc_sys_reset_v5_0_vh_rfs.vhd:1323]
INFO: [Synth 8-256] done synthesizing module 'fmchc_python1300c_rst_processing_system7_0_76M_0' (7#1) [c:/Avnet/hdl/Projects/fmchc_python1300c/PZ7030_FMC2/fmchc_python1300c.srcs/sources_1/bd/fmchc_python1300c/ip/fmchc_python1300c_rst_processing_system7_0_76M_0/synth/fmchc_python1300c_rst_processing_system7_0_76M_0.vhd:71]
Finished RTL Elaboration : Time (s): cpu = 00:00:13 ; elapsed = 00:00:39 . Memory (MB): peak = 388.445 ; gain = 177.242
Finished RTL Optimization Phase 1 : Time (s): cpu = 00:00:13 ; elapsed = 00:00:40 . Memory (MB): peak = 388.445 ; gain = 177.242
INFO: [Device 21-403] Loading part xc7z030sbg485-1
Constraint Validation Runtime : Time (s): cpu = 00:00:00 ; elapsed = 00:00:00.253 . Memory (MB): peak = 720.035 ; gain = 0.000
Finished Constraint Validation : Time (s): cpu = 00:00:28 ; elapsed = 00:01:02 . Memory (MB): peak = 720.035 ; gain = 508.832
Finished Loading Part and Timing Information : Time (s): cpu = 00:00:28 ; elapsed = 00:01:03 . Memory (MB): peak = 720.035 ; gain = 508.832
Finished applying 'set_property' XDC Constraints : Time (s): cpu = 00:00:28 ; elapsed = 00:01:03 . Memory (MB): peak = 720.035 ; gain = 508.832
Finished RTL Optimization Phase 2 : Time (s): cpu = 00:00:28 ; elapsed = 00:01:03 . Memory (MB): peak = 720.035 ; gain = 508.832
Finished Cross Boundary and Area Optimization : Time (s): cpu = 00:00:29 ; elapsed = 00:01:04 . Memory (MB): peak = 720.035 ; gain = 508.832
Finished Applying XDC Timing Constraints : Time (s): cpu = 00:00:45 ; elapsed = 00:01:19 . Memory (MB): peak = 720.035 ; gain = 508.832
Finished Timing Optimization : Time (s): cpu = 00:00:45 ; elapsed = 00:01:19 . Memory (MB): peak = 720.035 ; gain = 508.832
Finished Technology Mapping : Time (s): cpu = 00:00:45 ; elapsed = 00:01:20 . Memory (MB): peak = 720.035 ; gain = 508.832
Finished IO Insertion : Time (s): cpu = 00:00:45 ; elapsed = 00:01:20 . Memory (MB): peak = 720.035 ; gain = 508.832
Finished Renaming Generated Instances : Time (s): cpu = 00:00:45 ; elapsed = 00:01:20 . Memory (MB): peak = 720.035 ; gain = 508.832
Finished Rebuilding User Hierarchy : Time (s): cpu = 00:00:45 ; elapsed = 00:01:20 . Memory (MB): peak = 720.035 ; gain = 508.832
Finished Renaming Generated Ports : Time (s): cpu = 00:00:45 ; elapsed = 00:01:20 . Memory (MB): peak = 720.035 ; gain = 508.832
Finished Handling Custom Attributes : Time (s): cpu = 00:00:46 ; elapsed = 00:01:20 . Memory (MB): peak = 720.035 ; gain = 508.832
Finished Renaming Generated Nets : Time (s): cpu = 00:00:46 ; elapsed = 00:01:20 . Memory (MB): peak = 720.035 ; gain = 508.832

Report Cell Usage: 
+------+------+------+
|      |Cell  |Count |
+------+------+------+
|1     |LUT1  |     5|
|2     |LUT2  |     9|
|3     |LUT3  |     1|
|4     |LUT4  |     6|
|5     |LUT5  |     3|
|6     |LUT6  |     1|
|7     |SRL16 |     1|
|8     |FDR   |     8|
|9     |FDRE  |    28|
|10    |FDSE  |     4|
+------+------+------+
Finished Writing Synthesis Report : Time (s): cpu = 00:00:46 ; elapsed = 00:01:20 . Memory (MB): peak = 720.035 ; gain = 508.832
synth_design: Time (s): cpu = 00:00:42 ; elapsed = 00:00:56 . Memory (MB): peak = 720.035 ; gain = 449.414
