Copyright 1986-2016 Xilinx, Inc. All Rights Reserved.
-------------------------------------------------------------------------------------------------------
| Tool Version : Vivado v.2016.4 (win64) Build 1756540 Mon Jan 23 19:11:23 MST 2017
| Date         : Fri Jan 26 15:42:26 2018
| Host         : ESIT044 running 64-bit Service Pack 1  (build 7601)
| Command      : report_clock_utilization -file fmchc_python1300c_wrapper_clock_utilization_routed.rpt
| Design       : fmchc_python1300c_wrapper
| Device       : 7z030-sbg485
| Speed File   : -1  PRODUCTION 1.11 2014-09-11
-------------------------------------------------------------------------------------------------------

Clock Utilization Report

Table of Contents
-----------------
1. Clock Primitive Utilization
2. Global Clock Resources
3. Global Clock Source Details
4. Clock Regions: Key Resource Utilization
5. Clock Regions : Global Clock Summary
6. Cell Type Counts per Global Clock: Region X0Y0
7. Cell Type Counts per Global Clock: Region X1Y0
8. Cell Type Counts per Global Clock: Region X0Y1
9. Cell Type Counts per Global Clock: Region X1Y1
10. Cell Type Counts per Global Clock: Region X0Y2
11. Cell Type Counts per Global Clock: Region X1Y2
12. Cell Type Counts per Global Clock: Region X0Y3
13. Cell Type Counts per Global Clock: Region X1Y3
14. Load Cell Placement Summary for Global Clock g0
15. Load Cell Placement Summary for Global Clock g1
16. Load Cell Placement Summary for Global Clock g2
17. Load Cell Placement Summary for Global Clock g3
18. Load Cell Placement Summary for Global Clock g4
19. Load Cell Placement Summary for Global Clock g5
20. Load Cell Placement Summary for Global Clock g6
21. Load Cell Placement Summary for Global Clock g7
22. Load Cell Placement Summary for Global Clock g8

1. Clock Primitive Utilization
------------------------------

+----------+------+-----------+-----+--------------+--------+
| Type     | Used | Available | LOC | Clock Region | Pblock |
+----------+------+-----------+-----+--------------+--------+
| BUFGCTRL |    6 |        32 |   0 |            0 |      0 |
| BUFH     |    0 |        96 |   0 |            0 |      0 |
| BUFIO    |    2 |        20 |   2 |            0 |      0 |
| BUFMR    |    0 |        10 |   0 |            0 |      0 |
| BUFR     |    3 |        20 |   0 |            0 |      0 |
| MMCM     |    1 |         5 |   0 |            0 |      0 |
| PLL      |    0 |         5 |   0 |            0 |      0 |
+----------+------+-----------+-----+--------------+--------+


2. Global Clock Resources
-------------------------

+-----------+-----------+-----------------+------------+----------------+--------------+------+-------------------+-------------------+-------------+-----------------+--------------+-----------------------------------------------------------------------------------------------------+---------------------------------------------------------------------------------------------------------------------------------------------------------------------------------------------------------------------------------------------+-----------------------------------------------------------------------------------------------------------------------------------------------------------------+
| Global Id | Source Id | Driver Type/Pin | Constraint | Site           | Clock Region | Root | Clock Delay Group | Load Clock Region | Clock Loads | Non-Clock Loads | Clock Period | Clock                                                                                               | Driver Pin                                                                                                                                                                                                                                  | Net                                                                                                                                                             |
+-----------+-----------+-----------------+------------+----------------+--------------+------+-------------------+-------------------+-------------+-----------------+--------------+-----------------------------------------------------------------------------------------------------+---------------------------------------------------------------------------------------------------------------------------------------------------------------------------------------------------------------------------------------------+-----------------------------------------------------------------------------------------------------------------------------------------------------------------+
| g0        | src0      | BUFG/O          | None       | BUFGCTRL_X0Y16 | n/a          |      |                   |                 8 |       19043 |               0 |        7.000 | clk_fpga_1                                                                                          | fmchc_python1300c_i/processing_system7_0/inst/buffer_fclk_clk_1.FCLK_CLK_1_BUFG/O                                                                                                                                                           | fmchc_python1300c_i/processing_system7_0/inst/FCLK_CLK1                                                                                                         |
| g1        | src0      | BUFG/O          | None       | BUFGCTRL_X0Y17 | n/a          |      |                   |                 7 |        4120 |               0 |       12.999 | clk_fpga_0                                                                                          | fmchc_python1300c_i/processing_system7_0/inst/buffer_fclk_clk_0.FCLK_CLK_0_BUFG/O                                                                                                                                                           | fmchc_python1300c_i/processing_system7_0/inst/FCLK_CLK0                                                                                                         |
| g2        | src1      | BUFR/O          | None       | BUFR_X1Y13     | X1Y3         |      |                   |                 1 |        1951 |               0 |       37.015 | vita_clk_1                                                                                          | fmchc_python1300c_i/onsemi_python_cam_0/U0/onsemi_vita_cam_v3_1_S00_AXI_inst/vita_clk_div4_l/O                                                                                                                                              | fmchc_python1300c_i/onsemi_python_cam_0/U0/onsemi_vita_cam_v3_1_S00_AXI_inst/vita_clk                                                                           |
| g3        | src2      | BUFG/O          | None       | BUFGCTRL_X0Y18 | n/a          |      |                   |                 3 |         430 |               0 |        6.730 | clk_out1_fmchc_python1300c_clk_wiz_0_0_1                                                            | fmchc_python1300c_i/clk_wiz_0/inst/clkout1_buf/O                                                                                                                                                                                            | fmchc_python1300c_i/clk_wiz_0/inst/clk_out1                                                                                                                     |
| g4        | src2      | BUFG/O          | None       | BUFGCTRL_X0Y20 | n/a          |      |                   |                 4 |         297 |               1 |        9.254 | clk_out2_fmchc_python1300c_clk_wiz_0_0_1                                                            | fmchc_python1300c_i/clk_wiz_0/inst/clkout2_buf/O                                                                                                                                                                                            | fmchc_python1300c_i/clk_wiz_0/inst/clk_out2                                                                                                                     |
| g5        | src3      | BUFR/O          | None       | BUFR_X1Y9      | X1Y2         |      |                   |                 1 |         245 |               0 |        6.730 | hdmii_clk                                                                                           | fmchc_python1300c_i/avnet_hdmi_in_0/U0/regional_clocking_bufr.BUFR_HDMI_CLK/O                                                                                                                                                               | fmchc_python1300c_i/avnet_hdmi_in_0/U0/hdmii_clk                                                                                                                |
| g6        | src4      | BUFR/O          | None       | BUFR_X1Y12     | X1Y3         |      |                   |                 1 |         170 |               0 |       18.515 | onsemi_vita_cam_v3_1_S00_AXI_inst/onsemi_vita_cam_core_inst/vita_iserdes_v5.vita_iserdes/CLKDIV_c_0 | fmchc_python1300c_i/onsemi_python_cam_0/U0/onsemi_vita_cam_v3_1_S00_AXI_inst/onsemi_vita_cam_core_inst/vita_iserdes_v5.vita_iserdes/serdesclockgen[0].ic/gen_no_ls_clk_in.gen_regional_hs_clk_in.gen_multiplier_5.BUFR_regional_hs_clk_in/O | fmchc_python1300c_i/onsemi_python_cam_0/U0/onsemi_vita_cam_v3_1_S00_AXI_inst/onsemi_vita_cam_core_inst/vita_iserdes_v5.vita_iserdes/serdesclockgen[0].ic/CLKDIV |
| g7        | src2      | BUFG/O          | None       | BUFGCTRL_X0Y21 | n/a          |      |                   |                 1 |           1 |               0 |        6.730 | clkfbout_fmchc_python1300c_clk_wiz_0_0_1                                                            | fmchc_python1300c_i/clk_wiz_0/inst/clkf_buf/O                                                                                                                                                                                               | fmchc_python1300c_i/clk_wiz_0/inst/clkfbout_buf_fmchc_python1300c_clk_wiz_0_0                                                                                   |
| g8        | src0      | BUFG/O          | None       | BUFGCTRL_X0Y19 | n/a          |      |                   |                 1 |           1 |               0 |        5.000 | clk_fpga_2                                                                                          | fmchc_python1300c_i/processing_system7_0/inst/buffer_fclk_clk_2.FCLK_CLK_2_BUFG/O                                                                                                                                                           | fmchc_python1300c_i/processing_system7_0/inst/FCLK_CLK2                                                                                                         |
+-----------+-----------+-----------------+------------+----------------+--------------+------+-------------------+-------------------+-------------+-----------------+--------------+-----------------------------------------------------------------------------------------------------+---------------------------------------------------------------------------------------------------------------------------------------------------------------------------------------------------------------------------------------------+-----------------------------------------------------------------------------------------------------------------------------------------------------------------+
* Clock Loads column represents the clock pin loads (pin count)
** Non-Clock Loads column represents the non-clock pin loads (pin count)


3. Global Clock Source Details
------------------------------

+-----------+-----------+---------------------+------------+-----------------+--------------+-------------+-----------------+---------------------+------------------------------------------+---------------------------------------------------------------------------------------------------------------------------------------------------------------------------------------------------------+------------------------------------------------------------------------------------------------------------------------------------------------------------------+
| Source Id | Global Id | Driver Type/Pin     | Constraint | Site            | Clock Region | Clock Loads | Non-Clock Loads | Source Clock Period | Source Clock                             | Driver Pin                                                                                                                                                                                              | Net                                                                                                                                                              |
+-----------+-----------+---------------------+------------+-----------------+--------------+-------------+-----------------+---------------------+------------------------------------------+---------------------------------------------------------------------------------------------------------------------------------------------------------------------------------------------------------+------------------------------------------------------------------------------------------------------------------------------------------------------------------+
| src0      | g1        | PS7/FCLKCLK[0]      | PS7_X0Y0   | PS7_X0Y0        | X0Y3         |           1 |               0 |              12.999 | clk_fpga_0                               | fmchc_python1300c_i/processing_system7_0/inst/PS7_i/FCLKCLK[0]                                                                                                                                          | fmchc_python1300c_i/processing_system7_0/inst/FCLK_CLK_unbuffered[0]                                                                                             |
| src0      | g0        | PS7/FCLKCLK[1]      | PS7_X0Y0   | PS7_X0Y0        | X0Y3         |           1 |               0 |               7.000 | clk_fpga_1                               | fmchc_python1300c_i/processing_system7_0/inst/PS7_i/FCLKCLK[1]                                                                                                                                          | fmchc_python1300c_i/processing_system7_0/inst/FCLK_CLK_unbuffered[1]                                                                                             |
| src0      | g8        | PS7/FCLKCLK[2]      | PS7_X0Y0   | PS7_X0Y0        | X0Y3         |           1 |               0 |               5.000 | clk_fpga_2                               | fmchc_python1300c_i/processing_system7_0/inst/PS7_i/FCLKCLK[2]                                                                                                                                          | fmchc_python1300c_i/processing_system7_0/inst/FCLK_CLK_unbuffered[2]                                                                                             |
| src1      | g2        | BUFG/O              | None       | BUFGCTRL_X0Y20  | n/a          |         298 |               0 |               9.254 | clk_out2_fmchc_python1300c_clk_wiz_0_0_1 | fmchc_python1300c_i/clk_wiz_0/inst/clkout2_buf/O                                                                                                                                                        | fmchc_python1300c_i/clk_wiz_0/inst/clk_out2                                                                                                                      |
| src2      | g3        | MMCME2_ADV/CLKOUT0  | None       | MMCME2_ADV_X1Y3 | X1Y3         |           1 |               0 |               6.730 | clk_out1_fmchc_python1300c_clk_wiz_0_0_1 | fmchc_python1300c_i/clk_wiz_0/inst/mmcm_adv_inst/CLKOUT0                                                                                                                                                | fmchc_python1300c_i/clk_wiz_0/inst/clk_out1_fmchc_python1300c_clk_wiz_0_0                                                                                        |
| src2      | g4        | MMCME2_ADV/CLKOUT1  | None       | MMCME2_ADV_X1Y3 | X1Y3         |           1 |               0 |               9.254 | clk_out2_fmchc_python1300c_clk_wiz_0_0_1 | fmchc_python1300c_i/clk_wiz_0/inst/mmcm_adv_inst/CLKOUT1                                                                                                                                                | fmchc_python1300c_i/clk_wiz_0/inst/clk_out2_fmchc_python1300c_clk_wiz_0_0                                                                                        |
| src2      | g7        | MMCME2_ADV/CLKFBOUT | None       | MMCME2_ADV_X1Y3 | X1Y3         |           1 |               0 |               6.730 | clkfbout_fmchc_python1300c_clk_wiz_0_0_1 | fmchc_python1300c_i/clk_wiz_0/inst/mmcm_adv_inst/CLKFBOUT                                                                                                                                               | fmchc_python1300c_i/clk_wiz_0/inst/clkfbout_fmchc_python1300c_clk_wiz_0_0                                                                                        |
| src3      | g5,       | IBUF/O              | IOB_X1Y126 | IOB_X1Y126      | X1Y2         |           2 |               0 |               6.730 | hdmii_clk                                | IO_HDMII_clk_IBUF_inst/O                                                                                                                                                                                | IO_HDMII_clk_IBUF                                                                                                                                                |
| src4      | g6,       | IBUFDS/O            | IOB_X1Y174 | IOB_X1Y174      | X1Y3         |           2 |               0 |               3.703 | vita_ser_clk                             | fmchc_python1300c_i/onsemi_python_cam_0/U0/onsemi_vita_cam_v3_1_S00_AXI_inst/onsemi_vita_cam_core_inst/vita_iserdes_v5.vita_iserdes/serdesclockgen[0].ic/gen_hs_clk_in.gen_diff_hs_clk_in.IBUFDS_inst/O | fmchc_python1300c_i/onsemi_python_cam_0/U0/onsemi_vita_cam_v3_1_S00_AXI_inst/onsemi_vita_cam_core_inst/vita_iserdes_v5.vita_iserdes/serdesclockgen[0].ic/hsinclk |
+-----------+-----------+---------------------+------------+-----------------+--------------+-------------+-----------------+---------------------+------------------------------------------+---------------------------------------------------------------------------------------------------------------------------------------------------------------------------------------------------------+------------------------------------------------------------------------------------------------------------------------------------------------------------------+
* Clock Loads column represents the clock pin loads (pin count)
** Non-Clock Loads column represents the non-clock pin loads (pin count)


4. Clock Regions: Key Resource Utilization
------------------------------------------

+-------------------+--------------+--------------+--------------+--------------+--------------+--------------+--------------+--------------+--------------+--------------+--------------+--------------+--------------+--------------+--------------+
|                   | Global Clock |     BUFRs    |    BUFMRs    |    BUFIOs    |     MMCM     |      PLL     |      GT      |      PCI     |    ILOGIC    |    OLOGIC    |      FF      |     LUTM     |    RAMB18    |    RAMB36    |    DSP48E2   |
+-------------------+------+-------+------+-------+------+-------+------+-------+------+-------+------+-------+------+-------+------+-------+------+-------+------+-------+------+-------+------+-------+------+-------+------+-------+------+-------+
| Clock Region Name | Used | Avail | Used | Avail | Used | Avail | Used | Avail | Used | Avail | Used | Avail | Used | Avail | Used | Avail | Used | Avail | Used | Avail | Used | Avail | Used | Avail | Used | Avail | Used | Avail | Used | Avail |
+-------------------+------+-------+------+-------+------+-------+------+-------+------+-------+------+-------+------+-------+------+-------+------+-------+------+-------+------+-------+------+-------+------+-------+------+-------+------+-------+
| X0Y0              |    2 |    12 |    0 |     4 |    0 |     2 |    0 |     4 |    0 |     1 |    0 |     1 |    0 |     0 |    0 |     0 |    0 |    50 |    0 |    50 |  361 |  2900 |  163 |  1200 |    0 |    80 |    9 |    40 |    0 |    80 |
| X1Y0              |    1 |    12 |    0 |     0 |    0 |     0 |    0 |     0 |    0 |     0 |    0 |     0 |    0 |     4 |    0 |     1 |    0 |     0 |    0 |     0 |  538 |  2550 |  124 |   650 |    0 |    50 |    0 |    25 |    2 |    40 |
| X0Y1              |    2 |    12 |    0 |     4 |    0 |     2 |    0 |     4 |    0 |     1 |    0 |     1 |    0 |     0 |    0 |     0 |    0 |    50 |    0 |    50 | 7496 |  2900 | 3570 |  1200 |    0 |    80 |   13 |    40 |    4 |    80 |
| X1Y1              |    3 |    12 |    0 |     4 |    0 |     2 |    0 |     4 |    0 |     1 |    0 |     1 |    0 |     0 |    0 |     0 |    0 |    50 |    0 |    50 | 5463 |  3100 | 1785 |   800 |    1 |    80 |    7 |    40 |   10 |    40 |
| X0Y2              |    4 |    12 |    0 |     0 |    0 |     0 |    0 |     0 |    0 |     0 |    0 |     0 |    0 |     0 |    0 |     0 |    0 |     0 |    0 |     0 | 3341 |  1600 | 1351 |   600 |    0 |    40 |    3 |    20 |    0 |    40 |
| X1Y2              |    6 |    12 |    1 |     4 |    0 |     2 |    1 |     4 |    0 |     1 |    0 |     1 |    0 |     0 |    0 |     0 |   17 |    50 |   19 |    50 | 1637 |  2500 |  585 |   800 |    0 |    80 |    4 |    40 |    0 |    40 |
| X0Y3              |    3 |    12 |    0 |     0 |    0 |     0 |    0 |     0 |    0 |     0 |    0 |     0 |    0 |     0 |    0 |     0 |    0 |     0 |    0 |     0 | 3371 |  1600 | 1371 |   600 |    1 |    40 |   11 |    20 |    3 |    40 |
| X1Y3              |    8 |    12 |    2 |     4 |    0 |     2 |    1 |     4 |    1 |     1 |    0 |     1 |    0 |     0 |    0 |     0 |   10 |    50 |    2 |    50 | 2458 |  2500 |  806 |   800 |    0 |    80 |   12 |    40 |    0 |    40 |
+-------------------+------+-------+------+-------+------+-------+------+-------+------+-------+------+-------+------+-------+------+-------+------+-------+------+-------+------+-------+------+-------+------+-------+------+-------+------+-------+
* Global Clock column represents track count; while other columns represents cell counts


5. Clock Regions : Global Clock Summary
---------------------------------------

+----+----+----+
|    | X0 | X1 |
+----+----+----+
| Y3 |  3 |  8 |
| Y2 |  4 |  6 |
| Y1 |  2 |  3 |
| Y0 |  2 |  1 |
+----+----+----+


6. Cell Type Counts per Global Clock: Region X0Y0
-------------------------------------------------

+-----------+-------+-----------------+------------+-------------+-----------------+-----+--------+------+-----+----+------+-----+---------+---------------------------------------------------------+
| Global Id | Track | Driver Type/Pin | Constraint | Clock Loads | Non-Clock Loads | FF  | LUTRAM | RAMB | DSP | GT | MMCM | PLL | Hard IP | Net                                                     |
+-----------+-------+-----------------+------------+-------------+-----------------+-----+--------+------+-----+----+------+-----+---------+---------------------------------------------------------+
| g0        | n/a   | BUFG/O          | None       |         342 |               0 | 333 |      0 |    9 |   0 |  0 |    0 |   0 |       0 | fmchc_python1300c_i/processing_system7_0/inst/FCLK_CLK1 |
| g1        | n/a   | BUFG/O          | None       |          28 |               0 |  28 |      0 |    0 |   0 |  0 |    0 |   0 |       0 | fmchc_python1300c_i/processing_system7_0/inst/FCLK_CLK0 |
+-----------+-------+-----------------+------------+-------------+-----------------+-----+--------+------+-----+----+------+-----+---------+---------------------------------------------------------+
* Clock Loads column represents the clock pin loads (pin count)
** Non-Clock Loads column represents the non-clock pin loads (pin count)
*** Columns FF, LUTRAM, RAMB through 'Hard IP' represents load cell counts


7. Cell Type Counts per Global Clock: Region X1Y0
-------------------------------------------------

+-----------+-------+-----------------+------------+-------------+-----------------+-----+--------+------+-----+----+------+-----+---------+---------------------------------------------------------+
| Global Id | Track | Driver Type/Pin | Constraint | Clock Loads | Non-Clock Loads | FF  | LUTRAM | RAMB | DSP | GT | MMCM | PLL | Hard IP | Net                                                     |
+-----------+-------+-----------------+------------+-------------+-----------------+-----+--------+------+-----+----+------+-----+---------+---------------------------------------------------------+
| g0        | n/a   | BUFG/O          | None       |         547 |               0 | 538 |      7 |    0 |   2 |  0 |    0 |   0 |       0 | fmchc_python1300c_i/processing_system7_0/inst/FCLK_CLK1 |
+-----------+-------+-----------------+------------+-------------+-----------------+-----+--------+------+-----+----+------+-----+---------+---------------------------------------------------------+
* Clock Loads column represents the clock pin loads (pin count)
** Non-Clock Loads column represents the non-clock pin loads (pin count)
*** Columns FF, LUTRAM, RAMB through 'Hard IP' represents load cell counts


8. Cell Type Counts per Global Clock: Region X0Y1
-------------------------------------------------

+-----------+-------+-----------------+------------+-------------+-----------------+------+--------+------+-----+----+------+-----+---------+---------------------------------------------------------+
| Global Id | Track | Driver Type/Pin | Constraint | Clock Loads | Non-Clock Loads | FF   | LUTRAM | RAMB | DSP | GT | MMCM | PLL | Hard IP | Net                                                     |
+-----------+-------+-----------------+------------+-------------+-----------------+------+--------+------+-----+----+------+-----+---------+---------------------------------------------------------+
| g0        | n/a   | BUFG/O          | None       |        7643 |               0 | 7033 |    592 |   13 |   4 |  0 |    0 |   0 |       0 | fmchc_python1300c_i/processing_system7_0/inst/FCLK_CLK1 |
| g1        | n/a   | BUFG/O          | None       |         463 |               0 |  463 |      0 |    0 |   0 |  0 |    0 |   0 |       0 | fmchc_python1300c_i/processing_system7_0/inst/FCLK_CLK0 |
+-----------+-------+-----------------+------------+-------------+-----------------+------+--------+------+-----+----+------+-----+---------+---------------------------------------------------------+
* Clock Loads column represents the clock pin loads (pin count)
** Non-Clock Loads column represents the non-clock pin loads (pin count)
*** Columns FF, LUTRAM, RAMB through 'Hard IP' represents load cell counts


9. Cell Type Counts per Global Clock: Region X1Y1
-------------------------------------------------

+-----------+-------+-----------------+------------+-------------+-----------------+------+--------+------+-----+----+------+-----+---------+---------------------------------------------------------+
| Global Id | Track | Driver Type/Pin | Constraint | Clock Loads | Non-Clock Loads | FF   | LUTRAM | RAMB | DSP | GT | MMCM | PLL | Hard IP | Net                                                     |
+-----------+-------+-----------------+------------+-------------+-----------------+------+--------+------+-----+----+------+-----+---------+---------------------------------------------------------+
| g0        | n/a   | BUFG/O          | None       |        5450 |               0 | 5040 |    390 |    8 |  10 |  0 |    0 |   0 |       0 | fmchc_python1300c_i/processing_system7_0/inst/FCLK_CLK1 |
| g1        | n/a   | BUFG/O          | None       |          71 |               0 |   71 |      0 |    0 |   0 |  0 |    0 |   0 |       0 | fmchc_python1300c_i/processing_system7_0/inst/FCLK_CLK0 |
| g3        | n/a   | BUFG/O          | None       |         372 |               0 |  352 |     19 |    1 |   0 |  0 |    0 |   0 |       0 | fmchc_python1300c_i/clk_wiz_0/inst/clk_out1             |
+-----------+-------+-----------------+------------+-------------+-----------------+------+--------+------+-----+----+------+-----+---------+---------------------------------------------------------+
* Clock Loads column represents the clock pin loads (pin count)
** Non-Clock Loads column represents the non-clock pin loads (pin count)
*** Columns FF, LUTRAM, RAMB through 'Hard IP' represents load cell counts


10. Cell Type Counts per Global Clock: Region X0Y2
--------------------------------------------------

+-----------+-------+-----------------+------------+-------------+-----------------+------+--------+------+-----+----+------+-----+---------+---------------------------------------------------------+
| Global Id | Track | Driver Type/Pin | Constraint | Clock Loads | Non-Clock Loads | FF   | LUTRAM | RAMB | DSP | GT | MMCM | PLL | Hard IP | Net                                                     |
+-----------+-------+-----------------+------------+-------------+-----------------+------+--------+------+-----+----+------+-----+---------+---------------------------------------------------------+
| g0        | n/a   | BUFG/O          | None       |         810 |               0 |  795 |     12 |    3 |   0 |  0 |    0 |   0 |       0 | fmchc_python1300c_i/processing_system7_0/inst/FCLK_CLK1 |
| g1        | n/a   | BUFG/O          | None       |        2559 |               0 | 2469 |     90 |    0 |   0 |  0 |    0 |   0 |       0 | fmchc_python1300c_i/processing_system7_0/inst/FCLK_CLK0 |
| g3        | n/a   | BUFG/O          | None       |          27 |               0 |   26 |      1 |    0 |   0 |  0 |    0 |   0 |       0 | fmchc_python1300c_i/clk_wiz_0/inst/clk_out1             |
| g4        | n/a   | BUFG/O          | None       |          51 |               0 |   51 |      0 |    0 |   0 |  0 |    0 |   0 |       0 | fmchc_python1300c_i/clk_wiz_0/inst/clk_out2             |
+-----------+-------+-----------------+------------+-------------+-----------------+------+--------+------+-----+----+------+-----+---------+---------------------------------------------------------+
* Clock Loads column represents the clock pin loads (pin count)
** Non-Clock Loads column represents the non-clock pin loads (pin count)
*** Columns FF, LUTRAM, RAMB through 'Hard IP' represents load cell counts


11. Cell Type Counts per Global Clock: Region X1Y2
--------------------------------------------------

+-----------+-------+-----------------+------------+-------------+-----------------+-----+--------+------+-----+----+------+-----+---------+---------------------------------------------------------+
| Global Id | Track | Driver Type/Pin | Constraint | Clock Loads | Non-Clock Loads | FF  | LUTRAM | RAMB | DSP | GT | MMCM | PLL | Hard IP | Net                                                     |
+-----------+-------+-----------------+------------+-------------+-----------------+-----+--------+------+-----+----+------+-----+---------+---------------------------------------------------------+
| g0        | n/a   | BUFG/O          | None       |         783 |               0 | 744 |     34 |    4 |   0 |  0 |    0 |   0 |       0 | fmchc_python1300c_i/processing_system7_0/inst/FCLK_CLK1 |
| g1        | n/a   | BUFG/O          | None       |         449 |               0 | 449 |      0 |    0 |   0 |  0 |    0 |   0 |       0 | fmchc_python1300c_i/processing_system7_0/inst/FCLK_CLK0 |
| g3        | n/a   | BUFG/O          | None       |          31 |               0 |  22 |      7 |    0 |   0 |  0 |    0 |   0 |       0 | fmchc_python1300c_i/clk_wiz_0/inst/clk_out1             |
| g4        | n/a   | BUFG/O          | None       |         163 |               0 | 162 |      0 |    0 |   0 |  0 |    0 |   0 |       0 | fmchc_python1300c_i/clk_wiz_0/inst/clk_out2             |
| g5        | n/a   | BUFR/O          | None       |         245 |               0 | 243 |      1 |    1 |   0 |  0 |    0 |   0 |       0 | fmchc_python1300c_i/avnet_hdmi_in_0/U0/hdmii_clk        |
+-----------+-------+-----------------+------------+-------------+-----------------+-----+--------+------+-----+----+------+-----+---------+---------------------------------------------------------+
* Clock Loads column represents the clock pin loads (pin count)
** Non-Clock Loads column represents the non-clock pin loads (pin count)
*** Columns FF, LUTRAM, RAMB through 'Hard IP' represents load cell counts


12. Cell Type Counts per Global Clock: Region X0Y3
--------------------------------------------------

+-----------+-------+-----------------+------------+-------------+-----------------+------+--------+------+-----+----+------+-----+---------+---------------------------------------------------------+
| Global Id | Track | Driver Type/Pin | Constraint | Clock Loads | Non-Clock Loads | FF   | LUTRAM | RAMB | DSP | GT | MMCM | PLL | Hard IP | Net                                                     |
+-----------+-------+-----------------+------------+-------------+-----------------+------+--------+------+-----+----+------+-----+---------+---------------------------------------------------------+
| g0        | n/a   | BUFG/O          | None       |        3113 |               0 | 2927 |    167 |   12 |   3 |  0 |    0 |   0 |       0 | fmchc_python1300c_i/processing_system7_0/inst/FCLK_CLK1 |
| g1        | n/a   | BUFG/O          | None       |         417 |               0 |  416 |      0 |    0 |   0 |  0 |    0 |   0 |       0 | fmchc_python1300c_i/processing_system7_0/inst/FCLK_CLK0 |
| g4        | n/a   | BUFG/O          | None       |          28 |               0 |   28 |      0 |    0 |   0 |  0 |    0 |   0 |       0 | fmchc_python1300c_i/clk_wiz_0/inst/clk_out2             |
+-----------+-------+-----------------+------------+-------------+-----------------+------+--------+------+-----+----+------+-----+---------+---------------------------------------------------------+
* Clock Loads column represents the clock pin loads (pin count)
** Non-Clock Loads column represents the non-clock pin loads (pin count)
*** Columns FF, LUTRAM, RAMB through 'Hard IP' represents load cell counts


13. Cell Type Counts per Global Clock: Region X1Y3
--------------------------------------------------

+-----------+-------+-----------------+------------+-------------+-----------------+------+--------+------+-----+----+------+-----+---------+-----------------------------------------------------------------------------------------------------------------------------------------------------------------+
| Global Id | Track | Driver Type/Pin | Constraint | Clock Loads | Non-Clock Loads | FF   | LUTRAM | RAMB | DSP | GT | MMCM | PLL | Hard IP | Net                                                                                                                                                             |
+-----------+-------+-----------------+------------+-------------+-----------------+------+--------+------+-----+----+------+-----+---------+-----------------------------------------------------------------------------------------------------------------------------------------------------------------+
| g0        | n/a   | BUFG/O          | None       |         248 |               0 |  240 |      0 |    8 |   0 |  0 |    0 |   0 |       0 | fmchc_python1300c_i/processing_system7_0/inst/FCLK_CLK1                                                                                                         |
| g1        | n/a   | BUFG/O          | None       |         121 |               0 |  121 |      0 |    0 |   0 |  0 |    0 |   0 |       0 | fmchc_python1300c_i/processing_system7_0/inst/FCLK_CLK0                                                                                                         |
| g2        | n/a   | BUFR/O          | None       |        1951 |               0 | 1898 |     42 |    4 |   0 |  0 |    0 |   0 |       0 | fmchc_python1300c_i/onsemi_python_cam_0/U0/onsemi_vita_cam_v3_1_S00_AXI_inst/vita_clk                                                                           |
| g4        | n/a   | BUFG/O          | None       |          55 |               1 |   49 |      2 |    4 |   0 |  0 |    0 |   0 |       0 | fmchc_python1300c_i/clk_wiz_0/inst/clk_out2                                                                                                                     |
| g6        | n/a   | BUFR/O          | None       |         170 |               0 |  150 |      0 |    0 |   0 |  0 |    0 |   0 |       0 | fmchc_python1300c_i/onsemi_python_cam_0/U0/onsemi_vita_cam_v3_1_S00_AXI_inst/onsemi_vita_cam_core_inst/vita_iserdes_v5.vita_iserdes/serdesclockgen[0].ic/CLKDIV |
| g7        | n/a   | BUFG/O          | None       |           1 |               0 |    0 |      0 |    0 |   0 |  0 |    1 |   0 |       0 | fmchc_python1300c_i/clk_wiz_0/inst/clkfbout_buf_fmchc_python1300c_clk_wiz_0_0                                                                                   |
| g8        | n/a   | BUFG/O          | None       |           1 |               0 |    0 |      0 |    0 |   0 |  0 |    0 |   0 |       0 | fmchc_python1300c_i/processing_system7_0/inst/FCLK_CLK2                                                                                                         |
+-----------+-------+-----------------+------------+-------------+-----------------+------+--------+------+-----+----+------+-----+---------+-----------------------------------------------------------------------------------------------------------------------------------------------------------------+
* Clock Loads column represents the clock pin loads (pin count)
** Non-Clock Loads column represents the non-clock pin loads (pin count)
*** Columns FF, LUTRAM, RAMB through 'Hard IP' represents load cell counts


14. Load Cell Placement Summary for Global Clock g0
---------------------------------------------------

+-----------+-----------------+-------------------+------------+-------------+---------------+----------+-------------+----------+----------------+----------+---------------------------------------------------------+
| Global Id | Driver Type/Pin | Driver Region (D) | Clock      | Period (ns) | Waveform (ns) | Root (R) | Slice Loads | IO Loads | Clocking Loads | GT Loads | Net                                                     |
+-----------+-----------------+-------------------+------------+-------------+---------------+----------+-------------+----------+----------------+----------+---------------------------------------------------------+
| g0        | BUFG/O          | n/a               | clk_fpga_1 |       7.000 | {0.000 3.500} |          |       18936 |        0 |              0 |        0 | fmchc_python1300c_i/processing_system7_0/inst/FCLK_CLK1 |
+-----------+-----------------+-------------------+------------+-------------+---------------+----------+-------------+----------+----------------+----------+---------------------------------------------------------+
* Slice Loads column represents load cell count of all cell types other than IO, GT and clock resources
** IO Loads column represents load cell count of IO types
*** Clocking Loads column represents load cell count that are clock resources (global clock buffer, MMCM, PLL, etc)
**** GT Loads column represents load cell count of GT types


+----+-------+-------+
|    | X0    | X1    |
+----+-------+-------+
| Y3 |  3113 |   248 |
| Y2 |   810 |   783 |
| Y1 |  7643 |  5450 |
| Y0 |   342 |   547 |
+----+-------+-------+


15. Load Cell Placement Summary for Global Clock g1
---------------------------------------------------

+-----------+-----------------+-------------------+------------+-------------+---------------+----------+-------------+----------+----------------+----------+---------------------------------------------------------+
| Global Id | Driver Type/Pin | Driver Region (D) | Clock      | Period (ns) | Waveform (ns) | Root (R) | Slice Loads | IO Loads | Clocking Loads | GT Loads | Net                                                     |
+-----------+-----------------+-------------------+------------+-------------+---------------+----------+-------------+----------+----------------+----------+---------------------------------------------------------+
| g1        | BUFG/O          | n/a               | clk_fpga_0 |      12.999 | {0.000 6.499} |          |        4108 |        0 |              0 |        0 | fmchc_python1300c_i/processing_system7_0/inst/FCLK_CLK0 |
+-----------+-----------------+-------------------+------------+-------------+---------------+----------+-------------+----------+----------------+----------+---------------------------------------------------------+
* Slice Loads column represents load cell count of all cell types other than IO, GT and clock resources
** IO Loads column represents load cell count of IO types
*** Clocking Loads column represents load cell count that are clock resources (global clock buffer, MMCM, PLL, etc)
**** GT Loads column represents load cell count of GT types


+----+-------+------+
|    | X0    | X1   |
+----+-------+------+
| Y3 |   417 |  121 |
| Y2 |  2559 |  449 |
| Y1 |   463 |   71 |
| Y0 |    28 |    0 |
+----+-------+------+


16. Load Cell Placement Summary for Global Clock g2
---------------------------------------------------

+-----------+-----------------+-------------------+------------+-------------+----------------+----------+-------------+----------+----------------+----------+---------------------------------------------------------------------------------------+
| Global Id | Driver Type/Pin | Driver Region (D) | Clock      | Period (ns) | Waveform (ns)  | Root (R) | Slice Loads | IO Loads | Clocking Loads | GT Loads | Net                                                                                   |
+-----------+-----------------+-------------------+------------+-------------+----------------+----------+-------------+----------+----------------+----------+---------------------------------------------------------------------------------------+
| g2        | BUFR/O          | X1Y3              | vita_clk_1 |      37.015 | {0.000 18.507} |          |        1951 |        0 |              0 |        0 | fmchc_python1300c_i/onsemi_python_cam_0/U0/onsemi_vita_cam_v3_1_S00_AXI_inst/vita_clk |
+-----------+-----------------+-------------------+------------+-------------+----------------+----------+-------------+----------+----------------+----------+---------------------------------------------------------------------------------------+
* Slice Loads column represents load cell count of all cell types other than IO, GT and clock resources
** IO Loads column represents load cell count of IO types
*** Clocking Loads column represents load cell count that are clock resources (global clock buffer, MMCM, PLL, etc)
**** GT Loads column represents load cell count of GT types


+----+----+-----------+
|    | X0 | X1        |
+----+----+-----------+
| Y3 |  0 |  (D) 1951 |
| Y2 |  0 |         0 |
| Y1 |  0 |         0 |
| Y0 |  0 |         0 |
+----+----+-----------+


17. Load Cell Placement Summary for Global Clock g3
---------------------------------------------------

+-----------+-----------------+-------------------+------------------------------------------+-------------+---------------+----------+-------------+----------+----------------+----------+---------------------------------------------+
| Global Id | Driver Type/Pin | Driver Region (D) | Clock                                    | Period (ns) | Waveform (ns) | Root (R) | Slice Loads | IO Loads | Clocking Loads | GT Loads | Net                                         |
+-----------+-----------------+-------------------+------------------------------------------+-------------+---------------+----------+-------------+----------+----------------+----------+---------------------------------------------+
| g3        | BUFG/O          | n/a               | clk_out1_fmchc_python1300c_clk_wiz_0_0_1 |       6.730 | {0.000 3.365} |          |         430 |        0 |              0 |        0 | fmchc_python1300c_i/clk_wiz_0/inst/clk_out1 |
+-----------+-----------------+-------------------+------------------------------------------+-------------+---------------+----------+-------------+----------+----------------+----------+---------------------------------------------+
* Slice Loads column represents load cell count of all cell types other than IO, GT and clock resources
** IO Loads column represents load cell count of IO types
*** Clocking Loads column represents load cell count that are clock resources (global clock buffer, MMCM, PLL, etc)
**** GT Loads column represents load cell count of GT types


+----+-----+------+
|    | X0  | X1   |
+----+-----+------+
| Y3 |   0 |    0 |
| Y2 |  27 |   31 |
| Y1 |   0 |  372 |
| Y0 |   0 |    0 |
+----+-----+------+


18. Load Cell Placement Summary for Global Clock g4
---------------------------------------------------

+-----------+-----------------+-------------------+------------------------------------------+-------------+---------------+----------+-------------+----------+----------------+----------+---------------------------------------------+
| Global Id | Driver Type/Pin | Driver Region (D) | Clock                                    | Period (ns) | Waveform (ns) | Root (R) | Slice Loads | IO Loads | Clocking Loads | GT Loads | Net                                         |
+-----------+-----------------+-------------------+------------------------------------------+-------------+---------------+----------+-------------+----------+----------------+----------+---------------------------------------------+
| g4        | BUFG/O          | n/a               | clk_out2_fmchc_python1300c_clk_wiz_0_0_1 |       9.254 | {0.000 4.627} |          |         297 |        0 |              1 |        0 | fmchc_python1300c_i/clk_wiz_0/inst/clk_out2 |
+-----------+-----------------+-------------------+------------------------------------------+-------------+---------------+----------+-------------+----------+----------------+----------+---------------------------------------------+
* Slice Loads column represents load cell count of all cell types other than IO, GT and clock resources
** IO Loads column represents load cell count of IO types
*** Clocking Loads column represents load cell count that are clock resources (global clock buffer, MMCM, PLL, etc)
**** GT Loads column represents load cell count of GT types


+----+-----+------+
|    | X0  | X1   |
+----+-----+------+
| Y3 |  28 |   56 |
| Y2 |  51 |  163 |
| Y1 |   0 |    0 |
| Y0 |   0 |    0 |
+----+-----+------+


19. Load Cell Placement Summary for Global Clock g5
---------------------------------------------------

+-----------+-----------------+-------------------+-----------+-------------+---------------+----------+-------------+----------+----------------+----------+--------------------------------------------------+
| Global Id | Driver Type/Pin | Driver Region (D) | Clock     | Period (ns) | Waveform (ns) | Root (R) | Slice Loads | IO Loads | Clocking Loads | GT Loads | Net                                              |
+-----------+-----------------+-------------------+-----------+-------------+---------------+----------+-------------+----------+----------------+----------+--------------------------------------------------+
| g5        | BUFR/O          | X1Y2              | hdmii_clk |       6.730 | {0.000 3.365} |          |         245 |        0 |              0 |        0 | fmchc_python1300c_i/avnet_hdmi_in_0/U0/hdmii_clk |
+-----------+-----------------+-------------------+-----------+-------------+---------------+----------+-------------+----------+----------------+----------+--------------------------------------------------+
* Slice Loads column represents load cell count of all cell types other than IO, GT and clock resources
** IO Loads column represents load cell count of IO types
*** Clocking Loads column represents load cell count that are clock resources (global clock buffer, MMCM, PLL, etc)
**** GT Loads column represents load cell count of GT types


+----+----+----------+
|    | X0 | X1       |
+----+----+----------+
| Y3 |  0 |        0 |
| Y2 |  0 |  (D) 245 |
| Y1 |  0 |        0 |
| Y0 |  0 |        0 |
+----+----+----------+


20. Load Cell Placement Summary for Global Clock g6
---------------------------------------------------

+-----------+-----------------+-------------------+-----------------------------------------------------------------------------------------------------+-------------+---------------+----------+-------------+----------+----------------+----------+-----------------------------------------------------------------------------------------------------------------------------------------------------------------+
| Global Id | Driver Type/Pin | Driver Region (D) | Clock                                                                                               | Period (ns) | Waveform (ns) | Root (R) | Slice Loads | IO Loads | Clocking Loads | GT Loads | Net                                                                                                                                                             |
+-----------+-----------------+-------------------+-----------------------------------------------------------------------------------------------------+-------------+---------------+----------+-------------+----------+----------------+----------+-----------------------------------------------------------------------------------------------------------------------------------------------------------------+
| g6        | BUFR/O          | X1Y3              | onsemi_vita_cam_v3_1_S00_AXI_inst/onsemi_vita_cam_core_inst/vita_iserdes_v5.vita_iserdes/CLKDIV_c_0 |      18.515 | {0.000 7.406} |          |         160 |       10 |              0 |        0 | fmchc_python1300c_i/onsemi_python_cam_0/U0/onsemi_vita_cam_v3_1_S00_AXI_inst/onsemi_vita_cam_core_inst/vita_iserdes_v5.vita_iserdes/serdesclockgen[0].ic/CLKDIV |
+-----------+-----------------+-------------------+-----------------------------------------------------------------------------------------------------+-------------+---------------+----------+-------------+----------+----------------+----------+-----------------------------------------------------------------------------------------------------------------------------------------------------------------+
* Slice Loads column represents load cell count of all cell types other than IO, GT and clock resources
** IO Loads column represents load cell count of IO types
*** Clocking Loads column represents load cell count that are clock resources (global clock buffer, MMCM, PLL, etc)
**** GT Loads column represents load cell count of GT types


+----+----+----------+
|    | X0 | X1       |
+----+----+----------+
| Y3 |  0 |  (D) 170 |
| Y2 |  0 |        0 |
| Y1 |  0 |        0 |
| Y0 |  0 |        0 |
+----+----+----------+


21. Load Cell Placement Summary for Global Clock g7
---------------------------------------------------

+-----------+-----------------+-------------------+------------------------------------------+-------------+---------------+----------+-------------+----------+----------------+----------+-------------------------------------------------------------------------------+
| Global Id | Driver Type/Pin | Driver Region (D) | Clock                                    | Period (ns) | Waveform (ns) | Root (R) | Slice Loads | IO Loads | Clocking Loads | GT Loads | Net                                                                           |
+-----------+-----------------+-------------------+------------------------------------------+-------------+---------------+----------+-------------+----------+----------------+----------+-------------------------------------------------------------------------------+
| g7        | BUFG/O          | n/a               | clkfbout_fmchc_python1300c_clk_wiz_0_0_1 |       6.730 | {0.000 3.365} |          |           0 |        0 |              1 |        0 | fmchc_python1300c_i/clk_wiz_0/inst/clkfbout_buf_fmchc_python1300c_clk_wiz_0_0 |
+-----------+-----------------+-------------------+------------------------------------------+-------------+---------------+----------+-------------+----------+----------------+----------+-------------------------------------------------------------------------------+
* Slice Loads column represents load cell count of all cell types other than IO, GT and clock resources
** IO Loads column represents load cell count of IO types
*** Clocking Loads column represents load cell count that are clock resources (global clock buffer, MMCM, PLL, etc)
**** GT Loads column represents load cell count of GT types


+----+----+----+
|    | X0 | X1 |
+----+----+----+
| Y3 |  0 |  1 |
| Y2 |  0 |  0 |
| Y1 |  0 |  0 |
| Y0 |  0 |  0 |
+----+----+----+


22. Load Cell Placement Summary for Global Clock g8
---------------------------------------------------

+-----------+-----------------+-------------------+------------+-------------+---------------+----------+-------------+----------+----------------+----------+---------------------------------------------------------+
| Global Id | Driver Type/Pin | Driver Region (D) | Clock      | Period (ns) | Waveform (ns) | Root (R) | Slice Loads | IO Loads | Clocking Loads | GT Loads | Net                                                     |
+-----------+-----------------+-------------------+------------+-------------+---------------+----------+-------------+----------+----------------+----------+---------------------------------------------------------+
| g8        | BUFG/O          | n/a               | clk_fpga_2 |       5.000 | {0.000 2.500} |          |           1 |        0 |              0 |        0 | fmchc_python1300c_i/processing_system7_0/inst/FCLK_CLK2 |
+-----------+-----------------+-------------------+------------+-------------+---------------+----------+-------------+----------+----------------+----------+---------------------------------------------------------+
* Slice Loads column represents load cell count of all cell types other than IO, GT and clock resources
** IO Loads column represents load cell count of IO types
*** Clocking Loads column represents load cell count that are clock resources (global clock buffer, MMCM, PLL, etc)
**** GT Loads column represents load cell count of GT types


+----+----+----+
|    | X0 | X1 |
+----+----+----+
| Y3 |  0 |  1 |
| Y2 |  0 |  0 |
| Y1 |  0 |  0 |
| Y0 |  0 |  0 |
+----+----+----+



# Location of BUFG Primitives 
set_property LOC BUFGCTRL_X0Y19 [get_cells fmchc_python1300c_i/processing_system7_0/inst/buffer_fclk_clk_2.FCLK_CLK_2_BUFG]
set_property LOC BUFGCTRL_X0Y16 [get_cells fmchc_python1300c_i/processing_system7_0/inst/buffer_fclk_clk_1.FCLK_CLK_1_BUFG]
set_property LOC BUFGCTRL_X0Y17 [get_cells fmchc_python1300c_i/processing_system7_0/inst/buffer_fclk_clk_0.FCLK_CLK_0_BUFG]
set_property LOC BUFGCTRL_X0Y21 [get_cells fmchc_python1300c_i/clk_wiz_0/inst/clkf_buf]
set_property LOC BUFGCTRL_X0Y20 [get_cells fmchc_python1300c_i/clk_wiz_0/inst/clkout2_buf]
set_property LOC BUFGCTRL_X0Y18 [get_cells fmchc_python1300c_i/clk_wiz_0/inst/clkout1_buf]

# Location of BUFIO Primitives 
set_property LOC BUFIO_X1Y13 [get_cells fmchc_python1300c_i/onsemi_python_cam_0/U0/onsemi_vita_cam_v3_1_S00_AXI_inst/onsemi_vita_cam_core_inst/vita_iserdes_v5.vita_iserdes/serdesclockgen[0].ic/gen_hs_clk_in.gen_regional_hs_clk_in.BUFIO_regional_hs_clk_in]
set_property LOC BUFIO_X1Y10 [get_cells fmchc_python1300c_i/avnet_hdmi_in_0/U0/regional_clocking_bufr.BUFIO_HDMI_CLK]

# Location of BUFR Primitives 
set_property LOC BUFR_X1Y13 [get_cells fmchc_python1300c_i/onsemi_python_cam_0/U0/onsemi_vita_cam_v3_1_S00_AXI_inst/vita_clk_div4_l]
set_property LOC BUFR_X1Y12 [get_cells fmchc_python1300c_i/onsemi_python_cam_0/U0/onsemi_vita_cam_v3_1_S00_AXI_inst/onsemi_vita_cam_core_inst/vita_iserdes_v5.vita_iserdes/serdesclockgen[0].ic/gen_no_ls_clk_in.gen_regional_hs_clk_in.gen_multiplier_5.BUFR_regional_hs_clk_in]
set_property LOC BUFR_X1Y9 [get_cells fmchc_python1300c_i/avnet_hdmi_in_0/U0/regional_clocking_bufr.BUFR_HDMI_CLK]

# Location of IO Primitives which is load of clock spine

# Location of clock ports
set_property LOC IOB_X1Y126 [get_ports IO_HDMII_clk]
set_property LOC IOB_X1Y173 [get_ports IO_PYTHON_CAM_clk_out_n]
set_property LOC IOB_X1Y174 [get_ports IO_PYTHON_CAM_clk_out_p]
set_property LOC IOB_X1Y176 [get_ports fmc_hdmi_cam_vclk]

# Clock net "fmchc_python1300c_i/processing_system7_0/inst/FCLK_CLK2" driven by instance "fmchc_python1300c_i/processing_system7_0/inst/buffer_fclk_clk_2.FCLK_CLK_2_BUFG" located at site "BUFGCTRL_X0Y19"
#startgroup
create_pblock {CLKAG_fmchc_python1300c_i/processing_system7_0/inst/FCLK_CLK2}
add_cells_to_pblock [get_pblocks  {CLKAG_fmchc_python1300c_i/processing_system7_0/inst/FCLK_CLK2}] [get_cells -filter { PRIMITIVE_GROUP != I/O && IS_PRIMITIVE==1 && PRIMITIVE_LEVEL !=INTERNAL } -of_object [get_pins -filter {DIRECTION==IN} -of_objects [get_nets -hierarchical -filter {PARENT=="fmchc_python1300c_i/processing_system7_0/inst/FCLK_CLK2"}]]]
resize_pblock [get_pblocks {CLKAG_fmchc_python1300c_i/processing_system7_0/inst/FCLK_CLK2}] -add {CLOCKREGION_X1Y3:CLOCKREGION_X1Y3}
#endgroup

# Clock net "fmchc_python1300c_i/processing_system7_0/inst/FCLK_CLK1" driven by instance "fmchc_python1300c_i/processing_system7_0/inst/buffer_fclk_clk_1.FCLK_CLK_1_BUFG" located at site "BUFGCTRL_X0Y16"
#startgroup
create_pblock {CLKAG_fmchc_python1300c_i/processing_system7_0/inst/FCLK_CLK1}
add_cells_to_pblock [get_pblocks  {CLKAG_fmchc_python1300c_i/processing_system7_0/inst/FCLK_CLK1}] [get_cells -filter { PRIMITIVE_GROUP != I/O && IS_PRIMITIVE==1 && PRIMITIVE_LEVEL !=INTERNAL } -of_object [get_pins -filter {DIRECTION==IN} -of_objects [get_nets -hierarchical -filter {PARENT=="fmchc_python1300c_i/processing_system7_0/inst/FCLK_CLK1"}]]]
resize_pblock [get_pblocks {CLKAG_fmchc_python1300c_i/processing_system7_0/inst/FCLK_CLK1}] -add {CLOCKREGION_X0Y0:CLOCKREGION_X0Y0 CLOCKREGION_X0Y1:CLOCKREGION_X0Y1 CLOCKREGION_X0Y2:CLOCKREGION_X0Y2 CLOCKREGION_X0Y3:CLOCKREGION_X0Y3 CLOCKREGION_X1Y0:CLOCKREGION_X1Y0 CLOCKREGION_X1Y1:CLOCKREGION_X1Y1 CLOCKREGION_X1Y2:CLOCKREGION_X1Y2 CLOCKREGION_X1Y3:CLOCKREGION_X1Y3}
#endgroup

# Clock net "fmchc_python1300c_i/processing_system7_0/inst/FCLK_CLK0" driven by instance "fmchc_python1300c_i/processing_system7_0/inst/buffer_fclk_clk_0.FCLK_CLK_0_BUFG" located at site "BUFGCTRL_X0Y17"
#startgroup
create_pblock {CLKAG_fmchc_python1300c_i/processing_system7_0/inst/FCLK_CLK0}
add_cells_to_pblock [get_pblocks  {CLKAG_fmchc_python1300c_i/processing_system7_0/inst/FCLK_CLK0}] [get_cells -filter { PRIMITIVE_GROUP != I/O && IS_PRIMITIVE==1 && PRIMITIVE_LEVEL !=INTERNAL } -of_object [get_pins -filter {DIRECTION==IN} -of_objects [get_nets -hierarchical -filter {PARENT=="fmchc_python1300c_i/processing_system7_0/inst/FCLK_CLK0"}]]]
resize_pblock [get_pblocks {CLKAG_fmchc_python1300c_i/processing_system7_0/inst/FCLK_CLK0}] -add {CLOCKREGION_X0Y0:CLOCKREGION_X0Y0 CLOCKREGION_X0Y1:CLOCKREGION_X0Y1 CLOCKREGION_X0Y2:CLOCKREGION_X0Y2 CLOCKREGION_X0Y3:CLOCKREGION_X0Y3 CLOCKREGION_X1Y1:CLOCKREGION_X1Y1 CLOCKREGION_X1Y2:CLOCKREGION_X1Y2 CLOCKREGION_X1Y3:CLOCKREGION_X1Y3}
#endgroup

# Clock net "fmchc_python1300c_i/onsemi_python_cam_0/U0/onsemi_vita_cam_v3_1_S00_AXI_inst/vita_clk" driven by instance "fmchc_python1300c_i/onsemi_python_cam_0/U0/onsemi_vita_cam_v3_1_S00_AXI_inst/vita_clk_div4_l" located at site "BUFR_X1Y13"
#startgroup
create_pblock {CLKAG_fmchc_python1300c_i/onsemi_python_cam_0/U0/onsemi_vita_cam_v3_1_S00_AXI_inst/vita_clk}
add_cells_to_pblock [get_pblocks  {CLKAG_fmchc_python1300c_i/onsemi_python_cam_0/U0/onsemi_vita_cam_v3_1_S00_AXI_inst/vita_clk}] [get_cells -filter { PRIMITIVE_GROUP != I/O && IS_PRIMITIVE==1 && PRIMITIVE_LEVEL !=INTERNAL } -of_object [get_pins -filter {DIRECTION==IN} -of_objects [get_nets -hierarchical -filter {PARENT=="fmchc_python1300c_i/onsemi_python_cam_0/U0/onsemi_vita_cam_v3_1_S00_AXI_inst/vita_clk"}]]]
resize_pblock [get_pblocks {CLKAG_fmchc_python1300c_i/onsemi_python_cam_0/U0/onsemi_vita_cam_v3_1_S00_AXI_inst/vita_clk}] -add {CLOCKREGION_X1Y3:CLOCKREGION_X1Y3}
#endgroup

# Clock net "fmchc_python1300c_i/onsemi_python_cam_0/U0/onsemi_vita_cam_v3_1_S00_AXI_inst/onsemi_vita_cam_core_inst/vita_iserdes_v5.vita_iserdes/serdesclockgen[0].ic/CLKDIV" driven by instance "fmchc_python1300c_i/onsemi_python_cam_0/U0/onsemi_vita_cam_v3_1_S00_AXI_inst/onsemi_vita_cam_core_inst/vita_iserdes_v5.vita_iserdes/serdesclockgen[0].ic/gen_no_ls_clk_in.gen_regional_hs_clk_in.gen_multiplier_5.BUFR_regional_hs_clk_in" located at site "BUFR_X1Y12"
#startgroup
create_pblock {CLKAG_fmchc_python1300c_i/onsemi_python_cam_0/U0/onsemi_vita_cam_v3_1_S00_AXI_inst/onsemi_vita_cam_core_inst/vita_iserdes_v5.vita_iserdes/serdesclockgen[0].ic/CLKDIV}
add_cells_to_pblock [get_pblocks  {CLKAG_fmchc_python1300c_i/onsemi_python_cam_0/U0/onsemi_vita_cam_v3_1_S00_AXI_inst/onsemi_vita_cam_core_inst/vita_iserdes_v5.vita_iserdes/serdesclockgen[0].ic/CLKDIV}] [get_cells -filter { PRIMITIVE_GROUP != I/O && IS_PRIMITIVE==1 && PRIMITIVE_LEVEL !=INTERNAL } -of_object [get_pins -filter {DIRECTION==IN} -of_objects [get_nets -hierarchical -filter {PARENT=="fmchc_python1300c_i/onsemi_python_cam_0/U0/onsemi_vita_cam_v3_1_S00_AXI_inst/onsemi_vita_cam_core_inst/vita_iserdes_v5.vita_iserdes/serdesclockgen[0].ic/CLKDIV"}]]]
resize_pblock [get_pblocks {CLKAG_fmchc_python1300c_i/onsemi_python_cam_0/U0/onsemi_vita_cam_v3_1_S00_AXI_inst/onsemi_vita_cam_core_inst/vita_iserdes_v5.vita_iserdes/serdesclockgen[0].ic/CLKDIV}] -add {CLOCKREGION_X1Y3:CLOCKREGION_X1Y3}
#endgroup

# Clock net "fmchc_python1300c_i/clk_wiz_0/inst/clk_out2" driven by instance "fmchc_python1300c_i/clk_wiz_0/inst/clkout2_buf" located at site "BUFGCTRL_X0Y20"
#startgroup
create_pblock {CLKAG_fmchc_python1300c_i/clk_wiz_0/inst/clk_out2}
add_cells_to_pblock [get_pblocks  {CLKAG_fmchc_python1300c_i/clk_wiz_0/inst/clk_out2}] [get_cells -filter { PRIMITIVE_GROUP != I/O && IS_PRIMITIVE==1 && PRIMITIVE_LEVEL !=INTERNAL && NAME!=fmchc_python1300c_i/onsemi_python_cam_0/U0/onsemi_vita_cam_v3_1_S00_AXI_inst/vita_clk_div4_l} -of_object [get_pins -filter {DIRECTION==IN} -of_objects [get_nets -hierarchical -filter {PARENT=="fmchc_python1300c_i/clk_wiz_0/inst/clk_out2"}]]]
resize_pblock [get_pblocks {CLKAG_fmchc_python1300c_i/clk_wiz_0/inst/clk_out2}] -add {CLOCKREGION_X0Y2:CLOCKREGION_X0Y2 CLOCKREGION_X0Y3:CLOCKREGION_X0Y3 CLOCKREGION_X1Y2:CLOCKREGION_X1Y2 CLOCKREGION_X1Y3:CLOCKREGION_X1Y3}
#endgroup

# Clock net "fmchc_python1300c_i/clk_wiz_0/inst/clk_out1" driven by instance "fmchc_python1300c_i/clk_wiz_0/inst/clkout1_buf" located at site "BUFGCTRL_X0Y18"
#startgroup
create_pblock {CLKAG_fmchc_python1300c_i/clk_wiz_0/inst/clk_out1}
add_cells_to_pblock [get_pblocks  {CLKAG_fmchc_python1300c_i/clk_wiz_0/inst/clk_out1}] [get_cells -filter { PRIMITIVE_GROUP != I/O && IS_PRIMITIVE==1 && PRIMITIVE_LEVEL !=INTERNAL } -of_object [get_pins -filter {DIRECTION==IN} -of_objects [get_nets -hierarchical -filter {PARENT=="fmchc_python1300c_i/clk_wiz_0/inst/clk_out1"}]]]
resize_pblock [get_pblocks {CLKAG_fmchc_python1300c_i/clk_wiz_0/inst/clk_out1}] -add {CLOCKREGION_X0Y2:CLOCKREGION_X0Y2 CLOCKREGION_X1Y1:CLOCKREGION_X1Y1 CLOCKREGION_X1Y2:CLOCKREGION_X1Y2}
#endgroup

# Clock net "fmchc_python1300c_i/avnet_hdmi_in_0/U0/hdmii_clk" driven by instance "fmchc_python1300c_i/avnet_hdmi_in_0/U0/regional_clocking_bufr.BUFR_HDMI_CLK" located at site "BUFR_X1Y9"
#startgroup
create_pblock {CLKAG_fmchc_python1300c_i/avnet_hdmi_in_0/U0/hdmii_clk}
add_cells_to_pblock [get_pblocks  {CLKAG_fmchc_python1300c_i/avnet_hdmi_in_0/U0/hdmii_clk}] [get_cells -filter { PRIMITIVE_GROUP != I/O && IS_PRIMITIVE==1 && PRIMITIVE_LEVEL !=INTERNAL } -of_object [get_pins -filter {DIRECTION==IN} -of_objects [get_nets -hierarchical -filter {PARENT=="fmchc_python1300c_i/avnet_hdmi_in_0/U0/hdmii_clk"}]]]
resize_pblock [get_pblocks {CLKAG_fmchc_python1300c_i/avnet_hdmi_in_0/U0/hdmii_clk}] -add {CLOCKREGION_X1Y2:CLOCKREGION_X1Y2}
#endgroup
